[ 2015-10-19T10:54:04+08:00 ] 127.0.0.1 /sdibt_jsj/Public/img/btn-overlay.png
INFO: [ app_init ] --START--
INFO: Run Behavior\BuildLiteBehavior [ RunTime:0.000042s ]
INFO: [ app_init ] --END-- [ RunTime:0.001034s ]
ERR: 无法加载模块:Public

[ 2015-10-19T10:54:04+08:00 ] 127.0.0.1 /sdibt_jsj/Public/images/logo_index.png
INFO: [ app_init ] --START--
INFO: Run Behavior\BuildLiteBehavior [ RunTime:0.000051s ]
INFO: [ app_init ] --END-- [ RunTime:0.001034s ]
ERR: 无法加载模块:Public

[ 2015-10-19T10:55:51+08:00 ] 127.0.0.1 /sdibt_jsj/Public/images/form_input_long.gif
INFO: [ app_init ] --START--
INFO: Run Behavior\BuildLiteBehavior [ RunTime:0.000025s ]
INFO: [ app_init ] --END-- [ RunTime:0.000678s ]
ERR: 无法加载模块:Public

[ 2015-10-19T11:02:27+08:00 ] 127.0.0.1 /sdibt_jsj/Public/images/form_input_long.gif
INFO: [ app_init ] --START--
INFO: Run Behavior\BuildLiteBehavior [ RunTime:0.000028s ]
INFO: [ app_init ] --END-- [ RunTime:0.000557s ]
ERR: 无法加载模块:Public

[ 2015-10-19T11:02:33+08:00 ] 127.0.0.1 /sdibt_jsj/Public/images/form_input_long.gif
INFO: [ app_init ] --START--
INFO: Run Behavior\BuildLiteBehavior [ RunTime:0.000031s ]
INFO: [ app_init ] --END-- [ RunTime:0.000508s ]
ERR: 无法加载模块:Public

[ 2015-10-19T11:02:42+08:00 ] 127.0.0.1 /sdibt_jsj/Public/images/form_input_long.gif
INFO: [ app_init ] --START--
INFO: Run Behavior\BuildLiteBehavior [ RunTime:0.000028s ]
INFO: [ app_init ] --END-- [ RunTime:0.000489s ]
ERR: 无法加载模块:Public

[ 2015-10-19T11:03:06+08:00 ] 127.0.0.1 /sdibt_jsj/Public/images/form_input_long.gif
INFO: [ app_init ] --START--
INFO: Run Behavior\BuildLiteBehavior [ RunTime:0.000030s ]
INFO: [ app_init ] --END-- [ RunTime:0.000486s ]
ERR: 无法加载模块:Public

[ 2015-10-19T11:05:36+08:00 ] 127.0.0.1 /sdibt_jsj/Public/images/form_input_long.gif
INFO: [ app_init ] --START--
INFO: Run Behavior\BuildLiteBehavior [ RunTime:0.000043s ]
INFO: [ app_init ] --END-- [ RunTime:0.000780s ]
ERR: 无法加载模块:Public

[ 2015-10-19T11:05:38+08:00 ] 127.0.0.1 /sdibt_jsj/Public/images/form_input_long.gif
INFO: [ app_init ] --START--
INFO: Run Behavior\BuildLiteBehavior [ RunTime:0.000048s ]
INFO: [ app_init ] --END-- [ RunTime:0.000866s ]
ERR: 无法加载模块:Public

[ 2015-10-19T11:05:42+08:00 ] 127.0.0.1 /sdibt_jsj/Public/images/form_input_long.gif
INFO: [ app_init ] --START--
INFO: Run Behavior\BuildLiteBehavior [ RunTime:0.000045s ]
INFO: [ app_init ] --END-- [ RunTime:0.000819s ]
ERR: 无法加载模块:Public

[ 2015-10-19T11:05:58+08:00 ] 127.0.0.1 /sdibt_jsj/Public/images/form_input_long.gif
INFO: [ app_init ] --START--
INFO: Run Behavior\BuildLiteBehavior [ RunTime:0.000048s ]
INFO: [ app_init ] --END-- [ RunTime:0.001307s ]
ERR: 无法加载模块:Public

[ 2015-10-19T11:06:31+08:00 ] 127.0.0.1 /sdibt_jsj/Public/images/form_input_long.gif
INFO: [ app_init ] --START--
INFO: Run Behavior\BuildLiteBehavior [ RunTime:0.000047s ]
INFO: [ app_init ] --END-- [ RunTime:0.000939s ]
ERR: 无法加载模块:Public

[ 2015-10-19T11:07:15+08:00 ] 127.0.0.1 /sdibt_jsj/Public/images/form_input_long.gif
INFO: [ app_init ] --START--
INFO: Run Behavior\BuildLiteBehavior [ RunTime:0.000043s ]
INFO: [ app_init ] --END-- [ RunTime:0.000742s ]
ERR: 无法加载模块:Public

[ 2015-10-19T11:09:05+08:00 ] 127.0.0.1 /sdibt_jsj/Public/images/form_input_long.gif
INFO: [ app_init ] --START--
INFO: Run Behavior\BuildLiteBehavior [ RunTime:0.000029s ]
INFO: [ app_init ] --END-- [ RunTime:0.000540s ]
ERR: 无法加载模块:Public

[ 2015-10-19T11:12:26+08:00 ] 127.0.0.1 /sdibt_jsj/Public/images/form_input_long.gif
INFO: [ app_init ] --START--
INFO: Run Behavior\BuildLiteBehavior [ RunTime:0.000030s ]
INFO: [ app_init ] --END-- [ RunTime:0.000576s ]
ERR: 无法加载模块:Public

[ 2015-10-19T11:12:35+08:00 ] 127.0.0.1 /sdibt_jsj/Public/images/form_input_long.gif
INFO: [ app_init ] --START--
INFO: Run Behavior\BuildLiteBehavior [ RunTime:0.000030s ]
INFO: [ app_init ] --END-- [ RunTime:0.000728s ]
ERR: 无法加载模块:Public

[ 2015-10-19T11:12:42+08:00 ] 127.0.0.1 /sdibt_jsj/Public/images/form_input_long.gif
INFO: [ app_init ] --START--
INFO: Run Behavior\BuildLiteBehavior [ RunTime:0.000043s ]
INFO: [ app_init ] --END-- [ RunTime:0.000719s ]
ERR: 无法加载模块:Public

[ 2015-10-19T11:47:16+08:00 ] 127.0.0.1 /sdibt_jsj/Public/images/form_input_long.gif
INFO: [ app_init ] --START--
INFO: Run Behavior\BuildLiteBehavior [ RunTime:0.000048s ]
INFO: [ app_init ] --END-- [ RunTime:0.001060s ]
ERR: 无法加载模块:Public

[ 2015-10-19T11:47:20+08:00 ] 127.0.0.1 /sdibt_jsj/Public/images/form_input_long.gif
INFO: [ app_init ] --START--
INFO: Run Behavior\BuildLiteBehavior [ RunTime:0.000051s ]
INFO: [ app_init ] --END-- [ RunTime:0.000692s ]
ERR: 无法加载模块:Public

[ 2015-10-19T11:47:51+08:00 ] 127.0.0.1 /sdibt_jsj/Public/images/form_input_long.gif
INFO: [ app_init ] --START--
INFO: Run Behavior\BuildLiteBehavior [ RunTime:0.000049s ]
INFO: [ app_init ] --END-- [ RunTime:0.000902s ]
ERR: 无法加载模块:Public

[ 2015-10-19T11:47:57+08:00 ] 127.0.0.1 /sdibt_jsj/Public/images/form_input_long.gif
INFO: [ app_init ] --START--
INFO: Run Behavior\BuildLiteBehavior [ RunTime:0.000046s ]
INFO: [ app_init ] --END-- [ RunTime:0.001394s ]
ERR: 无法加载模块:Public

[ 2015-10-19T11:48:09+08:00 ] 127.0.0.1 /sdibt_jsj/Public/images/form_input_long.gif
INFO: [ app_init ] --START--
INFO: Run Behavior\BuildLiteBehavior [ RunTime:0.000038s ]
INFO: [ app_init ] --END-- [ RunTime:0.000577s ]
ERR: 无法加载模块:Public

[ 2015-10-19T11:48:26+08:00 ] 127.0.0.1 /sdibt_jsj/Public/images/form_input_long.gif
INFO: [ app_init ] --START--
INFO: Run Behavior\BuildLiteBehavior [ RunTime:0.000031s ]
INFO: [ app_init ] --END-- [ RunTime:0.000723s ]
ERR: 无法加载模块:Public

[ 2015-10-19T11:48:31+08:00 ] 127.0.0.1 /sdibt_jsj/Public/images/form_input_long.gif
INFO: [ app_init ] --START--
INFO: Run Behavior\BuildLiteBehavior [ RunTime:0.000027s ]
INFO: [ app_init ] --END-- [ RunTime:0.000505s ]
ERR: 无法加载模块:Public

[ 2015-10-19T11:48:37+08:00 ] 127.0.0.1 /sdibt_jsj/Public/images/form_input_long.gif
INFO: [ app_init ] --START--
INFO: Run Behavior\BuildLiteBehavior [ RunTime:0.000044s ]
INFO: [ app_init ] --END-- [ RunTime:0.001163s ]
ERR: 无法加载模块:Public

[ 2015-10-19T11:48:42+08:00 ] 127.0.0.1 /sdibt_jsj/Public/images/form_input_long.gif
INFO: [ app_init ] --START--
INFO: Run Behavior\BuildLiteBehavior [ RunTime:0.000028s ]
INFO: [ app_init ] --END-- [ RunTime:0.000466s ]
ERR: 无法加载模块:Public

[ 2015-10-19T11:48:46+08:00 ] 127.0.0.1 /sdibt_jsj/Public/images/form_input_long.gif
INFO: [ app_init ] --START--
INFO: Run Behavior\BuildLiteBehavior [ RunTime:0.000048s ]
INFO: [ app_init ] --END-- [ RunTime:0.000773s ]
ERR: 无法加载模块:Public

[ 2015-10-19T11:48:53+08:00 ] 127.0.0.1 /sdibt_jsj/Public/images/form_input_long.gif
INFO: [ app_init ] --START--
INFO: Run Behavior\BuildLiteBehavior [ RunTime:0.000027s ]
INFO: [ app_init ] --END-- [ RunTime:0.000548s ]
ERR: 无法加载模块:Public

[ 2015-10-19T11:49:33+08:00 ] 127.0.0.1 /sdibt_jsj/Public/images/form_input_long.gif
INFO: [ app_init ] --START--
INFO: Run Behavior\BuildLiteBehavior [ RunTime:0.000043s ]
INFO: [ app_init ] --END-- [ RunTime:0.001258s ]
ERR: 无法加载模块:Public

[ 2015-10-19T11:49:38+08:00 ] 127.0.0.1 /sdibt_jsj/Public/images/form_input_long.gif
INFO: [ app_init ] --START--
INFO: Run Behavior\BuildLiteBehavior [ RunTime:0.000030s ]
INFO: [ app_init ] --END-- [ RunTime:0.000562s ]
ERR: 无法加载模块:Public

[ 2015-10-19T11:49:41+08:00 ] 127.0.0.1 /sdibt_jsj/Public/images/form_input_long.gif
INFO: [ app_init ] --START--
INFO: Run Behavior\BuildLiteBehavior [ RunTime:0.000042s ]
INFO: [ app_init ] --END-- [ RunTime:0.000661s ]
ERR: 无法加载模块:Public

[ 2015-10-19T11:49:47+08:00 ] 127.0.0.1 /sdibt_jsj/Public/images/form_input_long.gif
INFO: [ app_init ] --START--
INFO: Run Behavior\BuildLiteBehavior [ RunTime:0.000083s ]
INFO: [ app_init ] --END-- [ RunTime:0.002271s ]
ERR: 无法加载模块:Public

[ 2015-10-19T11:49:56+08:00 ] 127.0.0.1 /sdibt_jsj/Public/images/form_input_long.gif
INFO: [ app_init ] --START--
INFO: Run Behavior\BuildLiteBehavior [ RunTime:0.000063s ]
INFO: [ app_init ] --END-- [ RunTime:0.002491s ]
ERR: 无法加载模块:Public

[ 2015-10-19T11:50:08+08:00 ] 127.0.0.1 /sdibt_jsj/Public/images/form_input_long.gif
INFO: [ app_init ] --START--
INFO: Run Behavior\BuildLiteBehavior [ RunTime:0.000070s ]
INFO: [ app_init ] --END-- [ RunTime:0.001259s ]
ERR: 无法加载模块:Public

[ 2015-10-19T11:51:03+08:00 ] 127.0.0.1 /sdibt_jsj/Public/images/form_input_long.gif
INFO: [ app_init ] --START--
INFO: Run Behavior\BuildLiteBehavior [ RunTime:0.000073s ]
INFO: [ app_init ] --END-- [ RunTime:0.001103s ]
ERR: 无法加载模块:Public

[ 2015-10-19T11:51:05+08:00 ] 127.0.0.1 /sdibt_jsj/Public/images/form_input_long.gif
INFO: [ app_init ] --START--
INFO: Run Behavior\BuildLiteBehavior [ RunTime:0.000043s ]
INFO: [ app_init ] --END-- [ RunTime:0.000672s ]
ERR: 无法加载模块:Public

[ 2015-10-19T11:51:37+08:00 ] 127.0.0.1 /sdibt_jsj/Public/images/form_input_long.gif
INFO: [ app_init ] --START--
INFO: Run Behavior\BuildLiteBehavior [ RunTime:0.000043s ]
INFO: [ app_init ] --END-- [ RunTime:0.002119s ]
ERR: 无法加载模块:Public

[ 2015-10-19T11:51:42+08:00 ] 127.0.0.1 /sdibt_jsj/Public/images/form_input_long.gif
INFO: [ app_init ] --START--
INFO: Run Behavior\BuildLiteBehavior [ RunTime:0.000045s ]
INFO: [ app_init ] --END-- [ RunTime:0.000727s ]
ERR: 无法加载模块:Public

[ 2015-10-19T11:51:52+08:00 ] 127.0.0.1 /sdibt_jsj/Public/images/form_input_long.gif
INFO: [ app_init ] --START--
INFO: Run Behavior\BuildLiteBehavior [ RunTime:0.000061s ]
INFO: [ app_init ] --END-- [ RunTime:0.000847s ]
ERR: 无法加载模块:Public

[ 2015-10-19T11:52:18+08:00 ] 127.0.0.1 /sdibt_jsj/Public/images/logo_index.png
INFO: [ app_init ] --START--
INFO: Run Behavior\BuildLiteBehavior [ RunTime:0.000043s ]
INFO: [ app_init ] --END-- [ RunTime:0.000988s ]
ERR: 无法加载模块:Public

[ 2015-10-19T11:52:22+08:00 ] 127.0.0.1 /sdibt_jsj/Public/img/btn-overlay.png
INFO: [ app_init ] --START--
INFO: Run Behavior\BuildLiteBehavior [ RunTime:0.000037s ]
INFO: [ app_init ] --END-- [ RunTime:0.000589s ]
ERR: 无法加载模块:Public

[ 2015-10-19T11:52:23+08:00 ] 127.0.0.1 /sdibt_jsj/Public/img/btn-overlay.png
INFO: [ app_init ] --START--
INFO: Run Behavior\BuildLiteBehavior [ RunTime:0.000046s ]
INFO: [ app_init ] --END-- [ RunTime:0.000751s ]
ERR: 无法加载模块:Public

[ 2015-10-19T11:52:24+08:00 ] 127.0.0.1 /sdibt_jsj/Public/img/btn-overlay.png
INFO: [ app_init ] --START--
INFO: Run Behavior\BuildLiteBehavior [ RunTime:0.000032s ]
INFO: [ app_init ] --END-- [ RunTime:0.000657s ]
ERR: 无法加载模块:Public

[ 2015-10-19T11:52:34+08:00 ] 127.0.0.1 /sdibt_jsj/Public/img/btn-overlay.png
INFO: [ app_init ] --START--
INFO: Run Behavior\BuildLiteBehavior [ RunTime:0.000050s ]
INFO: [ app_init ] --END-- [ RunTime:0.000925s ]
ERR: 无法加载模块:Public

[ 2015-10-19T11:52:35+08:00 ] 127.0.0.1 /sdibt_jsj/Public/img/btn-overlay.png
INFO: [ app_init ] --START--
INFO: Run Behavior\BuildLiteBehavior [ RunTime:0.000110s ]
INFO: [ app_init ] --END-- [ RunTime:0.001182s ]
ERR: 无法加载模块:Public

[ 2015-10-19T11:52:45+08:00 ] 127.0.0.1 /sdibt_jsj/Public/img/btn-overlay.png
INFO: [ app_init ] --START--
INFO: Run Behavior\BuildLiteBehavior [ RunTime:0.000049s ]
INFO: [ app_init ] --END-- [ RunTime:0.000690s ]
ERR: 无法加载模块:Public

[ 2015-10-19T11:52:46+08:00 ] 127.0.0.1 /sdibt_jsj/Public/images/form_input_long.gif
INFO: [ app_init ] --START--
INFO: Run Behavior\BuildLiteBehavior [ RunTime:0.000027s ]
INFO: [ app_init ] --END-- [ RunTime:0.000533s ]
ERR: 无法加载模块:Public

[ 2015-10-19T11:52:51+08:00 ] 127.0.0.1 /sdibt_jsj/Public/images/form_input_long.gif
INFO: [ app_init ] --START--
INFO: Run Behavior\BuildLiteBehavior [ RunTime:0.000028s ]
INFO: [ app_init ] --END-- [ RunTime:0.000476s ]
ERR: 无法加载模块:Public

[ 2015-10-19T11:54:39+08:00 ] 127.0.0.1 /sdibt_jsj/Public/images/form_input_long.gif
INFO: [ app_init ] --START--
INFO: Run Behavior\BuildLiteBehavior [ RunTime:0.000039s ]
INFO: [ app_init ] --END-- [ RunTime:0.000553s ]
ERR: 无法加载模块:Public

[ 2015-10-19T11:54:43+08:00 ] 127.0.0.1 /sdibt_jsj/Public/images/form_input_long.gif
INFO: [ app_init ] --START--
INFO: Run Behavior\BuildLiteBehavior [ RunTime:0.000083s ]
INFO: [ app_init ] --END-- [ RunTime:0.001211s ]
ERR: 无法加载模块:Public

[ 2015-10-19T11:54:54+08:00 ] 127.0.0.1 /sdibt_jsj/Public/images/form_input_long.gif
INFO: [ app_init ] --START--
INFO: Run Behavior\BuildLiteBehavior [ RunTime:0.000081s ]
INFO: [ app_init ] --END-- [ RunTime:0.001029s ]
ERR: 无法加载模块:Public

[ 2015-10-19T11:56:57+08:00 ] 127.0.0.1 /sdibt_jsj/Public/images/form_input_long.gif
INFO: [ app_init ] --START--
INFO: Run Behavior\BuildLiteBehavior [ RunTime:0.000044s ]
INFO: [ app_init ] --END-- [ RunTime:0.000842s ]
ERR: 无法加载模块:Public

[ 2015-10-19T11:57:06+08:00 ] 127.0.0.1 /sdibt_jsj/Public/images/form_input_long.gif
INFO: [ app_init ] --START--
INFO: Run Behavior\BuildLiteBehavior [ RunTime:0.000049s ]
INFO: [ app_init ] --END-- [ RunTime:0.000759s ]
ERR: 无法加载模块:Public

[ 2015-10-19T11:57:28+08:00 ] 127.0.0.1 /sdibt_jsj/Public/images/form_input_long.gif
INFO: [ app_init ] --START--
INFO: Run Behavior\BuildLiteBehavior [ RunTime:0.000053s ]
INFO: [ app_init ] --END-- [ RunTime:0.000938s ]
ERR: 无法加载模块:Public

[ 2015-10-19T11:58:13+08:00 ] 127.0.0.1 /sdibt_jsj/Public/images/form_input_long.gif
INFO: [ app_init ] --START--
INFO: Run Behavior\BuildLiteBehavior [ RunTime:0.000026s ]
INFO: [ app_init ] --END-- [ RunTime:0.000481s ]
ERR: 无法加载模块:Public

[ 2015-10-19T11:58:30+08:00 ] 127.0.0.1 /sdibt_jsj/Public/images/form_input_long.gif
INFO: [ app_init ] --START--
INFO: Run Behavior\BuildLiteBehavior [ RunTime:0.000106s ]
INFO: [ app_init ] --END-- [ RunTime:0.001937s ]
ERR: 无法加载模块:Public

[ 2015-10-19T11:58:40+08:00 ] 127.0.0.1 /sdibt_jsj/Public/images/form_input_long.gif
INFO: [ app_init ] --START--
INFO: Run Behavior\BuildLiteBehavior [ RunTime:0.000047s ]
INFO: [ app_init ] --END-- [ RunTime:0.000645s ]
ERR: 无法加载模块:Public

[ 2015-10-19T11:58:44+08:00 ] 127.0.0.1 /sdibt_jsj/Public/images/form_input_long.gif
INFO: [ app_init ] --START--
INFO: Run Behavior\BuildLiteBehavior [ RunTime:0.000042s ]
INFO: [ app_init ] --END-- [ RunTime:0.000675s ]
ERR: 无法加载模块:Public

[ 2015-10-19T11:58:54+08:00 ] 127.0.0.1 /sdibt_jsj/Public/images/form_input_long.gif
INFO: [ app_init ] --START--
INFO: Run Behavior\BuildLiteBehavior [ RunTime:0.000029s ]
INFO: [ app_init ] --END-- [ RunTime:0.000517s ]
ERR: 无法加载模块:Public

[ 2015-10-19T11:59:03+08:00 ] 127.0.0.1 /sdibt_jsj/Public/images/form_input_long.gif
INFO: [ app_init ] --START--
INFO: Run Behavior\BuildLiteBehavior [ RunTime:0.000032s ]
INFO: [ app_init ] --END-- [ RunTime:0.000626s ]
ERR: 无法加载模块:Public

[ 2015-10-19T11:59:12+08:00 ] 127.0.0.1 /sdibt_jsj/Public/images/form_input_long.gif
INFO: [ app_init ] --START--
INFO: Run Behavior\BuildLiteBehavior [ RunTime:0.000029s ]
INFO: [ app_init ] --END-- [ RunTime:0.000481s ]
ERR: 无法加载模块:Public

[ 2015-10-19T12:02:52+08:00 ] 127.0.0.1 /sdibt_jsj/Public/images/form_input_long.gif
INFO: [ app_init ] --START--
INFO: Run Behavior\BuildLiteBehavior [ RunTime:0.000047s ]
INFO: [ app_init ] --END-- [ RunTime:0.000960s ]
ERR: 无法加载模块:Public

[ 2015-10-19T12:02:52+08:00 ] 127.0.0.1 /sdibt_jsj/Public/images/form_input_long.gif
INFO: [ app_init ] --START--
INFO: Run Behavior\BuildLiteBehavior [ RunTime:0.000028s ]
INFO: [ app_init ] --END-- [ RunTime:0.000541s ]
ERR: 无法加载模块:Public

[ 2015-10-19T12:02:55+08:00 ] 127.0.0.1 /sdibt_jsj/Public/images/form_input_long.gif
INFO: [ app_init ] --START--
INFO: Run Behavior\BuildLiteBehavior [ RunTime:0.000045s ]
INFO: [ app_init ] --END-- [ RunTime:0.000947s ]
ERR: 无法加载模块:Public

[ 2015-10-19T12:03:44+08:00 ] 127.0.0.1 /sdibt_jsj/Public/images/form_input_long.gif
INFO: [ app_init ] --START--
INFO: Run Behavior\BuildLiteBehavior [ RunTime:0.000047s ]
INFO: [ app_init ] --END-- [ RunTime:0.000804s ]
ERR: 无法加载模块:Public

[ 2015-10-19T12:03:56+08:00 ] 127.0.0.1 /sdibt_jsj/Public/images/form_input_long.gif
INFO: [ app_init ] --START--
INFO: Run Behavior\BuildLiteBehavior [ RunTime:0.000071s ]
INFO: [ app_init ] --END-- [ RunTime:0.001462s ]
ERR: 无法加载模块:Public

[ 2015-10-19T12:04:16+08:00 ] 127.0.0.1 /sdibt_jsj/Public/images/form_input_long.gif
INFO: [ app_init ] --START--
INFO: Run Behavior\BuildLiteBehavior [ RunTime:0.000049s ]
INFO: [ app_init ] --END-- [ RunTime:0.000830s ]
ERR: 无法加载模块:Public

[ 2015-10-19T12:04:26+08:00 ] 127.0.0.1 /sdibt_jsj/Public/images/form_input_long.gif
INFO: [ app_init ] --START--
INFO: Run Behavior\BuildLiteBehavior [ RunTime:0.000029s ]
INFO: [ app_init ] --END-- [ RunTime:0.000538s ]
ERR: 无法加载模块:Public

[ 2015-10-19T12:05:01+08:00 ] 127.0.0.1 /sdibt_jsj/Public/images/form_input_long.gif
INFO: [ app_init ] --START--
INFO: Run Behavior\BuildLiteBehavior [ RunTime:0.000043s ]
INFO: [ app_init ] --END-- [ RunTime:0.000823s ]
ERR: 无法加载模块:Public

[ 2015-10-19T12:05:03+08:00 ] 127.0.0.1 /sdibt_jsj/Public/images/form_input_long.gif
INFO: [ app_init ] --START--
INFO: Run Behavior\BuildLiteBehavior [ RunTime:0.000029s ]
INFO: [ app_init ] --END-- [ RunTime:0.000511s ]
ERR: 无法加载模块:Public

[ 2015-10-19T12:09:59+08:00 ] 127.0.0.1 /sdibt_jsj/Public/images/form_input_long.gif
INFO: [ app_init ] --START--
INFO: Run Behavior\BuildLiteBehavior [ RunTime:0.000030s ]
INFO: [ app_init ] --END-- [ RunTime:0.000597s ]
ERR: 无法加载模块:Public

[ 2015-10-19T12:11:29+08:00 ] 127.0.0.1 /sdibt_jsj/Public/images/form_input_long.gif
INFO: [ app_init ] --START--
INFO: Run Behavior\BuildLiteBehavior [ RunTime:0.000027s ]
INFO: [ app_init ] --END-- [ RunTime:0.000508s ]
ERR: 无法加载模块:Public

[ 2015-10-19T12:11:32+08:00 ] 127.0.0.1 /sdibt_jsj/Public/images/form_input_long.gif
INFO: [ app_init ] --START--
INFO: Run Behavior\BuildLiteBehavior [ RunTime:0.000030s ]
INFO: [ app_init ] --END-- [ RunTime:0.000688s ]
ERR: 无法加载模块:Public

[ 2015-10-19T12:11:34+08:00 ] 127.0.0.1 /sdibt_jsj/Public/images/form_input_long.gif
INFO: [ app_init ] --START--
INFO: Run Behavior\BuildLiteBehavior [ RunTime:0.000046s ]
INFO: [ app_init ] --END-- [ RunTime:0.000784s ]
ERR: 无法加载模块:Public

[ 2015-10-19T12:11:38+08:00 ] 127.0.0.1 /sdibt_jsj/Public/images/form_input_long.gif
INFO: [ app_init ] --START--
INFO: Run Behavior\BuildLiteBehavior [ RunTime:0.000030s ]
INFO: [ app_init ] --END-- [ RunTime:0.000653s ]
ERR: 无法加载模块:Public

[ 2015-10-19T12:11:46+08:00 ] 127.0.0.1 /sdibt_jsj/Public/images/form_input_long.gif
INFO: [ app_init ] --START--
INFO: Run Behavior\BuildLiteBehavior [ RunTime:0.000095s ]
INFO: [ app_init ] --END-- [ RunTime:0.001757s ]
ERR: 无法加载模块:Public

[ 2015-10-19T12:11:48+08:00 ] 127.0.0.1 /sdibt_jsj/Public/images/form_input_long.gif
INFO: [ app_init ] --START--
INFO: Run Behavior\BuildLiteBehavior [ RunTime:0.000092s ]
INFO: [ app_init ] --END-- [ RunTime:0.001618s ]
ERR: 无法加载模块:Public

[ 2015-10-19T12:11:53+08:00 ] 127.0.0.1 /sdibt_jsj/Public/images/form_input_long.gif
INFO: [ app_init ] --START--
INFO: Run Behavior\BuildLiteBehavior [ RunTime:0.000028s ]
INFO: [ app_init ] --END-- [ RunTime:0.000503s ]
ERR: 无法加载模块:Public

[ 2015-10-19T12:11:58+08:00 ] 127.0.0.1 /sdibt_jsj/Public/images/form_input_long.gif
INFO: [ app_init ] --START--
INFO: Run Behavior\BuildLiteBehavior [ RunTime:0.000058s ]
INFO: [ app_init ] --END-- [ RunTime:0.001067s ]
ERR: 无法加载模块:Public

[ 2015-10-19T12:12:12+08:00 ] 127.0.0.1 /sdibt_jsj/Public/images/form_input_long.gif
INFO: [ app_init ] --START--
INFO: Run Behavior\BuildLiteBehavior [ RunTime:0.000044s ]
INFO: [ app_init ] --END-- [ RunTime:0.000785s ]
ERR: 无法加载模块:Public

[ 2015-10-19T12:12:16+08:00 ] 127.0.0.1 /sdibt_jsj/Public/images/form_input_long.gif
INFO: [ app_init ] --START--
INFO: Run Behavior\BuildLiteBehavior [ RunTime:0.000050s ]
INFO: [ app_init ] --END-- [ RunTime:0.000943s ]
ERR: 无法加载模块:Public

[ 2015-10-19T12:12:20+08:00 ] 127.0.0.1 /sdibt_jsj/Public/images/form_input_long.gif
INFO: [ app_init ] --START--
INFO: Run Behavior\BuildLiteBehavior [ RunTime:0.000049s ]
INFO: [ app_init ] --END-- [ RunTime:0.000832s ]
ERR: 无法加载模块:Public

[ 2015-10-19T12:12:51+08:00 ] 127.0.0.1 /sdibt_jsj/Public/images/form_input_long.gif
INFO: [ app_init ] --START--
INFO: Run Behavior\BuildLiteBehavior [ RunTime:0.000050s ]
INFO: [ app_init ] --END-- [ RunTime:0.001228s ]
ERR: 无法加载模块:Public

[ 2015-10-19T12:12:55+08:00 ] 127.0.0.1 /sdibt_jsj/Public/images/form_input_long.gif
INFO: [ app_init ] --START--
INFO: Run Behavior\BuildLiteBehavior [ RunTime:0.000046s ]
INFO: [ app_init ] --END-- [ RunTime:0.001024s ]
ERR: 无法加载模块:Public

[ 2015-10-19T12:13:03+08:00 ] 127.0.0.1 /sdibt_jsj/Public/images/form_input_long.gif
INFO: [ app_init ] --START--
INFO: Run Behavior\BuildLiteBehavior [ RunTime:0.000053s ]
INFO: [ app_init ] --END-- [ RunTime:0.000834s ]
ERR: 无法加载模块:Public

[ 2015-10-19T12:13:07+08:00 ] 127.0.0.1 /sdibt_jsj/Public/images/form_input_long.gif
INFO: [ app_init ] --START--
INFO: Run Behavior\BuildLiteBehavior [ RunTime:0.000028s ]
INFO: [ app_init ] --END-- [ RunTime:0.000488s ]
ERR: 无法加载模块:Public

[ 2015-10-19T12:13:14+08:00 ] 127.0.0.1 /sdibt_jsj/Public/images/form_input_long.gif
INFO: [ app_init ] --START--
INFO: Run Behavior\BuildLiteBehavior [ RunTime:0.000109s ]
INFO: [ app_init ] --END-- [ RunTime:0.000999s ]
ERR: 无法加载模块:Public

[ 2015-10-19T12:13:18+08:00 ] 127.0.0.1 /sdibt_jsj/Public/images/form_input_long.gif
INFO: [ app_init ] --START--
INFO: Run Behavior\BuildLiteBehavior [ RunTime:0.000047s ]
INFO: [ app_init ] --END-- [ RunTime:0.000867s ]
ERR: 无法加载模块:Public

[ 2015-10-19T12:15:44+08:00 ] 127.0.0.1 /sdibt_jsj/Public/images/form_input_long.gif
INFO: [ app_init ] --START--
INFO: Run Behavior\BuildLiteBehavior [ RunTime:0.000055s ]
INFO: [ app_init ] --END-- [ RunTime:0.000802s ]
ERR: 无法加载模块:Public

[ 2015-10-19T12:15:48+08:00 ] 127.0.0.1 /sdibt_jsj/Public/images/form_input_long.gif
INFO: [ app_init ] --START--
INFO: Run Behavior\BuildLiteBehavior [ RunTime:0.000035s ]
INFO: [ app_init ] --END-- [ RunTime:0.000856s ]
ERR: 无法加载模块:Public

[ 2015-10-19T12:16:29+08:00 ] 127.0.0.1 /sdibt_jsj/Public/images/form_input_long.gif
INFO: [ app_init ] --START--
INFO: Run Behavior\BuildLiteBehavior [ RunTime:0.000028s ]
INFO: [ app_init ] --END-- [ RunTime:0.000545s ]
ERR: 无法加载模块:Public

[ 2015-10-19T12:16:55+08:00 ] 127.0.0.1 /sdibt_jsj/Public/images/form_input_long.gif
INFO: [ app_init ] --START--
INFO: Run Behavior\BuildLiteBehavior [ RunTime:0.000088s ]
INFO: [ app_init ] --END-- [ RunTime:0.001446s ]
ERR: 无法加载模块:Public

[ 2015-10-19T12:17:07+08:00 ] 127.0.0.1 /sdibt_jsj/Public/images/form_input_long.gif
INFO: [ app_init ] --START--
INFO: Run Behavior\BuildLiteBehavior [ RunTime:0.000045s ]
INFO: [ app_init ] --END-- [ RunTime:0.000963s ]
ERR: 无法加载模块:Public

[ 2015-10-19T12:17:24+08:00 ] 127.0.0.1 /sdibt_jsj/Public/images/form_input_long.gif
INFO: [ app_init ] --START--
INFO: Run Behavior\BuildLiteBehavior [ RunTime:0.000046s ]
INFO: [ app_init ] --END-- [ RunTime:0.000911s ]
ERR: 无法加载模块:Public

[ 2015-10-19T12:17:33+08:00 ] 127.0.0.1 /sdibt_jsj/Public/images/form_input_long.gif
INFO: [ app_init ] --START--
INFO: Run Behavior\BuildLiteBehavior [ RunTime:0.000027s ]
INFO: [ app_init ] --END-- [ RunTime:0.000474s ]
ERR: 无法加载模块:Public

[ 2015-10-19T12:20:37+08:00 ] 127.0.0.1 /sdibt_jsj/Public/images/form_input_long.gif
INFO: [ app_init ] --START--
INFO: Run Behavior\BuildLiteBehavior [ RunTime:0.000031s ]
INFO: [ app_init ] --END-- [ RunTime:0.000682s ]
ERR: 无法加载模块:Public

[ 2015-10-19T12:20:42+08:00 ] 127.0.0.1 /sdibt_jsj/Public/images/form_input_long.gif
INFO: [ app_init ] --START--
INFO: Run Behavior\BuildLiteBehavior [ RunTime:0.000068s ]
INFO: [ app_init ] --END-- [ RunTime:0.001418s ]
ERR: 无法加载模块:Public

[ 2015-10-19T12:21:26+08:00 ] 127.0.0.1 /sdibt_jsj/Public/images/form_input_long.gif
INFO: [ app_init ] --START--
INFO: Run Behavior\BuildLiteBehavior [ RunTime:0.000040s ]
INFO: [ app_init ] --END-- [ RunTime:0.000858s ]
ERR: 无法加载模块:Public

[ 2015-10-19T12:22:15+08:00 ] 127.0.0.1 /sdibt_jsj/Public/images/form_input_long.gif
INFO: [ app_init ] --START--
INFO: Run Behavior\BuildLiteBehavior [ RunTime:0.000052s ]
INFO: [ app_init ] --END-- [ RunTime:0.001577s ]
ERR: 无法加载模块:Public

[ 2015-10-19T12:22:37+08:00 ] 127.0.0.1 /sdibt_jsj/Public/images/form_input_long.gif
INFO: [ app_init ] --START--
INFO: Run Behavior\BuildLiteBehavior [ RunTime:0.000061s ]
INFO: [ app_init ] --END-- [ RunTime:0.001265s ]
ERR: 无法加载模块:Public

[ 2015-10-19T12:22:44+08:00 ] 127.0.0.1 /sdibt_jsj/Public/images/form_input_long.gif
INFO: [ app_init ] --START--
INFO: Run Behavior\BuildLiteBehavior [ RunTime:0.000049s ]
INFO: [ app_init ] --END-- [ RunTime:0.000826s ]
ERR: 无法加载模块:Public

[ 2015-10-19T12:22:47+08:00 ] 127.0.0.1 /sdibt_jsj/Public/images/form_input_long.gif
INFO: [ app_init ] --START--
INFO: Run Behavior\BuildLiteBehavior [ RunTime:0.000084s ]
INFO: [ app_init ] --END-- [ RunTime:0.001707s ]
ERR: 无法加载模块:Public

[ 2015-10-19T12:22:49+08:00 ] 127.0.0.1 /sdibt_jsj/Public/images/form_input_long.gif
INFO: [ app_init ] --START--
INFO: Run Behavior\BuildLiteBehavior [ RunTime:0.000046s ]
INFO: [ app_init ] --END-- [ RunTime:0.000715s ]
ERR: 无法加载模块:Public

[ 2015-10-19T12:22:50+08:00 ] 127.0.0.1 /sdibt_jsj/Public/images/form_input_long.gif
INFO: [ app_init ] --START--
INFO: Run Behavior\BuildLiteBehavior [ RunTime:0.000043s ]
INFO: [ app_init ] --END-- [ RunTime:0.000664s ]
ERR: 无法加载模块:Public

[ 2015-10-19T12:22:59+08:00 ] 127.0.0.1 /sdibt_jsj/Public/images/form_input_long.gif
INFO: [ app_init ] --START--
INFO: Run Behavior\BuildLiteBehavior [ RunTime:0.000063s ]
INFO: [ app_init ] --END-- [ RunTime:0.001249s ]
ERR: 无法加载模块:Public

[ 2015-10-19T12:23:00+08:00 ] 127.0.0.1 /sdibt_jsj/Public/images/form_input_long.gif
INFO: [ app_init ] --START--
INFO: Run Behavior\BuildLiteBehavior [ RunTime:0.000028s ]
INFO: [ app_init ] --END-- [ RunTime:0.000486s ]
ERR: 无法加载模块:Public

[ 2015-10-19T12:23:06+08:00 ] 127.0.0.1 /sdibt_jsj/Public/images/form_input_long.gif
INFO: [ app_init ] --START--
INFO: Run Behavior\BuildLiteBehavior [ RunTime:0.000132s ]
INFO: [ app_init ] --END-- [ RunTime:0.001937s ]
ERR: 无法加载模块:Public

[ 2015-10-19T12:23:08+08:00 ] 127.0.0.1 /sdibt_jsj/Public/images/form_input_long.gif
INFO: [ app_init ] --START--
INFO: Run Behavior\BuildLiteBehavior [ RunTime:0.000032s ]
INFO: [ app_init ] --END-- [ RunTime:0.000782s ]
ERR: 无法加载模块:Public

[ 2015-10-19T12:23:10+08:00 ] 127.0.0.1 /sdibt_jsj/Public/images/form_input_long.gif
INFO: [ app_init ] --START--
INFO: Run Behavior\BuildLiteBehavior [ RunTime:0.000047s ]
INFO: [ app_init ] --END-- [ RunTime:0.000696s ]
ERR: 无法加载模块:Public

[ 2015-10-19T12:23:11+08:00 ] 127.0.0.1 /sdibt_jsj/Public/images/form_input_long.gif
INFO: [ app_init ] --START--
INFO: Run Behavior\BuildLiteBehavior [ RunTime:0.000044s ]
INFO: [ app_init ] --END-- [ RunTime:0.000573s ]
ERR: 无法加载模块:Public

[ 2015-10-19T12:23:13+08:00 ] 127.0.0.1 /sdibt_jsj/Public/images/form_input_long.gif
INFO: [ app_init ] --START--
INFO: Run Behavior\BuildLiteBehavior [ RunTime:0.000030s ]
INFO: [ app_init ] --END-- [ RunTime:0.000564s ]
ERR: 无法加载模块:Public

[ 2015-10-19T12:23:17+08:00 ] 127.0.0.1 /sdibt_jsj/Public/images/form_input_long.gif
INFO: [ app_init ] --START--
INFO: Run Behavior\BuildLiteBehavior [ RunTime:0.000031s ]
INFO: [ app_init ] --END-- [ RunTime:0.000596s ]
ERR: 无法加载模块:Public

[ 2015-10-19T12:23:18+08:00 ] 127.0.0.1 /sdibt_jsj/Public/images/form_input_long.gif
INFO: [ app_init ] --START--
INFO: Run Behavior\BuildLiteBehavior [ RunTime:0.000029s ]
INFO: [ app_init ] --END-- [ RunTime:0.000675s ]
ERR: 无法加载模块:Public

[ 2015-10-19T12:23:22+08:00 ] 127.0.0.1 /sdibt_jsj/Public/images/form_input_long.gif
INFO: [ app_init ] --START--
INFO: Run Behavior\BuildLiteBehavior [ RunTime:0.000029s ]
INFO: [ app_init ] --END-- [ RunTime:0.000582s ]
ERR: 无法加载模块:Public

[ 2015-10-19T12:26:40+08:00 ] 127.0.0.1 /sdibt_jsj/Public/images/form_input_long.gif
INFO: [ app_init ] --START--
INFO: Run Behavior\BuildLiteBehavior [ RunTime:0.000046s ]
INFO: [ app_init ] --END-- [ RunTime:0.000839s ]
ERR: 无法加载模块:Public

[ 2015-10-19T12:26:42+08:00 ] 127.0.0.1 /sdibt_jsj/Public/images/form_input_long.gif
INFO: [ app_init ] --START--
INFO: Run Behavior\BuildLiteBehavior [ RunTime:0.000046s ]
INFO: [ app_init ] --END-- [ RunTime:0.000898s ]
ERR: 无法加载模块:Public

[ 2015-10-19T12:27:30+08:00 ] 127.0.0.1 /sdibt_jsj/Public/images/form_input_long.gif
INFO: [ app_init ] --START--
INFO: Run Behavior\BuildLiteBehavior [ RunTime:0.000040s ]
INFO: [ app_init ] --END-- [ RunTime:0.000665s ]
ERR: 无法加载模块:Public

[ 2015-10-19T12:27:32+08:00 ] 127.0.0.1 /sdibt_jsj/Public/images/form_input_long.gif
INFO: [ app_init ] --START--
INFO: Run Behavior\BuildLiteBehavior [ RunTime:0.000091s ]
INFO: [ app_init ] --END-- [ RunTime:0.001213s ]
ERR: 无法加载模块:Public

[ 2015-10-19T12:27:34+08:00 ] 127.0.0.1 /sdibt_jsj/Public/images/form_input_long.gif
INFO: [ app_init ] --START--
INFO: Run Behavior\BuildLiteBehavior [ RunTime:0.000032s ]
INFO: [ app_init ] --END-- [ RunTime:0.000585s ]
ERR: 无法加载模块:Public

[ 2015-10-19T12:27:36+08:00 ] 127.0.0.1 /sdibt_jsj/Public/images/form_input_long.gif
INFO: [ app_init ] --START--
INFO: Run Behavior\BuildLiteBehavior [ RunTime:0.000049s ]
INFO: [ app_init ] --END-- [ RunTime:0.001194s ]
ERR: 无法加载模块:Public

[ 2015-10-19T12:27:45+08:00 ] 127.0.0.1 /sdibt_jsj/Public/images/form_input_long.gif
INFO: [ app_init ] --START--
INFO: Run Behavior\BuildLiteBehavior [ RunTime:0.000053s ]
INFO: [ app_init ] --END-- [ RunTime:0.001065s ]
ERR: 无法加载模块:Public

[ 2015-10-19T12:30:09+08:00 ] 127.0.0.1 /sdibt_jsj/Public/images/form_input_long.gif
INFO: [ app_init ] --START--
INFO: Run Behavior\BuildLiteBehavior [ RunTime:0.000032s ]
INFO: [ app_init ] --END-- [ RunTime:0.000846s ]
ERR: 无法加载模块:Public

[ 2015-10-19T12:30:34+08:00 ] 127.0.0.1 /sdibt_jsj/Public/images/form_input_long.gif
INFO: [ app_init ] --START--
INFO: Run Behavior\BuildLiteBehavior [ RunTime:0.000031s ]
INFO: [ app_init ] --END-- [ RunTime:0.000596s ]
ERR: 无法加载模块:Public

[ 2015-10-19T12:30:37+08:00 ] 127.0.0.1 /sdibt_jsj/Public/images/form_input_long.gif
INFO: [ app_init ] --START--
INFO: Run Behavior\BuildLiteBehavior [ RunTime:0.000072s ]
INFO: [ app_init ] --END-- [ RunTime:0.001100s ]
ERR: 无法加载模块:Public

[ 2015-10-19T12:31:46+08:00 ] 127.0.0.1 /sdibt_jsj/Public/images/form_input_long.gif
INFO: [ app_init ] --START--
INFO: Run Behavior\BuildLiteBehavior [ RunTime:0.000030s ]
INFO: [ app_init ] --END-- [ RunTime:0.000670s ]
ERR: 无法加载模块:Public

[ 2015-10-19T12:32:38+08:00 ] 127.0.0.1 /sdibt_jsj/Public/images/form_input_long.gif
INFO: [ app_init ] --START--
INFO: Run Behavior\BuildLiteBehavior [ RunTime:0.000028s ]
INFO: [ app_init ] --END-- [ RunTime:0.000510s ]
ERR: 无法加载模块:Public

[ 2015-10-19T12:32:47+08:00 ] 127.0.0.1 /sdibt_jsj/Public/images/form_input_long.gif
INFO: [ app_init ] --START--
INFO: Run Behavior\BuildLiteBehavior [ RunTime:0.000029s ]
INFO: [ app_init ] --END-- [ RunTime:0.000658s ]
ERR: 无法加载模块:Public

[ 2015-10-19T12:33:02+08:00 ] 127.0.0.1 /sdibt_jsj/Public/scripts1/scrollCor.js
INFO: [ app_init ] --START--
INFO: Run Behavior\BuildLiteBehavior [ RunTime:0.000046s ]
INFO: [ app_init ] --END-- [ RunTime:0.001157s ]
ERR: 无法加载模块:Public

[ 2015-10-19T12:33:02+08:00 ] 127.0.0.1 /sdibt_jsj/Public/images/form_input_long.gif
INFO: [ app_init ] --START--
INFO: Run Behavior\BuildLiteBehavior [ RunTime:0.000035s ]
INFO: [ app_init ] --END-- [ RunTime:0.000735s ]
ERR: 无法加载模块:Public

[ 2015-10-19T12:34:15+08:00 ] 127.0.0.1 /sdibt_jsj/Public/img/btn-overlay.png
INFO: [ app_init ] --START--
INFO: Run Behavior\BuildLiteBehavior [ RunTime:0.000044s ]
INFO: [ app_init ] --END-- [ RunTime:0.000825s ]
ERR: 无法加载模块:Public

[ 2015-10-19T12:34:17+08:00 ] 127.0.0.1 /sdibt_jsj/Public/img/btn-overlay.png
INFO: [ app_init ] --START--
INFO: Run Behavior\BuildLiteBehavior [ RunTime:0.000029s ]
INFO: [ app_init ] --END-- [ RunTime:0.000644s ]
ERR: 无法加载模块:Public

[ 2015-10-19T12:34:19+08:00 ] 127.0.0.1 /sdibt_jsj/Public/img/btn-overlay.png
INFO: [ app_init ] --START--
INFO: Run Behavior\BuildLiteBehavior [ RunTime:0.000048s ]
INFO: [ app_init ] --END-- [ RunTime:0.000769s ]
ERR: 无法加载模块:Public

[ 2015-10-19T12:34:20+08:00 ] 127.0.0.1 /sdibt_jsj/Public/img/btn-overlay.png
INFO: [ app_init ] --START--
INFO: Run Behavior\BuildLiteBehavior [ RunTime:0.000085s ]
INFO: [ app_init ] --END-- [ RunTime:0.002641s ]
ERR: 无法加载模块:Public

[ 2015-10-19T12:34:24+08:00 ] 127.0.0.1 /sdibt_jsj/Public/img/btn-overlay.png
INFO: [ app_init ] --START--
INFO: Run Behavior\BuildLiteBehavior [ RunTime:0.000045s ]
INFO: [ app_init ] --END-- [ RunTime:0.000926s ]
ERR: 无法加载模块:Public

[ 2015-10-19T12:35:06+08:00 ] 127.0.0.1 /sdibt_jsj/Public/scripts1/scrollCor.js
INFO: [ app_init ] --START--
INFO: Run Behavior\BuildLiteBehavior [ RunTime:0.000026s ]
INFO: [ app_init ] --END-- [ RunTime:0.000476s ]
ERR: 无法加载模块:Public

[ 2015-10-19T12:35:06+08:00 ] 127.0.0.1 /sdibt_jsj/Public/images/form_input_long.gif
INFO: [ app_init ] --START--
INFO: Run Behavior\BuildLiteBehavior [ RunTime:0.000077s ]
INFO: [ app_init ] --END-- [ RunTime:0.002638s ]
ERR: 无法加载模块:Public

[ 2015-10-19T12:35:07+08:00 ] 127.0.0.1 /sdibt_jsj/Public/scripts1/scrollCor.js
INFO: [ app_init ] --START--
INFO: Run Behavior\BuildLiteBehavior [ RunTime:0.000039s ]
INFO: [ app_init ] --END-- [ RunTime:0.000890s ]
ERR: 无法加载模块:Public

[ 2015-10-19T12:35:07+08:00 ] 127.0.0.1 /sdibt_jsj/Public/images/form_input_long.gif
INFO: [ app_init ] --START--
INFO: Run Behavior\BuildLiteBehavior [ RunTime:0.000079s ]
INFO: [ app_init ] --END-- [ RunTime:0.000998s ]
ERR: 无法加载模块:Public

[ 2015-10-19T12:35:08+08:00 ] 127.0.0.1 /sdibt_jsj/Public/scripts1/scrollCor.js
INFO: [ app_init ] --START--
INFO: Run Behavior\BuildLiteBehavior [ RunTime:0.000028s ]
INFO: [ app_init ] --END-- [ RunTime:0.000595s ]
ERR: 无法加载模块:Public

[ 2015-10-19T12:35:08+08:00 ] 127.0.0.1 /sdibt_jsj/Public/images/form_input_long.gif
INFO: [ app_init ] --START--
INFO: Run Behavior\BuildLiteBehavior [ RunTime:0.000027s ]
INFO: [ app_init ] --END-- [ RunTime:0.000582s ]
ERR: 无法加载模块:Public

[ 2015-10-19T12:35:52+08:00 ] 127.0.0.1 /sdibt_jsj/Public/scripts1/scrollCor.js
INFO: [ app_init ] --START--
INFO: Run Behavior\BuildLiteBehavior [ RunTime:0.000026s ]
INFO: [ app_init ] --END-- [ RunTime:0.000553s ]
ERR: 无法加载模块:Public

[ 2015-10-19T12:35:52+08:00 ] 127.0.0.1 /sdibt_jsj/Public/images/form_input_long.gif
INFO: [ app_init ] --START--
INFO: Run Behavior\BuildLiteBehavior [ RunTime:0.000039s ]
INFO: [ app_init ] --END-- [ RunTime:0.000628s ]
ERR: 无法加载模块:Public

[ 2015-10-19T12:35:58+08:00 ] 127.0.0.1 /sdibt_jsj/Public/scripts1/scrollCor.js
INFO: [ app_init ] --START--
INFO: Run Behavior\BuildLiteBehavior [ RunTime:0.000027s ]
INFO: [ app_init ] --END-- [ RunTime:0.000564s ]
ERR: 无法加载模块:Public

[ 2015-10-19T12:35:58+08:00 ] 127.0.0.1 /sdibt_jsj/Public/images/form_input_long.gif
INFO: [ app_init ] --START--
INFO: Run Behavior\BuildLiteBehavior [ RunTime:0.000049s ]
INFO: [ app_init ] --END-- [ RunTime:0.000589s ]
ERR: 无法加载模块:Public

[ 2015-10-19T12:36:00+08:00 ] 127.0.0.1 /sdibt_jsj/Public/scripts1/scrollCor.js
INFO: [ app_init ] --START--
INFO: Run Behavior\BuildLiteBehavior [ RunTime:0.000026s ]
INFO: [ app_init ] --END-- [ RunTime:0.000549s ]
ERR: 无法加载模块:Public

[ 2015-10-19T12:36:00+08:00 ] 127.0.0.1 /sdibt_jsj/Public/images/form_input_long.gif
INFO: [ app_init ] --START--
INFO: Run Behavior\BuildLiteBehavior [ RunTime:0.000030s ]
INFO: [ app_init ] --END-- [ RunTime:0.000818s ]
ERR: 无法加载模块:Public

[ 2015-10-19T12:36:38+08:00 ] 127.0.0.1 /sdibt_jsj/Public/scripts1/scrollCor.js
INFO: [ app_init ] --START--
INFO: Run Behavior\BuildLiteBehavior [ RunTime:0.000025s ]
INFO: [ app_init ] --END-- [ RunTime:0.000720s ]
ERR: 无法加载模块:Public

[ 2015-10-19T12:36:38+08:00 ] 127.0.0.1 /sdibt_jsj/Public/images/form_input_long.gif
INFO: [ app_init ] --START--
INFO: Run Behavior\BuildLiteBehavior [ RunTime:0.000058s ]
INFO: [ app_init ] --END-- [ RunTime:0.000746s ]
ERR: 无法加载模块:Public

[ 2015-10-19T12:36:50+08:00 ] 127.0.0.1 /sdibt_jsj/Public/scripts1/scrollCor.js
INFO: [ app_init ] --START--
INFO: Run Behavior\BuildLiteBehavior [ RunTime:0.000029s ]
INFO: [ app_init ] --END-- [ RunTime:0.000603s ]
ERR: 无法加载模块:Public

[ 2015-10-19T12:36:50+08:00 ] 127.0.0.1 /sdibt_jsj/Public/images/form_input_long.gif
INFO: [ app_init ] --START--
INFO: Run Behavior\BuildLiteBehavior [ RunTime:0.000029s ]
INFO: [ app_init ] --END-- [ RunTime:0.000555s ]
ERR: 无法加载模块:Public

[ 2015-10-19T12:36:53+08:00 ] 127.0.0.1 /sdibt_jsj/Public/scripts1/scrollCor.js
INFO: [ app_init ] --START--
INFO: Run Behavior\BuildLiteBehavior [ RunTime:0.000026s ]
INFO: [ app_init ] --END-- [ RunTime:0.000493s ]
ERR: 无法加载模块:Public

[ 2015-10-19T12:36:53+08:00 ] 127.0.0.1 /sdibt_jsj/Public/images/form_input_long.gif
INFO: [ app_init ] --START--
INFO: Run Behavior\BuildLiteBehavior [ RunTime:0.000036s ]
INFO: [ app_init ] --END-- [ RunTime:0.000621s ]
ERR: 无法加载模块:Public

[ 2015-10-19T12:36:54+08:00 ] 127.0.0.1 /sdibt_jsj/Public/scripts1/scrollCor.js
INFO: [ app_init ] --START--
INFO: Run Behavior\BuildLiteBehavior [ RunTime:0.000029s ]
INFO: [ app_init ] --END-- [ RunTime:0.000556s ]
ERR: 无法加载模块:Public

[ 2015-10-19T12:36:54+08:00 ] 127.0.0.1 /sdibt_jsj/Public/images/form_input_long.gif
INFO: [ app_init ] --START--
INFO: Run Behavior\BuildLiteBehavior [ RunTime:0.000038s ]
INFO: [ app_init ] --END-- [ RunTime:0.000831s ]
ERR: 无法加载模块:Public

[ 2015-10-19T12:36:56+08:00 ] 127.0.0.1 /sdibt_jsj/Public/scripts1/scrollCor.js
INFO: [ app_init ] --START--
INFO: Run Behavior\BuildLiteBehavior [ RunTime:0.000031s ]
INFO: [ app_init ] --END-- [ RunTime:0.000824s ]
ERR: 无法加载模块:Public

[ 2015-10-19T12:36:56+08:00 ] 127.0.0.1 /sdibt_jsj/Public/images/form_input_long.gif
INFO: [ app_init ] --START--
INFO: Run Behavior\BuildLiteBehavior [ RunTime:0.000041s ]
INFO: [ app_init ] --END-- [ RunTime:0.000694s ]
ERR: 无法加载模块:Public

[ 2015-10-19T12:36:58+08:00 ] 127.0.0.1 /sdibt_jsj/Public/scripts1/scrollCor.js
INFO: [ app_init ] --START--
INFO: Run Behavior\BuildLiteBehavior [ RunTime:0.000045s ]
INFO: [ app_init ] --END-- [ RunTime:0.000773s ]
ERR: 无法加载模块:Public

[ 2015-10-19T12:36:58+08:00 ] 127.0.0.1 /sdibt_jsj/Public/images/form_input_long.gif
INFO: [ app_init ] --START--
INFO: Run Behavior\BuildLiteBehavior [ RunTime:0.000041s ]
INFO: [ app_init ] --END-- [ RunTime:0.001033s ]
ERR: 无法加载模块:Public

[ 2015-10-19T12:37:00+08:00 ] 127.0.0.1 /sdibt_jsj/Public/scripts1/scrollCor.js
INFO: [ app_init ] --START--
INFO: Run Behavior\BuildLiteBehavior [ RunTime:0.000029s ]
INFO: [ app_init ] --END-- [ RunTime:0.000514s ]
ERR: 无法加载模块:Public

[ 2015-10-19T12:37:00+08:00 ] 127.0.0.1 /sdibt_jsj/Public/images/form_input_long.gif
INFO: [ app_init ] --START--
INFO: Run Behavior\BuildLiteBehavior [ RunTime:0.000048s ]
INFO: [ app_init ] --END-- [ RunTime:0.000808s ]
ERR: 无法加载模块:Public

[ 2015-10-19T12:37:02+08:00 ] 127.0.0.1 /sdibt_jsj/Public/scripts1/scrollCor.js
INFO: [ app_init ] --START--
INFO: Run Behavior\BuildLiteBehavior [ RunTime:0.000026s ]
INFO: [ app_init ] --END-- [ RunTime:0.000520s ]
ERR: 无法加载模块:Public

[ 2015-10-19T12:37:02+08:00 ] 127.0.0.1 /sdibt_jsj/Public/images/form_input_long.gif
INFO: [ app_init ] --START--
INFO: Run Behavior\BuildLiteBehavior [ RunTime:0.000048s ]
INFO: [ app_init ] --END-- [ RunTime:0.000748s ]
ERR: 无法加载模块:Public

[ 2015-10-19T12:37:03+08:00 ] 127.0.0.1 /sdibt_jsj/Public/scripts1/scrollCor.js
INFO: [ app_init ] --START--
INFO: Run Behavior\BuildLiteBehavior [ RunTime:0.000027s ]
INFO: [ app_init ] --END-- [ RunTime:0.000515s ]
ERR: 无法加载模块:Public

[ 2015-10-19T12:37:04+08:00 ] 127.0.0.1 /sdibt_jsj/Public/images/form_input_long.gif
INFO: [ app_init ] --START--
INFO: Run Behavior\BuildLiteBehavior [ RunTime:0.000031s ]
INFO: [ app_init ] --END-- [ RunTime:0.000681s ]
ERR: 无法加载模块:Public

[ 2015-10-19T12:37:06+08:00 ] 127.0.0.1 /sdibt_jsj/Public/scripts1/scrollCor.js
INFO: [ app_init ] --START--
INFO: Run Behavior\BuildLiteBehavior [ RunTime:0.000044s ]
INFO: [ app_init ] --END-- [ RunTime:0.000832s ]
ERR: 无法加载模块:Public

[ 2015-10-19T12:37:06+08:00 ] 127.0.0.1 /sdibt_jsj/Public/images/form_input_long.gif
INFO: [ app_init ] --START--
INFO: Run Behavior\BuildLiteBehavior [ RunTime:0.000046s ]
INFO: [ app_init ] --END-- [ RunTime:0.000777s ]
ERR: 无法加载模块:Public

[ 2015-10-19T12:37:07+08:00 ] 127.0.0.1 /sdibt_jsj/Public/scripts1/scrollCor.js
INFO: [ app_init ] --START--
INFO: Run Behavior\BuildLiteBehavior [ RunTime:0.000039s ]
INFO: [ app_init ] --END-- [ RunTime:0.000756s ]
ERR: 无法加载模块:Public

[ 2015-10-19T12:37:07+08:00 ] 127.0.0.1 /sdibt_jsj/Public/images/form_input_long.gif
INFO: [ app_init ] --START--
INFO: Run Behavior\BuildLiteBehavior [ RunTime:0.000035s ]
INFO: [ app_init ] --END-- [ RunTime:0.000627s ]
ERR: 无法加载模块:Public

[ 2015-10-19T12:37:52+08:00 ] 127.0.0.1 /sdibt_jsj/Public/img/btn-overlay.png
INFO: [ app_init ] --START--
INFO: Run Behavior\BuildLiteBehavior [ RunTime:0.000027s ]
INFO: [ app_init ] --END-- [ RunTime:0.000509s ]
ERR: 无法加载模块:Public

[ 2015-10-19T12:38:37+08:00 ] 127.0.0.1 /sdibt_jsj/Public/img/btn-overlay.png
INFO: [ app_init ] --START--
INFO: Run Behavior\BuildLiteBehavior [ RunTime:0.000038s ]
INFO: [ app_init ] --END-- [ RunTime:0.001497s ]
ERR: 无法加载模块:Public

[ 2015-10-19T12:38:39+08:00 ] 127.0.0.1 /sdibt_jsj/Public/scripts1/scrollCor.js
INFO: [ app_init ] --START--
INFO: Run Behavior\BuildLiteBehavior [ RunTime:0.000050s ]
INFO: [ app_init ] --END-- [ RunTime:0.000839s ]
ERR: 无法加载模块:Public

[ 2015-10-19T12:38:39+08:00 ] 127.0.0.1 /sdibt_jsj/Public/images/form_input_long.gif
INFO: [ app_init ] --START--
INFO: Run Behavior\BuildLiteBehavior [ RunTime:0.000028s ]
INFO: [ app_init ] --END-- [ RunTime:0.000522s ]
ERR: 无法加载模块:Public

[ 2015-10-19T12:38:42+08:00 ] 127.0.0.1 /sdibt_jsj/Public/scripts1/scrollCor.js
INFO: [ app_init ] --START--
INFO: Run Behavior\BuildLiteBehavior [ RunTime:0.000027s ]
INFO: [ app_init ] --END-- [ RunTime:0.000449s ]
ERR: 无法加载模块:Public

[ 2015-10-19T12:38:42+08:00 ] 127.0.0.1 /sdibt_jsj/Public/images/form_input_long.gif
INFO: [ app_init ] --START--
INFO: Run Behavior\BuildLiteBehavior [ RunTime:0.000027s ]
INFO: [ app_init ] --END-- [ RunTime:0.000494s ]
ERR: 无法加载模块:Public

[ 2015-10-19T12:38:52+08:00 ] 127.0.0.1 /sdibt_jsj/Public/img/btn-overlay.png
INFO: [ app_init ] --START--
INFO: Run Behavior\BuildLiteBehavior [ RunTime:0.000027s ]
INFO: [ app_init ] --END-- [ RunTime:0.000483s ]
ERR: 无法加载模块:Public

[ 2015-10-19T12:39:07+08:00 ] 127.0.0.1 /sdibt_jsj/Public/img/btn-overlay.png
INFO: [ app_init ] --START--
INFO: Run Behavior\BuildLiteBehavior [ RunTime:0.000028s ]
INFO: [ app_init ] --END-- [ RunTime:0.000491s ]
ERR: 无法加载模块:Public

[ 2015-10-19T12:39:09+08:00 ] 127.0.0.1 /sdibt_jsj/Public/scripts1/scrollCor.js
INFO: [ app_init ] --START--
INFO: Run Behavior\BuildLiteBehavior [ RunTime:0.000030s ]
INFO: [ app_init ] --END-- [ RunTime:0.000580s ]
ERR: 无法加载模块:Public

[ 2015-10-19T12:39:09+08:00 ] 127.0.0.1 /sdibt_jsj/Public/images/form_input_long.gif
INFO: [ app_init ] --START--
INFO: Run Behavior\BuildLiteBehavior [ RunTime:0.000044s ]
INFO: [ app_init ] --END-- [ RunTime:0.000794s ]
ERR: 无法加载模块:Public

[ 2015-10-19T12:39:24+08:00 ] 127.0.0.1 /sdibt_jsj/Public/img/btn-overlay.png
INFO: [ app_init ] --START--
INFO: Run Behavior\BuildLiteBehavior [ RunTime:0.000027s ]
INFO: [ app_init ] --END-- [ RunTime:0.000484s ]
ERR: 无法加载模块:Public

[ 2015-10-19T12:39:54+08:00 ] 127.0.0.1 /sdibt_jsj/Public/img/btn-overlay.png
INFO: [ app_init ] --START--
INFO: Run Behavior\BuildLiteBehavior [ RunTime:0.000030s ]
INFO: [ app_init ] --END-- [ RunTime:0.000782s ]
ERR: 无法加载模块:Public

[ 2015-10-19T12:39:55+08:00 ] 127.0.0.1 /sdibt_jsj/Public/scripts1/scrollCor.js
INFO: [ app_init ] --START--
INFO: Run Behavior\BuildLiteBehavior [ RunTime:0.000047s ]
INFO: [ app_init ] --END-- [ RunTime:0.000664s ]
ERR: 无法加载模块:Public

[ 2015-10-19T12:39:56+08:00 ] 127.0.0.1 /sdibt_jsj/Public/images/form_input_long.gif
INFO: [ app_init ] --START--
INFO: Run Behavior\BuildLiteBehavior [ RunTime:0.000065s ]
INFO: [ app_init ] --END-- [ RunTime:0.001062s ]
ERR: 无法加载模块:Public

[ 2015-10-19T12:39:57+08:00 ] 127.0.0.1 /sdibt_jsj/Public/scripts1/scrollCor.js
INFO: [ app_init ] --START--
INFO: Run Behavior\BuildLiteBehavior [ RunTime:0.000031s ]
INFO: [ app_init ] --END-- [ RunTime:0.000516s ]
ERR: 无法加载模块:Public

[ 2015-10-19T12:39:57+08:00 ] 127.0.0.1 /sdibt_jsj/Public/images/form_input_long.gif
INFO: [ app_init ] --START--
INFO: Run Behavior\BuildLiteBehavior [ RunTime:0.000032s ]
INFO: [ app_init ] --END-- [ RunTime:0.000780s ]
ERR: 无法加载模块:Public

[ 2015-10-19T12:40:09+08:00 ] 127.0.0.1 /sdibt_jsj/Public/img/btn-overlay.png
INFO: [ app_init ] --START--
INFO: Run Behavior\BuildLiteBehavior [ RunTime:0.000057s ]
INFO: [ app_init ] --END-- [ RunTime:0.000745s ]
ERR: 无法加载模块:Public

[ 2015-10-19T12:40:44+08:00 ] 127.0.0.1 /sdibt_jsj/Public/img/btn-overlay.png
INFO: [ app_init ] --START--
INFO: Run Behavior\BuildLiteBehavior [ RunTime:0.000027s ]
INFO: [ app_init ] --END-- [ RunTime:0.000470s ]
ERR: 无法加载模块:Public

[ 2015-10-19T12:40:46+08:00 ] 127.0.0.1 /sdibt_jsj/Public/scripts1/scrollCor.js
INFO: [ app_init ] --START--
INFO: Run Behavior\BuildLiteBehavior [ RunTime:0.000031s ]
INFO: [ app_init ] --END-- [ RunTime:0.000721s ]
ERR: 无法加载模块:Public

[ 2015-10-19T12:40:46+08:00 ] 127.0.0.1 /sdibt_jsj/Public/images/form_input_long.gif
INFO: [ app_init ] --START--
INFO: Run Behavior\BuildLiteBehavior [ RunTime:0.000028s ]
INFO: [ app_init ] --END-- [ RunTime:0.000641s ]
ERR: 无法加载模块:Public

[ 2015-10-19T12:40:48+08:00 ] 127.0.0.1 /sdibt_jsj/Public/scripts1/scrollCor.js
INFO: [ app_init ] --START--
INFO: Run Behavior\BuildLiteBehavior [ RunTime:0.000028s ]
INFO: [ app_init ] --END-- [ RunTime:0.000488s ]
ERR: 无法加载模块:Public

[ 2015-10-19T12:40:48+08:00 ] 127.0.0.1 /sdibt_jsj/Public/images/form_input_long.gif
INFO: [ app_init ] --START--
INFO: Run Behavior\BuildLiteBehavior [ RunTime:0.000045s ]
INFO: [ app_init ] --END-- [ RunTime:0.000708s ]
ERR: 无法加载模块:Public

[ 2015-10-19T12:40:52+08:00 ] 127.0.0.1 /sdibt_jsj/Public/scripts1/scrollCor.js
INFO: [ app_init ] --START--
INFO: Run Behavior\BuildLiteBehavior [ RunTime:0.000083s ]
INFO: [ app_init ] --END-- [ RunTime:0.001548s ]
ERR: 无法加载模块:Public

[ 2015-10-19T12:40:52+08:00 ] 127.0.0.1 /sdibt_jsj/Public/images/form_input_long.gif
INFO: [ app_init ] --START--
INFO: Run Behavior\BuildLiteBehavior [ RunTime:0.000054s ]
INFO: [ app_init ] --END-- [ RunTime:0.000931s ]
ERR: 无法加载模块:Public

[ 2015-10-19T12:40:52+08:00 ] 127.0.0.1 /sdibt_jsj/Public/scripts1/scrollCor.js
INFO: [ app_init ] --START--
INFO: Run Behavior\BuildLiteBehavior [ RunTime:0.000029s ]
INFO: [ app_init ] --END-- [ RunTime:0.000645s ]
ERR: 无法加载模块:Public

[ 2015-10-19T12:40:53+08:00 ] 127.0.0.1 /sdibt_jsj/Public/images/form_input_long.gif
INFO: [ app_init ] --START--
INFO: Run Behavior\BuildLiteBehavior [ RunTime:0.000046s ]
INFO: [ app_init ] --END-- [ RunTime:0.001253s ]
ERR: 无法加载模块:Public

[ 2015-10-19T12:40:54+08:00 ] 127.0.0.1 /sdibt_jsj/Public/scripts1/scrollCor.js
INFO: [ app_init ] --START--
INFO: Run Behavior\BuildLiteBehavior [ RunTime:0.000036s ]
INFO: [ app_init ] --END-- [ RunTime:0.000488s ]
ERR: 无法加载模块:Public

[ 2015-10-19T12:40:55+08:00 ] 127.0.0.1 /sdibt_jsj/Public/images/form_input_long.gif
INFO: [ app_init ] --START--
INFO: Run Behavior\BuildLiteBehavior [ RunTime:0.000030s ]
INFO: [ app_init ] --END-- [ RunTime:0.001203s ]
ERR: 无法加载模块:Public

[ 2015-10-19T12:41:05+08:00 ] 127.0.0.1 /sdibt_jsj/Public/img/btn-overlay.png
INFO: [ app_init ] --START--
INFO: Run Behavior\BuildLiteBehavior [ RunTime:0.000027s ]
INFO: [ app_init ] --END-- [ RunTime:0.000523s ]
ERR: 无法加载模块:Public

[ 2015-10-19T12:41:32+08:00 ] 127.0.0.1 /sdibt_jsj/Public/img/btn-overlay.png
INFO: [ app_init ] --START--
INFO: Run Behavior\BuildLiteBehavior [ RunTime:0.000035s ]
INFO: [ app_init ] --END-- [ RunTime:0.000637s ]
ERR: 无法加载模块:Public

[ 2015-10-19T12:41:34+08:00 ] 127.0.0.1 /sdibt_jsj/Public/scripts1/scrollCor.js
INFO: [ app_init ] --START--
INFO: Run Behavior\BuildLiteBehavior [ RunTime:0.000053s ]
INFO: [ app_init ] --END-- [ RunTime:0.001153s ]
ERR: 无法加载模块:Public

[ 2015-10-19T12:41:34+08:00 ] 127.0.0.1 /sdibt_jsj/Public/images/form_input_long.gif
INFO: [ app_init ] --START--
INFO: Run Behavior\BuildLiteBehavior [ RunTime:0.000123s ]
INFO: [ app_init ] --END-- [ RunTime:0.002355s ]
ERR: 无法加载模块:Public

[ 2015-10-19T12:41:34+08:00 ] 127.0.0.1 /sdibt_jsj/Public/scripts1/scrollCor.js
INFO: [ app_init ] --START--
INFO: Run Behavior\BuildLiteBehavior [ RunTime:0.000027s ]
INFO: [ app_init ] --END-- [ RunTime:0.000504s ]
ERR: 无法加载模块:Public

[ 2015-10-19T12:41:34+08:00 ] 127.0.0.1 /sdibt_jsj/Public/images/form_input_long.gif
INFO: [ app_init ] --START--
INFO: Run Behavior\BuildLiteBehavior [ RunTime:0.000129s ]
INFO: [ app_init ] --END-- [ RunTime:0.001839s ]
ERR: 无法加载模块:Public

[ 2015-10-19T12:42:14+08:00 ] 127.0.0.1 /sdibt_jsj/Public/scripts1/scrollCor.js
INFO: [ app_init ] --START--
INFO: Run Behavior\BuildLiteBehavior [ RunTime:0.000051s ]
INFO: [ app_init ] --END-- [ RunTime:0.000915s ]
ERR: 无法加载模块:Public

[ 2015-10-19T12:42:14+08:00 ] 127.0.0.1 /sdibt_jsj/Public/images/form_input_long.gif
INFO: [ app_init ] --START--
INFO: Run Behavior\BuildLiteBehavior [ RunTime:0.000040s ]
INFO: [ app_init ] --END-- [ RunTime:0.000591s ]
ERR: 无法加载模块:Public

[ 2015-10-19T12:42:34+08:00 ] 127.0.0.1 /sdibt_jsj/Public/img/btn-overlay.png
INFO: [ app_init ] --START--
INFO: Run Behavior\BuildLiteBehavior [ RunTime:0.000027s ]
INFO: [ app_init ] --END-- [ RunTime:0.000491s ]
ERR: 无法加载模块:Public

[ 2015-10-19T12:42:47+08:00 ] 127.0.0.1 /sdibt_jsj/Public/img/btn-overlay.png
INFO: [ app_init ] --START--
INFO: Run Behavior\BuildLiteBehavior [ RunTime:0.000027s ]
INFO: [ app_init ] --END-- [ RunTime:0.000456s ]
ERR: 无法加载模块:Public

[ 2015-10-19T12:42:48+08:00 ] 127.0.0.1 /sdibt_jsj/Public/scripts1/scrollCor.js
INFO: [ app_init ] --START--
INFO: Run Behavior\BuildLiteBehavior [ RunTime:0.000045s ]
INFO: [ app_init ] --END-- [ RunTime:0.000873s ]
ERR: 无法加载模块:Public

[ 2015-10-19T12:42:48+08:00 ] 127.0.0.1 /sdibt_jsj/Public/images/form_input_long.gif
INFO: [ app_init ] --START--
INFO: Run Behavior\BuildLiteBehavior [ RunTime:0.000029s ]
INFO: [ app_init ] --END-- [ RunTime:0.000607s ]
ERR: 无法加载模块:Public

[ 2015-10-19T12:42:54+08:00 ] 127.0.0.1 /sdibt_jsj/Public/scripts1/scrollCor.js
INFO: [ app_init ] --START--
INFO: Run Behavior\BuildLiteBehavior [ RunTime:0.000046s ]
INFO: [ app_init ] --END-- [ RunTime:0.000832s ]
ERR: 无法加载模块:Public

[ 2015-10-19T12:42:54+08:00 ] 127.0.0.1 /sdibt_jsj/Public/images/form_input_long.gif
INFO: [ app_init ] --START--
INFO: Run Behavior\BuildLiteBehavior [ RunTime:0.000047s ]
INFO: [ app_init ] --END-- [ RunTime:0.000717s ]
ERR: 无法加载模块:Public

[ 2015-10-19T12:43:28+08:00 ] 127.0.0.1 /sdibt_jsj/Public/img/btn-overlay.png
INFO: [ app_init ] --START--
INFO: Run Behavior\BuildLiteBehavior [ RunTime:0.000052s ]
INFO: [ app_init ] --END-- [ RunTime:0.000873s ]
ERR: 无法加载模块:Public

[ 2015-10-19T12:43:29+08:00 ] 127.0.0.1 /sdibt_jsj/Public/img/btn-overlay.png
INFO: [ app_init ] --START--
INFO: Run Behavior\BuildLiteBehavior [ RunTime:0.000030s ]
INFO: [ app_init ] --END-- [ RunTime:0.000762s ]
ERR: 无法加载模块:Public

[ 2015-10-19T12:43:42+08:00 ] 127.0.0.1 /sdibt_jsj/Public/img/btn-overlay.png
INFO: [ app_init ] --START--
INFO: Run Behavior\BuildLiteBehavior [ RunTime:0.000083s ]
INFO: [ app_init ] --END-- [ RunTime:0.001028s ]
ERR: 无法加载模块:Public

[ 2015-10-19T12:43:46+08:00 ] 127.0.0.1 /sdibt_jsj/Public/img/btn-overlay.png
INFO: [ app_init ] --START--
INFO: Run Behavior\BuildLiteBehavior [ RunTime:0.000050s ]
INFO: [ app_init ] --END-- [ RunTime:0.000905s ]
ERR: 无法加载模块:Public

[ 2015-10-19T12:44:18+08:00 ] 127.0.0.1 /sdibt_jsj/Public/img/btn-overlay.png
INFO: [ app_init ] --START--
INFO: Run Behavior\BuildLiteBehavior [ RunTime:0.000028s ]
INFO: [ app_init ] --END-- [ RunTime:0.000526s ]
ERR: 无法加载模块:Public

[ 2015-10-19T12:44:20+08:00 ] 127.0.0.1 /sdibt_jsj/Public/img/btn-overlay.png
INFO: [ app_init ] --START--
INFO: Run Behavior\BuildLiteBehavior [ RunTime:0.000039s ]
INFO: [ app_init ] --END-- [ RunTime:0.000558s ]
ERR: 无法加载模块:Public

[ 2015-10-19T12:44:50+08:00 ] 127.0.0.1 /sdibt_jsj/Public/img/btn-overlay.png
INFO: [ app_init ] --START--
INFO: Run Behavior\BuildLiteBehavior [ RunTime:0.000044s ]
INFO: [ app_init ] --END-- [ RunTime:0.000542s ]
ERR: 无法加载模块:Public

[ 2015-10-19T12:45:01+08:00 ] 127.0.0.1 /sdibt_jsj/Public/img/btn-overlay.png
INFO: [ app_init ] --START--
INFO: Run Behavior\BuildLiteBehavior [ RunTime:0.000029s ]
INFO: [ app_init ] --END-- [ RunTime:0.000520s ]
ERR: 无法加载模块:Public

[ 2015-10-19T12:45:15+08:00 ] 127.0.0.1 /sdibt_jsj/Public/img/btn-overlay.png
INFO: [ app_init ] --START--
INFO: Run Behavior\BuildLiteBehavior [ RunTime:0.000049s ]
INFO: [ app_init ] --END-- [ RunTime:0.001113s ]
ERR: 无法加载模块:Public

[ 2015-10-19T12:45:17+08:00 ] 127.0.0.1 /sdibt_jsj/Public/scripts1/scrollCor.js
INFO: [ app_init ] --START--
INFO: Run Behavior\BuildLiteBehavior [ RunTime:0.000041s ]
INFO: [ app_init ] --END-- [ RunTime:0.000746s ]
ERR: 无法加载模块:Public

[ 2015-10-19T12:45:17+08:00 ] 127.0.0.1 /sdibt_jsj/Public/images/form_input_long.gif
INFO: [ app_init ] --START--
INFO: Run Behavior\BuildLiteBehavior [ RunTime:0.000057s ]
INFO: [ app_init ] --END-- [ RunTime:0.000911s ]
ERR: 无法加载模块:Public

[ 2015-10-19T12:45:19+08:00 ] 127.0.0.1 /sdibt_jsj/Public/scripts1/scrollCor.js
INFO: [ app_init ] --START--
INFO: Run Behavior\BuildLiteBehavior [ RunTime:0.000028s ]
INFO: [ app_init ] --END-- [ RunTime:0.000556s ]
ERR: 无法加载模块:Public

[ 2015-10-19T12:45:19+08:00 ] 127.0.0.1 /sdibt_jsj/Public/images/form_input_long.gif
INFO: [ app_init ] --START--
INFO: Run Behavior\BuildLiteBehavior [ RunTime:0.000027s ]
INFO: [ app_init ] --END-- [ RunTime:0.000623s ]
ERR: 无法加载模块:Public

[ 2015-10-19T12:45:24+08:00 ] 127.0.0.1 /sdibt_jsj/Public/scripts1/scrollCor.js
INFO: [ app_init ] --START--
INFO: Run Behavior\BuildLiteBehavior [ RunTime:0.000030s ]
INFO: [ app_init ] --END-- [ RunTime:0.000545s ]
ERR: 无法加载模块:Public

[ 2015-10-19T12:45:24+08:00 ] 127.0.0.1 /sdibt_jsj/Public/images/form_input_long.gif
INFO: [ app_init ] --START--
INFO: Run Behavior\BuildLiteBehavior [ RunTime:0.000150s ]
INFO: [ app_init ] --END-- [ RunTime:0.002389s ]
ERR: 无法加载模块:Public

[ 2015-10-19T12:45:28+08:00 ] 127.0.0.1 /sdibt_jsj/Public/scripts1/scrollCor.js
INFO: [ app_init ] --START--
INFO: Run Behavior\BuildLiteBehavior [ RunTime:0.000027s ]
INFO: [ app_init ] --END-- [ RunTime:0.000578s ]
ERR: 无法加载模块:Public

[ 2015-10-19T12:45:28+08:00 ] 127.0.0.1 /sdibt_jsj/Public/images/form_input_long.gif
INFO: [ app_init ] --START--
INFO: Run Behavior\BuildLiteBehavior [ RunTime:0.000046s ]
INFO: [ app_init ] --END-- [ RunTime:0.000911s ]
ERR: 无法加载模块:Public

[ 2015-10-19T12:45:28+08:00 ] 127.0.0.1 /sdibt_jsj/Public/scripts1/scrollCor.js
INFO: [ app_init ] --START--
INFO: Run Behavior\BuildLiteBehavior [ RunTime:0.000025s ]
INFO: [ app_init ] --END-- [ RunTime:0.000439s ]
ERR: 无法加载模块:Public

[ 2015-10-19T12:45:28+08:00 ] 127.0.0.1 /sdibt_jsj/Public/images/form_input_long.gif
INFO: [ app_init ] --START--
INFO: Run Behavior\BuildLiteBehavior [ RunTime:0.000029s ]
INFO: [ app_init ] --END-- [ RunTime:0.000650s ]
ERR: 无法加载模块:Public

[ 2015-10-19T12:45:31+08:00 ] 127.0.0.1 /sdibt_jsj/Public/scripts1/scrollCor.js
INFO: [ app_init ] --START--
INFO: Run Behavior\BuildLiteBehavior [ RunTime:0.000025s ]
INFO: [ app_init ] --END-- [ RunTime:0.000484s ]
ERR: 无法加载模块:Public

[ 2015-10-19T12:45:31+08:00 ] 127.0.0.1 /sdibt_jsj/Public/images/form_input_long.gif
INFO: [ app_init ] --START--
INFO: Run Behavior\BuildLiteBehavior [ RunTime:0.000028s ]
INFO: [ app_init ] --END-- [ RunTime:0.000539s ]
ERR: 无法加载模块:Public

[ 2015-10-19T12:45:34+08:00 ] 127.0.0.1 /sdibt_jsj/Public/scripts1/scrollCor.js
INFO: [ app_init ] --START--
INFO: Run Behavior\BuildLiteBehavior [ RunTime:0.000025s ]
INFO: [ app_init ] --END-- [ RunTime:0.000456s ]
ERR: 无法加载模块:Public

[ 2015-10-19T12:45:34+08:00 ] 127.0.0.1 /sdibt_jsj/Public/images/form_input_long.gif
INFO: [ app_init ] --START--
INFO: Run Behavior\BuildLiteBehavior [ RunTime:0.000061s ]
INFO: [ app_init ] --END-- [ RunTime:0.001585s ]
ERR: 无法加载模块:Public

[ 2015-10-19T12:45:42+08:00 ] 127.0.0.1 /sdibt_jsj/Public/scripts1/scrollCor.js
INFO: [ app_init ] --START--
INFO: Run Behavior\BuildLiteBehavior [ RunTime:0.000029s ]
INFO: [ app_init ] --END-- [ RunTime:0.000575s ]
ERR: 无法加载模块:Public

[ 2015-10-19T12:45:42+08:00 ] 127.0.0.1 /sdibt_jsj/Public/images/form_input_long.gif
INFO: [ app_init ] --START--
INFO: Run Behavior\BuildLiteBehavior [ RunTime:0.000062s ]
INFO: [ app_init ] --END-- [ RunTime:0.000659s ]
ERR: 无法加载模块:Public

[ 2015-10-19T12:45:48+08:00 ] 127.0.0.1 /sdibt_jsj/Public/scripts1/scrollCor.js
INFO: [ app_init ] --START--
INFO: Run Behavior\BuildLiteBehavior [ RunTime:0.000028s ]
INFO: [ app_init ] --END-- [ RunTime:0.000567s ]
ERR: 无法加载模块:Public

[ 2015-10-19T12:45:48+08:00 ] 127.0.0.1 /sdibt_jsj/Public/images/form_input_long.gif
INFO: [ app_init ] --START--
INFO: Run Behavior\BuildLiteBehavior [ RunTime:0.000028s ]
INFO: [ app_init ] --END-- [ RunTime:0.000493s ]
ERR: 无法加载模块:Public

[ 2015-10-19T13:11:02+08:00 ] 127.0.0.1 /sdibt_jsj/Public/scripts1/scrollCor.js
INFO: [ app_init ] --START--
INFO: Run Behavior\BuildLiteBehavior [ RunTime:0.000028s ]
INFO: [ app_init ] --END-- [ RunTime:0.000596s ]
ERR: 无法加载模块:Public

[ 2015-10-19T13:11:02+08:00 ] 127.0.0.1 /sdibt_jsj/Public/images/form_input_long.gif
INFO: [ app_init ] --START--
INFO: Run Behavior\BuildLiteBehavior [ RunTime:0.000085s ]
INFO: [ app_init ] --END-- [ RunTime:0.001423s ]
ERR: 无法加载模块:Public

[ 2015-10-19T13:11:04+08:00 ] 127.0.0.1 /sdibt_jsj/Public/scripts1/scrollCor.js
INFO: [ app_init ] --START--
INFO: Run Behavior\BuildLiteBehavior [ RunTime:0.000046s ]
INFO: [ app_init ] --END-- [ RunTime:0.000753s ]
ERR: 无法加载模块:Public

[ 2015-10-19T13:11:04+08:00 ] 127.0.0.1 /sdibt_jsj/Public/images/form_input_long.gif
INFO: [ app_init ] --START--
INFO: Run Behavior\BuildLiteBehavior [ RunTime:0.000043s ]
INFO: [ app_init ] --END-- [ RunTime:0.000744s ]
ERR: 无法加载模块:Public

[ 2015-10-19T13:11:07+08:00 ] 127.0.0.1 /sdibt_jsj/Public/scripts1/scrollCor.js
INFO: [ app_init ] --START--
INFO: Run Behavior\BuildLiteBehavior [ RunTime:0.000026s ]
INFO: [ app_init ] --END-- [ RunTime:0.000439s ]
ERR: 无法加载模块:Public

[ 2015-10-19T13:11:07+08:00 ] 127.0.0.1 /sdibt_jsj/Public/images/form_input_long.gif
INFO: [ app_init ] --START--
INFO: Run Behavior\BuildLiteBehavior [ RunTime:0.000028s ]
INFO: [ app_init ] --END-- [ RunTime:0.000506s ]
ERR: 无法加载模块:Public

[ 2015-10-19T13:11:09+08:00 ] 127.0.0.1 /sdibt_jsj/Public/scripts1/scrollCor.js
INFO: [ app_init ] --START--
INFO: Run Behavior\BuildLiteBehavior [ RunTime:0.000026s ]
INFO: [ app_init ] --END-- [ RunTime:0.000449s ]
ERR: 无法加载模块:Public

[ 2015-10-19T13:11:09+08:00 ] 127.0.0.1 /sdibt_jsj/Public/images/form_input_long.gif
INFO: [ app_init ] --START--
INFO: Run Behavior\BuildLiteBehavior [ RunTime:0.000106s ]
INFO: [ app_init ] --END-- [ RunTime:0.001260s ]
ERR: 无法加载模块:Public

[ 2015-10-19T13:11:11+08:00 ] 127.0.0.1 /sdibt_jsj/Public/scripts1/scrollCor.js
INFO: [ app_init ] --START--
INFO: Run Behavior\BuildLiteBehavior [ RunTime:0.000097s ]
INFO: [ app_init ] --END-- [ RunTime:0.001656s ]
ERR: 无法加载模块:Public

[ 2015-10-19T13:11:11+08:00 ] 127.0.0.1 /sdibt_jsj/Public/images/form_input_long.gif
INFO: [ app_init ] --START--
INFO: Run Behavior\BuildLiteBehavior [ RunTime:0.000049s ]
INFO: [ app_init ] --END-- [ RunTime:0.001290s ]
ERR: 无法加载模块:Public

[ 2015-10-19T13:11:12+08:00 ] 127.0.0.1 /sdibt_jsj/Public/scripts1/scrollCor.js
INFO: [ app_init ] --START--
INFO: Run Behavior\BuildLiteBehavior [ RunTime:0.000038s ]
INFO: [ app_init ] --END-- [ RunTime:0.000758s ]
ERR: 无法加载模块:Public

[ 2015-10-19T13:11:12+08:00 ] 127.0.0.1 /sdibt_jsj/Public/images/form_input_long.gif
INFO: [ app_init ] --START--
INFO: Run Behavior\BuildLiteBehavior [ RunTime:0.000044s ]
INFO: [ app_init ] --END-- [ RunTime:0.000663s ]
ERR: 无法加载模块:Public

[ 2015-10-19T13:11:13+08:00 ] 127.0.0.1 /sdibt_jsj/Public/scripts1/scrollCor.js
INFO: [ app_init ] --START--
INFO: Run Behavior\BuildLiteBehavior [ RunTime:0.000025s ]
INFO: [ app_init ] --END-- [ RunTime:0.000420s ]
ERR: 无法加载模块:Public

[ 2015-10-19T13:11:13+08:00 ] 127.0.0.1 /sdibt_jsj/Public/images/form_input_long.gif
INFO: [ app_init ] --START--
INFO: Run Behavior\BuildLiteBehavior [ RunTime:0.000043s ]
INFO: [ app_init ] --END-- [ RunTime:0.000740s ]
ERR: 无法加载模块:Public

[ 2015-10-19T13:26:04+08:00 ] 127.0.0.1 /sdibt_jsj/Public/scripts1/scrollCor.js
INFO: [ app_init ] --START--
INFO: Run Behavior\BuildLiteBehavior [ RunTime:0.000043s ]
INFO: [ app_init ] --END-- [ RunTime:0.000590s ]
ERR: 无法加载模块:Public

[ 2015-10-19T13:26:04+08:00 ] 127.0.0.1 /sdibt_jsj/Public/images/form_input_long.gif
INFO: [ app_init ] --START--
INFO: Run Behavior\BuildLiteBehavior [ RunTime:0.000037s ]
INFO: [ app_init ] --END-- [ RunTime:0.001931s ]
ERR: 无法加载模块:Public

[ 2015-10-19T13:26:05+08:00 ] 127.0.0.1 /sdibt_jsj/Public/scripts1/scrollCor.js
INFO: [ app_init ] --START--
INFO: Run Behavior\BuildLiteBehavior [ RunTime:0.000044s ]
INFO: [ app_init ] --END-- [ RunTime:0.000647s ]
ERR: 无法加载模块:Public

[ 2015-10-19T13:26:05+08:00 ] 127.0.0.1 /sdibt_jsj/Public/images/form_input_long.gif
INFO: [ app_init ] --START--
INFO: Run Behavior\BuildLiteBehavior [ RunTime:0.000044s ]
INFO: [ app_init ] --END-- [ RunTime:0.000575s ]
ERR: 无法加载模块:Public

[ 2015-10-19T13:27:26+08:00 ] 127.0.0.1 /sdibt_jsj/Public/scripts1/scrollCor.js
INFO: [ app_init ] --START--
INFO: Run Behavior\BuildLiteBehavior [ RunTime:0.000048s ]
INFO: [ app_init ] --END-- [ RunTime:0.001586s ]
ERR: 无法加载模块:Public

[ 2015-10-19T13:27:26+08:00 ] 127.0.0.1 /sdibt_jsj/showimage/3_b267e9ffe0.jpg
INFO: [ app_init ] --START--
INFO: Run Behavior\BuildLiteBehavior [ RunTime:0.000260s ]
INFO: [ app_init ] --END-- [ RunTime:0.001434s ]
ERR: 无法加载模块:Showimage

[ 2015-10-19T13:27:26+08:00 ] 127.0.0.1 /sdibt_jsj/Public/images/form_input_long.gif
INFO: [ app_init ] --START--
INFO: Run Behavior\BuildLiteBehavior [ RunTime:0.000082s ]
INFO: [ app_init ] --END-- [ RunTime:0.000889s ]
ERR: 无法加载模块:Public

[ 2015-10-19T13:27:26+08:00 ] 127.0.0.1 /sdibt_jsj/showimage/3_b267e9ffe0.jpg
INFO: [ app_init ] --START--
INFO: Run Behavior\BuildLiteBehavior [ RunTime:0.000044s ]
INFO: [ app_init ] --END-- [ RunTime:0.000761s ]
ERR: 无法加载模块:Showimage

[ 2015-10-19T13:27:49+08:00 ] 127.0.0.1 /sdibt_jsj/Public/images/logo_index.png
INFO: [ app_init ] --START--
INFO: Run Behavior\BuildLiteBehavior [ RunTime:0.000039s ]
INFO: [ app_init ] --END-- [ RunTime:0.000634s ]
ERR: 无法加载模块:Public

[ 2015-10-19T13:28:38+08:00 ] 127.0.0.1 /sdibt_jsj/Public/img/btn-overlay.png
INFO: [ app_init ] --START--
INFO: Run Behavior\BuildLiteBehavior [ RunTime:0.000041s ]
INFO: [ app_init ] --END-- [ RunTime:0.000648s ]
ERR: 无法加载模块:Public

[ 2015-10-19T13:28:45+08:00 ] 127.0.0.1 /sdibt_jsj/Public/img/btn-overlay.png
INFO: [ app_init ] --START--
INFO: Run Behavior\BuildLiteBehavior [ RunTime:0.000028s ]
INFO: [ app_init ] --END-- [ RunTime:0.000583s ]
ERR: 无法加载模块:Public

[ 2015-10-19T13:28:51+08:00 ] 127.0.0.1 /sdibt_jsj/Public/img/btn-overlay.png
INFO: [ app_init ] --START--
INFO: Run Behavior\BuildLiteBehavior [ RunTime:0.000028s ]
INFO: [ app_init ] --END-- [ RunTime:0.000595s ]
ERR: 无法加载模块:Public

[ 2015-10-19T13:29:16+08:00 ] 127.0.0.1 /sdibt_jsj/Public/img/btn-overlay.png
INFO: [ app_init ] --START--
INFO: Run Behavior\BuildLiteBehavior [ RunTime:0.000049s ]
INFO: [ app_init ] --END-- [ RunTime:0.001324s ]
ERR: 无法加载模块:Public

[ 2015-10-19T13:29:18+08:00 ] 127.0.0.1 /sdibt_jsj/Public/scripts1/scrollCor.js
INFO: [ app_init ] --START--
INFO: Run Behavior\BuildLiteBehavior [ RunTime:0.000052s ]
INFO: [ app_init ] --END-- [ RunTime:0.000872s ]
ERR: 无法加载模块:Public

[ 2015-10-19T13:29:18+08:00 ] 127.0.0.1 /sdibt_jsj/Public/images/form_input_long.gif
INFO: [ app_init ] --START--
INFO: Run Behavior\BuildLiteBehavior [ RunTime:0.000046s ]
INFO: [ app_init ] --END-- [ RunTime:0.000776s ]
ERR: 无法加载模块:Public

[ 2015-10-19T13:29:28+08:00 ] 127.0.0.1 /sdibt_jsj/Public/scripts1/scrollCor.js
INFO: [ app_init ] --START--
INFO: Run Behavior\BuildLiteBehavior [ RunTime:0.000078s ]
INFO: [ app_init ] --END-- [ RunTime:0.001268s ]
ERR: 无法加载模块:Public

[ 2015-10-19T13:29:28+08:00 ] 127.0.0.1 /sdibt_jsj/Public/images/form_input_long.gif
INFO: [ app_init ] --START--
INFO: Run Behavior\BuildLiteBehavior [ RunTime:0.000044s ]
INFO: [ app_init ] --END-- [ RunTime:0.000771s ]
ERR: 无法加载模块:Public

