[ 2015-10-16T10:16:17+08:00 ] 127.0.0.1 /sdibt_jsj/Public/images/form_input_long.gif
INFO: [ app_init ] --START--
INFO: Run Behavior\BuildLiteBehavior [ RunTime:0.000045s ]
INFO: [ app_init ] --END-- [ RunTime:0.001258s ]
ERR: 无法加载模块:Public

[ 2015-10-16T10:16:19+08:00 ] 127.0.0.1 /sdibt_jsj/Public/images/form_input_long.gif
INFO: [ app_init ] --START--
INFO: Run Behavior\BuildLiteBehavior [ RunTime:0.000029s ]
INFO: [ app_init ] --END-- [ RunTime:0.000510s ]
ERR: 无法加载模块:Public

[ 2015-10-16T10:16:20+08:00 ] 127.0.0.1 /sdibt_jsj/Public/images/form_input_long.gif
INFO: [ app_init ] --START--
INFO: Run Behavior\BuildLiteBehavior [ RunTime:0.000038s ]
INFO: [ app_init ] --END-- [ RunTime:0.001205s ]
ERR: 无法加载模块:Public

[ 2015-10-16T10:16:22+08:00 ] 127.0.0.1 /sdibt_jsj/Public/images/form_input_long.gif
INFO: [ app_init ] --START--
INFO: Run Behavior\BuildLiteBehavior [ RunTime:0.000037s ]
INFO: [ app_init ] --END-- [ RunTime:0.000789s ]
ERR: 无法加载模块:Public

[ 2015-10-16T10:17:14+08:00 ] 127.0.0.1 /sdibt_jsj/Public/images/form_input_long.gif
INFO: [ app_init ] --START--
INFO: Run Behavior\BuildLiteBehavior [ RunTime:0.000093s ]
INFO: [ app_init ] --END-- [ RunTime:0.001124s ]
ERR: 无法加载模块:Public

[ 2015-10-16T10:17:15+08:00 ] 127.0.0.1 /sdibt_jsj/Public/images/form_input_long.gif
INFO: [ app_init ] --START--
INFO: Run Behavior\BuildLiteBehavior [ RunTime:0.000026s ]
INFO: [ app_init ] --END-- [ RunTime:0.000497s ]
ERR: 无法加载模块:Public

[ 2015-10-16T10:22:47+08:00 ] 127.0.0.1 /sdibt_jsj/Public/images/form_input_long.gif
INFO: [ app_init ] --START--
INFO: Run Behavior\BuildLiteBehavior [ RunTime:0.000028s ]
INFO: [ app_init ] --END-- [ RunTime:0.000512s ]
ERR: 无法加载模块:Public

[ 2015-10-16T10:22:49+08:00 ] 127.0.0.1 /sdibt_jsj/Public/images/form_input_long.gif
INFO: [ app_init ] --START--
INFO: Run Behavior\BuildLiteBehavior [ RunTime:0.000027s ]
INFO: [ app_init ] --END-- [ RunTime:0.000446s ]
ERR: 无法加载模块:Public

[ 2015-10-16T10:22:52+08:00 ] 127.0.0.1 /sdibt_jsj/Public/images/form_input_long.gif
INFO: [ app_init ] --START--
INFO: Run Behavior\BuildLiteBehavior [ RunTime:0.000025s ]
INFO: [ app_init ] --END-- [ RunTime:0.000454s ]
ERR: 无法加载模块:Public

[ 2015-10-16T10:22:56+08:00 ] 127.0.0.1 /sdibt_jsj/Public/images/form_input_long.gif
INFO: [ app_init ] --START--
INFO: Run Behavior\BuildLiteBehavior [ RunTime:0.000049s ]
INFO: [ app_init ] --END-- [ RunTime:0.000694s ]
ERR: 无法加载模块:Public

[ 2015-10-16T10:23:39+08:00 ] 127.0.0.1 /sdibt_jsj/Public/images/form_input_long.gif
INFO: [ app_init ] --START--
INFO: Run Behavior\BuildLiteBehavior [ RunTime:0.000084s ]
INFO: [ app_init ] --END-- [ RunTime:0.001323s ]
ERR: 无法加载模块:Public

[ 2015-10-16T10:23:44+08:00 ] 127.0.0.1 /sdibt_jsj/Public/images/form_input_long.gif
INFO: [ app_init ] --START--
INFO: Run Behavior\BuildLiteBehavior [ RunTime:0.000038s ]
INFO: [ app_init ] --END-- [ RunTime:0.000546s ]
ERR: 无法加载模块:Public

[ 2015-10-16T10:23:46+08:00 ] 127.0.0.1 /sdibt_jsj/Public/images/form_input_long.gif
INFO: [ app_init ] --START--
INFO: Run Behavior\BuildLiteBehavior [ RunTime:0.000031s ]
INFO: [ app_init ] --END-- [ RunTime:0.001089s ]
ERR: 无法加载模块:Public

[ 2015-10-16T10:23:58+08:00 ] 127.0.0.1 /sdibt_jsj/Public/images/form_input_long.gif
INFO: [ app_init ] --START--
INFO: Run Behavior\BuildLiteBehavior [ RunTime:0.000027s ]
INFO: [ app_init ] --END-- [ RunTime:0.000623s ]
ERR: 无法加载模块:Public

[ 2015-10-16T10:24:43+08:00 ] 127.0.0.1 /sdibt_jsj/Public/images/form_input_long.gif
INFO: [ app_init ] --START--
INFO: Run Behavior\BuildLiteBehavior [ RunTime:0.000041s ]
INFO: [ app_init ] --END-- [ RunTime:0.000777s ]
ERR: 无法加载模块:Public

[ 2015-10-16T10:24:51+08:00 ] 127.0.0.1 /sdibt_jsj/Public/images/form_input_long.gif
INFO: [ app_init ] --START--
INFO: Run Behavior\BuildLiteBehavior [ RunTime:0.000032s ]
INFO: [ app_init ] --END-- [ RunTime:0.001314s ]
ERR: 无法加载模块:Public

[ 2015-10-16T10:24:54+08:00 ] 127.0.0.1 /sdibt_jsj/Public/images/form_input_long.gif
INFO: [ app_init ] --START--
INFO: Run Behavior\BuildLiteBehavior [ RunTime:0.000040s ]
INFO: [ app_init ] --END-- [ RunTime:0.000563s ]
ERR: 无法加载模块:Public

[ 2015-10-16T11:03:40+08:00 ] 127.0.0.1 /sdibt_jsj/Public/images/form_input_long.gif
INFO: [ app_init ] --START--
INFO: Run Behavior\BuildLiteBehavior [ RunTime:0.000031s ]
INFO: [ app_init ] --END-- [ RunTime:0.000758s ]
ERR: 无法加载模块:Public

[ 2015-10-16T11:03:59+08:00 ] 127.0.0.1 /sdibt_jsj/Public/images/form_input_long.gif
INFO: [ app_init ] --START--
INFO: Run Behavior\BuildLiteBehavior [ RunTime:0.000042s ]
INFO: [ app_init ] --END-- [ RunTime:0.000648s ]
ERR: 无法加载模块:Public

[ 2015-10-16T11:04:03+08:00 ] 127.0.0.1 /sdibt_jsj/Public/images/form_input_long.gif
INFO: [ app_init ] --START--
INFO: Run Behavior\BuildLiteBehavior [ RunTime:0.000039s ]
INFO: [ app_init ] --END-- [ RunTime:0.000547s ]
ERR: 无法加载模块:Public

[ 2015-10-16T11:04:05+08:00 ] 127.0.0.1 /sdibt_jsj/Public/images/form_input_long.gif
INFO: [ app_init ] --START--
INFO: Run Behavior\BuildLiteBehavior [ RunTime:0.000034s ]
INFO: [ app_init ] --END-- [ RunTime:0.000751s ]
ERR: 无法加载模块:Public

[ 2015-10-16T11:04:07+08:00 ] 127.0.0.1 /sdibt_jsj/Public/images/form_input_long.gif
INFO: [ app_init ] --START--
INFO: Run Behavior\BuildLiteBehavior [ RunTime:0.000031s ]
INFO: [ app_init ] --END-- [ RunTime:0.000827s ]
ERR: 无法加载模块:Public

[ 2015-10-16T11:04:09+08:00 ] 127.0.0.1 /sdibt_jsj/Public/images/form_input_long.gif
INFO: [ app_init ] --START--
INFO: Run Behavior\BuildLiteBehavior [ RunTime:0.000030s ]
INFO: [ app_init ] --END-- [ RunTime:0.000929s ]
ERR: 无法加载模块:Public

[ 2015-10-16T11:04:12+08:00 ] 127.0.0.1 /sdibt_jsj/Public/images/form_input_long.gif
INFO: [ app_init ] --START--
INFO: Run Behavior\BuildLiteBehavior [ RunTime:0.000043s ]
INFO: [ app_init ] --END-- [ RunTime:0.001018s ]
ERR: 无法加载模块:Public

[ 2015-10-16T11:04:14+08:00 ] 127.0.0.1 /sdibt_jsj/Public/images/form_input_long.gif
INFO: [ app_init ] --START--
INFO: Run Behavior\BuildLiteBehavior [ RunTime:0.000070s ]
INFO: [ app_init ] --END-- [ RunTime:0.000966s ]
ERR: 无法加载模块:Public

[ 2015-10-16T11:04:19+08:00 ] 127.0.0.1 /sdibt_jsj/Public/images/form_input_long.gif
INFO: [ app_init ] --START--
INFO: Run Behavior\BuildLiteBehavior [ RunTime:0.000029s ]
INFO: [ app_init ] --END-- [ RunTime:0.000573s ]
ERR: 无法加载模块:Public

[ 2015-10-16T11:04:24+08:00 ] 127.0.0.1 /sdibt_jsj/Public/images/form_input_long.gif
INFO: [ app_init ] --START--
INFO: Run Behavior\BuildLiteBehavior [ RunTime:0.000057s ]
INFO: [ app_init ] --END-- [ RunTime:0.000883s ]
ERR: 无法加载模块:Public

[ 2015-10-16T11:05:41+08:00 ] 127.0.0.1 /sdibt_jsj/Public/images/form_input_long.gif
INFO: [ app_init ] --START--
INFO: Run Behavior\BuildLiteBehavior [ RunTime:0.000057s ]
INFO: [ app_init ] --END-- [ RunTime:0.001323s ]
ERR: 无法加载模块:Public

[ 2015-10-16T11:05:58+08:00 ] 127.0.0.1 /sdibt_jsj/Public/images/form_input_long.gif
INFO: [ app_init ] --START--
INFO: Run Behavior\BuildLiteBehavior [ RunTime:0.000046s ]
INFO: [ app_init ] --END-- [ RunTime:0.000786s ]
ERR: 无法加载模块:Public

[ 2015-10-16T11:06:00+08:00 ] 127.0.0.1 /sdibt_jsj/Public/images/form_input_long.gif
INFO: [ app_init ] --START--
INFO: Run Behavior\BuildLiteBehavior [ RunTime:0.000051s ]
INFO: [ app_init ] --END-- [ RunTime:0.001061s ]
ERR: 无法加载模块:Public

[ 2015-10-16T11:51:08+08:00 ] 127.0.0.1 /sdibt_jsj/Public/images/form_input_long.gif
INFO: [ app_init ] --START--
INFO: Run Behavior\BuildLiteBehavior [ RunTime:0.000030s ]
INFO: [ app_init ] --END-- [ RunTime:0.000538s ]
ERR: 无法加载模块:Public

[ 2015-10-16T11:52:11+08:00 ] 127.0.0.1 /sdibt_jsj/Public/images/form_input_long.gif
INFO: [ app_init ] --START--
INFO: Run Behavior\BuildLiteBehavior [ RunTime:0.000027s ]
INFO: [ app_init ] --END-- [ RunTime:0.000582s ]
ERR: 无法加载模块:Public

[ 2015-10-16T11:52:17+08:00 ] 127.0.0.1 /sdibt_jsj/Public/images/form_input_long.gif
INFO: [ app_init ] --START--
INFO: Run Behavior\BuildLiteBehavior [ RunTime:0.000045s ]
INFO: [ app_init ] --END-- [ RunTime:0.000748s ]
ERR: 无法加载模块:Public

[ 2015-10-16T11:52:19+08:00 ] 127.0.0.1 /sdibt_jsj/Public/images/form_input_long.gif
INFO: [ app_init ] --START--
INFO: Run Behavior\BuildLiteBehavior [ RunTime:0.000026s ]
INFO: [ app_init ] --END-- [ RunTime:0.000455s ]
ERR: 无法加载模块:Public

[ 2015-10-16T11:52:20+08:00 ] 127.0.0.1 /sdibt_jsj/Public/images/form_input_long.gif
INFO: [ app_init ] --START--
INFO: Run Behavior\BuildLiteBehavior [ RunTime:0.000027s ]
INFO: [ app_init ] --END-- [ RunTime:0.000424s ]
ERR: 无法加载模块:Public

[ 2015-10-16T11:52:21+08:00 ] 127.0.0.1 /sdibt_jsj/Public/images/form_input_long.gif
INFO: [ app_init ] --START--
INFO: Run Behavior\BuildLiteBehavior [ RunTime:0.000042s ]
INFO: [ app_init ] --END-- [ RunTime:0.000722s ]
ERR: 无法加载模块:Public

[ 2015-10-16T11:52:22+08:00 ] 127.0.0.1 /sdibt_jsj/Public/images/form_input_long.gif
INFO: [ app_init ] --START--
INFO: Run Behavior\BuildLiteBehavior [ RunTime:0.000043s ]
INFO: [ app_init ] --END-- [ RunTime:0.000679s ]
ERR: 无法加载模块:Public

[ 2015-10-16T11:52:23+08:00 ] 127.0.0.1 /sdibt_jsj/Public/images/form_input_long.gif
INFO: [ app_init ] --START--
INFO: Run Behavior\BuildLiteBehavior [ RunTime:0.000046s ]
INFO: [ app_init ] --END-- [ RunTime:0.000882s ]
ERR: 无法加载模块:Public

[ 2015-10-16T11:52:26+08:00 ] 127.0.0.1 /sdibt_jsj/Public/images/form_input_long.gif
INFO: [ app_init ] --START--
INFO: Run Behavior\BuildLiteBehavior [ RunTime:0.000041s ]
INFO: [ app_init ] --END-- [ RunTime:0.000760s ]
ERR: 无法加载模块:Public

[ 2015-10-16T11:52:27+08:00 ] 127.0.0.1 /sdibt_jsj/Public/images/form_input_long.gif
INFO: [ app_init ] --START--
INFO: Run Behavior\BuildLiteBehavior [ RunTime:0.000052s ]
INFO: [ app_init ] --END-- [ RunTime:0.000771s ]
ERR: 无法加载模块:Public

[ 2015-10-16T11:52:29+08:00 ] 127.0.0.1 /sdibt_jsj/Public/images/form_input_long.gif
INFO: [ app_init ] --START--
INFO: Run Behavior\BuildLiteBehavior [ RunTime:0.000044s ]
INFO: [ app_init ] --END-- [ RunTime:0.000780s ]
ERR: 无法加载模块:Public

[ 2015-10-16T11:52:29+08:00 ] 127.0.0.1 /sdibt_jsj/Public/images/form_input_long.gif
INFO: [ app_init ] --START--
INFO: Run Behavior\BuildLiteBehavior [ RunTime:0.000028s ]
INFO: [ app_init ] --END-- [ RunTime:0.000497s ]
ERR: 无法加载模块:Public

[ 2015-10-16T11:52:30+08:00 ] 127.0.0.1 /sdibt_jsj/Public/images/form_input_long.gif
INFO: [ app_init ] --START--
INFO: Run Behavior\BuildLiteBehavior [ RunTime:0.000028s ]
INFO: [ app_init ] --END-- [ RunTime:0.000522s ]
ERR: 无法加载模块:Public

[ 2015-10-16T11:52:32+08:00 ] 127.0.0.1 /sdibt_jsj/Public/images/form_input_long.gif
INFO: [ app_init ] --START--
INFO: Run Behavior\BuildLiteBehavior [ RunTime:0.000089s ]
INFO: [ app_init ] --END-- [ RunTime:0.000746s ]
ERR: 无法加载模块:Public

[ 2015-10-16T11:52:33+08:00 ] 127.0.0.1 /sdibt_jsj/Public/images/form_input_long.gif
INFO: [ app_init ] --START--
INFO: Run Behavior\BuildLiteBehavior [ RunTime:0.000047s ]
INFO: [ app_init ] --END-- [ RunTime:0.000852s ]
ERR: 无法加载模块:Public

[ 2015-10-16T11:52:36+08:00 ] 127.0.0.1 /sdibt_jsj/Public/images/form_input_long.gif
INFO: [ app_init ] --START--
INFO: Run Behavior\BuildLiteBehavior [ RunTime:0.000084s ]
INFO: [ app_init ] --END-- [ RunTime:0.002309s ]
ERR: 无法加载模块:Public

[ 2015-10-16T11:52:38+08:00 ] 127.0.0.1 /sdibt_jsj/Public/images/form_input_long.gif
INFO: [ app_init ] --START--
INFO: Run Behavior\BuildLiteBehavior [ RunTime:0.000025s ]
INFO: [ app_init ] --END-- [ RunTime:0.000454s ]
ERR: 无法加载模块:Public

[ 2015-10-16T11:52:39+08:00 ] 127.0.0.1 /sdibt_jsj/Public/images/form_input_long.gif
INFO: [ app_init ] --START--
INFO: Run Behavior\BuildLiteBehavior [ RunTime:0.000026s ]
INFO: [ app_init ] --END-- [ RunTime:0.000432s ]
ERR: 无法加载模块:Public

[ 2015-10-16T11:52:41+08:00 ] 127.0.0.1 /sdibt_jsj/Public/images/form_input_long.gif
INFO: [ app_init ] --START--
INFO: Run Behavior\BuildLiteBehavior [ RunTime:0.000043s ]
INFO: [ app_init ] --END-- [ RunTime:0.000763s ]
ERR: 无法加载模块:Public

[ 2015-10-16T11:52:44+08:00 ] 127.0.0.1 /sdibt_jsj/Public/images/form_input_long.gif
INFO: [ app_init ] --START--
INFO: Run Behavior\BuildLiteBehavior [ RunTime:0.000026s ]
INFO: [ app_init ] --END-- [ RunTime:0.000448s ]
ERR: 无法加载模块:Public

[ 2015-10-16T11:52:46+08:00 ] 127.0.0.1 /sdibt_jsj/Public/images/form_input_long.gif
INFO: [ app_init ] --START--
INFO: Run Behavior\BuildLiteBehavior [ RunTime:0.000028s ]
INFO: [ app_init ] --END-- [ RunTime:0.000575s ]
ERR: 无法加载模块:Public

[ 2015-10-16T11:52:48+08:00 ] 127.0.0.1 /sdibt_jsj/Public/images/form_input_long.gif
INFO: [ app_init ] --START--
INFO: Run Behavior\BuildLiteBehavior [ RunTime:0.000052s ]
INFO: [ app_init ] --END-- [ RunTime:0.001143s ]
ERR: 无法加载模块:Public

[ 2015-10-16T11:52:50+08:00 ] 127.0.0.1 /sdibt_jsj/Public/images/form_input_long.gif
INFO: [ app_init ] --START--
INFO: Run Behavior\BuildLiteBehavior [ RunTime:0.000027s ]
INFO: [ app_init ] --END-- [ RunTime:0.000438s ]
ERR: 无法加载模块:Public

[ 2015-10-16T11:52:52+08:00 ] 127.0.0.1 /sdibt_jsj/Public/images/form_input_long.gif
INFO: [ app_init ] --START--
INFO: Run Behavior\BuildLiteBehavior [ RunTime:0.000045s ]
INFO: [ app_init ] --END-- [ RunTime:0.000818s ]
ERR: 无法加载模块:Public

[ 2015-10-16T11:52:52+08:00 ] 127.0.0.1 /sdibt_jsj/Public/images/form_input_long.gif
INFO: [ app_init ] --START--
INFO: Run Behavior\BuildLiteBehavior [ RunTime:0.000044s ]
INFO: [ app_init ] --END-- [ RunTime:0.000741s ]
ERR: 无法加载模块:Public

[ 2015-10-16T11:52:54+08:00 ] 127.0.0.1 /sdibt_jsj/Public/images/form_input_long.gif
INFO: [ app_init ] --START--
INFO: Run Behavior\BuildLiteBehavior [ RunTime:0.000027s ]
INFO: [ app_init ] --END-- [ RunTime:0.000460s ]
ERR: 无法加载模块:Public

[ 2015-10-16T11:52:55+08:00 ] 127.0.0.1 /sdibt_jsj/Public/images/form_input_long.gif
INFO: [ app_init ] --START--
INFO: Run Behavior\BuildLiteBehavior [ RunTime:0.000050s ]
INFO: [ app_init ] --END-- [ RunTime:0.000739s ]
ERR: 无法加载模块:Public

[ 2015-10-16T11:52:56+08:00 ] 127.0.0.1 /sdibt_jsj/Public/images/form_input_long.gif
INFO: [ app_init ] --START--
INFO: Run Behavior\BuildLiteBehavior [ RunTime:0.000079s ]
INFO: [ app_init ] --END-- [ RunTime:0.001003s ]
ERR: 无法加载模块:Public

[ 2015-10-16T11:52:58+08:00 ] 127.0.0.1 /sdibt_jsj/Public/images/form_input_long.gif
INFO: [ app_init ] --START--
INFO: Run Behavior\BuildLiteBehavior [ RunTime:0.000076s ]
INFO: [ app_init ] --END-- [ RunTime:0.001622s ]
ERR: 无法加载模块:Public

[ 2015-10-16T11:53:00+08:00 ] 127.0.0.1 /sdibt_jsj/Public/images/form_input_long.gif
INFO: [ app_init ] --START--
INFO: Run Behavior\BuildLiteBehavior [ RunTime:0.000027s ]
INFO: [ app_init ] --END-- [ RunTime:0.000466s ]
ERR: 无法加载模块:Public

[ 2015-10-16T11:53:02+08:00 ] 127.0.0.1 /sdibt_jsj/Public/images/form_input_long.gif
INFO: [ app_init ] --START--
INFO: Run Behavior\BuildLiteBehavior [ RunTime:0.000026s ]
INFO: [ app_init ] --END-- [ RunTime:0.000434s ]
ERR: 无法加载模块:Public

[ 2015-10-16T11:53:03+08:00 ] 127.0.0.1 /sdibt_jsj/Public/images/form_input_long.gif
INFO: [ app_init ] --START--
INFO: Run Behavior\BuildLiteBehavior [ RunTime:0.000041s ]
INFO: [ app_init ] --END-- [ RunTime:0.000813s ]
ERR: 无法加载模块:Public

[ 2015-10-16T11:53:04+08:00 ] 127.0.0.1 /sdibt_jsj/Public/images/form_input_long.gif
INFO: [ app_init ] --START--
INFO: Run Behavior\BuildLiteBehavior [ RunTime:0.000043s ]
INFO: [ app_init ] --END-- [ RunTime:0.000659s ]
ERR: 无法加载模块:Public

[ 2015-10-16T11:53:05+08:00 ] 127.0.0.1 /sdibt_jsj/Public/images/form_input_long.gif
INFO: [ app_init ] --START--
INFO: Run Behavior\BuildLiteBehavior [ RunTime:0.000033s ]
INFO: [ app_init ] --END-- [ RunTime:0.000562s ]
ERR: 无法加载模块:Public

[ 2015-10-16T11:53:07+08:00 ] 127.0.0.1 /sdibt_jsj/Public/images/form_input_long.gif
INFO: [ app_init ] --START--
INFO: Run Behavior\BuildLiteBehavior [ RunTime:0.000049s ]
INFO: [ app_init ] --END-- [ RunTime:0.000817s ]
ERR: 无法加载模块:Public

[ 2015-10-16T11:53:08+08:00 ] 127.0.0.1 /sdibt_jsj/Public/images/form_input_long.gif
INFO: [ app_init ] --START--
INFO: Run Behavior\BuildLiteBehavior [ RunTime:0.000049s ]
INFO: [ app_init ] --END-- [ RunTime:0.000867s ]
ERR: 无法加载模块:Public

[ 2015-10-16T11:53:09+08:00 ] 127.0.0.1 /sdibt_jsj/Public/images/form_input_long.gif
INFO: [ app_init ] --START--
INFO: Run Behavior\BuildLiteBehavior [ RunTime:0.000061s ]
INFO: [ app_init ] --END-- [ RunTime:0.000513s ]
ERR: 无法加载模块:Public

[ 2015-10-16T11:53:12+08:00 ] 127.0.0.1 /sdibt_jsj/Public/images/form_input_long.gif
INFO: [ app_init ] --START--
INFO: Run Behavior\BuildLiteBehavior [ RunTime:0.000027s ]
INFO: [ app_init ] --END-- [ RunTime:0.000463s ]
ERR: 无法加载模块:Public

[ 2015-10-16T11:53:20+08:00 ] 127.0.0.1 /sdibt_jsj/Public/images/form_input_long.gif
INFO: [ app_init ] --START--
INFO: Run Behavior\BuildLiteBehavior [ RunTime:0.000134s ]
INFO: [ app_init ] --END-- [ RunTime:0.003628s ]
ERR: 无法加载模块:Public

[ 2015-10-16T11:53:22+08:00 ] 127.0.0.1 /sdibt_jsj/Public/images/form_input_long.gif
INFO: [ app_init ] --START--
INFO: Run Behavior\BuildLiteBehavior [ RunTime:0.000026s ]
INFO: [ app_init ] --END-- [ RunTime:0.000511s ]
ERR: 无法加载模块:Public

[ 2015-10-16T11:53:23+08:00 ] 127.0.0.1 /sdibt_jsj/Public/images/form_input_long.gif
INFO: [ app_init ] --START--
INFO: Run Behavior\BuildLiteBehavior [ RunTime:0.000028s ]
INFO: [ app_init ] --END-- [ RunTime:0.000548s ]
ERR: 无法加载模块:Public

[ 2015-10-16T11:53:24+08:00 ] 127.0.0.1 /sdibt_jsj/Public/images/form_input_long.gif
INFO: [ app_init ] --START--
INFO: Run Behavior\BuildLiteBehavior [ RunTime:0.000072s ]
INFO: [ app_init ] --END-- [ RunTime:0.001302s ]
ERR: 无法加载模块:Public

[ 2015-10-16T11:53:27+08:00 ] 127.0.0.1 /sdibt_jsj/Public/images/form_input_long.gif
INFO: [ app_init ] --START--
INFO: Run Behavior\BuildLiteBehavior [ RunTime:0.000041s ]
INFO: [ app_init ] --END-- [ RunTime:0.000889s ]
ERR: 无法加载模块:Public

[ 2015-10-16T11:53:29+08:00 ] 127.0.0.1 /sdibt_jsj/Public/images/form_input_long.gif
INFO: [ app_init ] --START--
INFO: Run Behavior\BuildLiteBehavior [ RunTime:0.000071s ]
INFO: [ app_init ] --END-- [ RunTime:0.001311s ]
ERR: 无法加载模块:Public

[ 2015-10-16T11:53:30+08:00 ] 127.0.0.1 /sdibt_jsj/Public/images/form_input_long.gif
INFO: [ app_init ] --START--
INFO: Run Behavior\BuildLiteBehavior [ RunTime:0.000040s ]
INFO: [ app_init ] --END-- [ RunTime:0.000709s ]
ERR: 无法加载模块:Public

[ 2015-10-16T11:53:31+08:00 ] 127.0.0.1 /sdibt_jsj/Public/images/form_input_long.gif
INFO: [ app_init ] --START--
INFO: Run Behavior\BuildLiteBehavior [ RunTime:0.000028s ]
INFO: [ app_init ] --END-- [ RunTime:0.000537s ]
ERR: 无法加载模块:Public

[ 2015-10-16T11:53:33+08:00 ] 127.0.0.1 /sdibt_jsj/Public/images/form_input_long.gif
INFO: [ app_init ] --START--
INFO: Run Behavior\BuildLiteBehavior [ RunTime:0.000062s ]
INFO: [ app_init ] --END-- [ RunTime:0.000940s ]
ERR: 无法加载模块:Public

[ 2015-10-16T11:53:34+08:00 ] 127.0.0.1 /sdibt_jsj/Public/images/form_input_long.gif
INFO: [ app_init ] --START--
INFO: Run Behavior\BuildLiteBehavior [ RunTime:0.000042s ]
INFO: [ app_init ] --END-- [ RunTime:0.000795s ]
ERR: 无法加载模块:Public

[ 2015-10-16T11:53:35+08:00 ] 127.0.0.1 /sdibt_jsj/Public/images/form_input_long.gif
INFO: [ app_init ] --START--
INFO: Run Behavior\BuildLiteBehavior [ RunTime:0.000030s ]
INFO: [ app_init ] --END-- [ RunTime:0.000803s ]
ERR: 无法加载模块:Public

[ 2015-10-16T11:53:36+08:00 ] 127.0.0.1 /sdibt_jsj/Public/images/form_input_long.gif
INFO: [ app_init ] --START--
INFO: Run Behavior\BuildLiteBehavior [ RunTime:0.000043s ]
INFO: [ app_init ] --END-- [ RunTime:0.000792s ]
ERR: 无法加载模块:Public

[ 2015-10-16T11:54:18+08:00 ] 127.0.0.1 /sdibt_jsj/Public/images/form_input_long.gif
INFO: [ app_init ] --START--
INFO: Run Behavior\BuildLiteBehavior [ RunTime:0.000056s ]
INFO: [ app_init ] --END-- [ RunTime:0.001120s ]
ERR: 无法加载模块:Public

[ 2015-10-16T11:54:19+08:00 ] 127.0.0.1 /sdibt_jsj/Public/images/form_input_long.gif
INFO: [ app_init ] --START--
INFO: Run Behavior\BuildLiteBehavior [ RunTime:0.000032s ]
INFO: [ app_init ] --END-- [ RunTime:0.000557s ]
ERR: 无法加载模块:Public

[ 2015-10-16T11:57:43+08:00 ] 127.0.0.1 /sdibt_jsj/Public/images/form_input_long.gif
INFO: [ app_init ] --START--
INFO: Run Behavior\BuildLiteBehavior [ RunTime:0.000101s ]
INFO: [ app_init ] --END-- [ RunTime:0.002132s ]
ERR: 无法加载模块:Public

[ 2015-10-16T11:57:44+08:00 ] 127.0.0.1 /sdibt_jsj/Public/images/form_input_long.gif
INFO: [ app_init ] --START--
INFO: Run Behavior\BuildLiteBehavior [ RunTime:0.000028s ]
INFO: [ app_init ] --END-- [ RunTime:0.000568s ]
ERR: 无法加载模块:Public

[ 2015-10-16T11:57:51+08:00 ] 127.0.0.1 /sdibt_jsj/Public/images/form_input_long.gif
INFO: [ app_init ] --START--
INFO: Run Behavior\BuildLiteBehavior [ RunTime:0.000028s ]
INFO: [ app_init ] --END-- [ RunTime:0.000565s ]
ERR: 无法加载模块:Public

[ 2015-10-16T11:57:51+08:00 ] 127.0.0.1 /sdibt_jsj/Public/images/form_input_long.gif
INFO: [ app_init ] --START--
INFO: Run Behavior\BuildLiteBehavior [ RunTime:0.000028s ]
INFO: [ app_init ] --END-- [ RunTime:0.000589s ]
ERR: 无法加载模块:Public

[ 2015-10-16T11:57:52+08:00 ] 127.0.0.1 /sdibt_jsj/Public/images/form_input_long.gif
INFO: [ app_init ] --START--
INFO: Run Behavior\BuildLiteBehavior [ RunTime:0.000047s ]
INFO: [ app_init ] --END-- [ RunTime:0.000859s ]
ERR: 无法加载模块:Public

[ 2015-10-16T11:57:52+08:00 ] 127.0.0.1 /sdibt_jsj/Public/images/form_input_long.gif
INFO: [ app_init ] --START--
INFO: Run Behavior\BuildLiteBehavior [ RunTime:0.000029s ]
INFO: [ app_init ] --END-- [ RunTime:0.000565s ]
ERR: 无法加载模块:Public

[ 2015-10-16T11:57:53+08:00 ] 127.0.0.1 /sdibt_jsj/Public/images/form_input_long.gif
INFO: [ app_init ] --START--
INFO: Run Behavior\BuildLiteBehavior [ RunTime:0.000046s ]
INFO: [ app_init ] --END-- [ RunTime:0.000712s ]
ERR: 无法加载模块:Public

[ 2015-10-16T11:57:53+08:00 ] 127.0.0.1 /sdibt_jsj/Public/images/form_input_long.gif
INFO: [ app_init ] --START--
INFO: Run Behavior\BuildLiteBehavior [ RunTime:0.000031s ]
INFO: [ app_init ] --END-- [ RunTime:0.000938s ]
ERR: 无法加载模块:Public

[ 2015-10-16T11:57:54+08:00 ] 127.0.0.1 /sdibt_jsj/Public/images/form_input_long.gif
INFO: [ app_init ] --START--
INFO: Run Behavior\BuildLiteBehavior [ RunTime:0.000045s ]
INFO: [ app_init ] --END-- [ RunTime:0.000953s ]
ERR: 无法加载模块:Public

[ 2015-10-16T11:57:55+08:00 ] 127.0.0.1 /sdibt_jsj/Public/images/form_input_long.gif
INFO: [ app_init ] --START--
INFO: Run Behavior\BuildLiteBehavior [ RunTime:0.000035s ]
INFO: [ app_init ] --END-- [ RunTime:0.000584s ]
ERR: 无法加载模块:Public

[ 2015-10-16T11:57:55+08:00 ] 127.0.0.1 /sdibt_jsj/Public/images/form_input_long.gif
INFO: [ app_init ] --START--
INFO: Run Behavior\BuildLiteBehavior [ RunTime:0.000031s ]
INFO: [ app_init ] --END-- [ RunTime:0.000608s ]
ERR: 无法加载模块:Public

[ 2015-10-16T11:57:56+08:00 ] 127.0.0.1 /sdibt_jsj/Public/images/form_input_long.gif
INFO: [ app_init ] --START--
INFO: Run Behavior\BuildLiteBehavior [ RunTime:0.000027s ]
INFO: [ app_init ] --END-- [ RunTime:0.000549s ]
ERR: 无法加载模块:Public

[ 2015-10-16T11:57:56+08:00 ] 127.0.0.1 /sdibt_jsj/Public/images/form_input_long.gif
INFO: [ app_init ] --START--
INFO: Run Behavior\BuildLiteBehavior [ RunTime:0.000047s ]
INFO: [ app_init ] --END-- [ RunTime:0.001049s ]
ERR: 无法加载模块:Public

[ 2015-10-16T11:57:56+08:00 ] 127.0.0.1 /sdibt_jsj/Public/images/form_input_long.gif
INFO: [ app_init ] --START--
INFO: Run Behavior\BuildLiteBehavior [ RunTime:0.000046s ]
INFO: [ app_init ] --END-- [ RunTime:0.001833s ]
ERR: 无法加载模块:Public

[ 2015-10-16T11:57:57+08:00 ] 127.0.0.1 /sdibt_jsj/Public/images/form_input_long.gif
INFO: [ app_init ] --START--
INFO: Run Behavior\BuildLiteBehavior [ RunTime:0.000049s ]
INFO: [ app_init ] --END-- [ RunTime:0.000873s ]
ERR: 无法加载模块:Public

[ 2015-10-16T11:57:57+08:00 ] 127.0.0.1 /sdibt_jsj/Public/images/form_input_long.gif
INFO: [ app_init ] --START--
INFO: Run Behavior\BuildLiteBehavior [ RunTime:0.000035s ]
INFO: [ app_init ] --END-- [ RunTime:0.000733s ]
ERR: 无法加载模块:Public

[ 2015-10-16T11:57:58+08:00 ] 127.0.0.1 /sdibt_jsj/Public/images/form_input_long.gif
INFO: [ app_init ] --START--
INFO: Run Behavior\BuildLiteBehavior [ RunTime:0.000047s ]
INFO: [ app_init ] --END-- [ RunTime:0.001289s ]
ERR: 无法加载模块:Public

[ 2015-10-16T11:57:58+08:00 ] 127.0.0.1 /sdibt_jsj/Public/images/form_input_long.gif
INFO: [ app_init ] --START--
INFO: Run Behavior\BuildLiteBehavior [ RunTime:0.000044s ]
INFO: [ app_init ] --END-- [ RunTime:0.000905s ]
ERR: 无法加载模块:Public

[ 2015-10-16T14:23:15+08:00 ] 127.0.0.1 /sdibt_jsj/Public/images/form_input_long.gif
INFO: [ app_init ] --START--
INFO: Run Behavior\BuildLiteBehavior [ RunTime:0.000045s ]
INFO: [ app_init ] --END-- [ RunTime:0.001058s ]
ERR: 无法加载模块:Public

[ 2015-10-16T14:48:37+08:00 ] 127.0.0.1 /sdibt_jsj/Public/images/form_input_long.gif
INFO: [ app_init ] --START--
INFO: Run Behavior\BuildLiteBehavior [ RunTime:0.000027s ]
INFO: [ app_init ] --END-- [ RunTime:0.000523s ]
ERR: 无法加载模块:Public

[ 2015-10-16T14:50:55+08:00 ] 127.0.0.1 /sdibt_jsj/Public/images/form_input_long.gif
INFO: [ app_init ] --START--
INFO: Run Behavior\BuildLiteBehavior [ RunTime:0.000102s ]
INFO: [ app_init ] --END-- [ RunTime:0.001957s ]
ERR: 无法加载模块:Public

[ 2015-10-16T14:50:57+08:00 ] 127.0.0.1 /sdibt_jsj/Public/images/form_input_long.gif
INFO: [ app_init ] --START--
INFO: Run Behavior\BuildLiteBehavior [ RunTime:0.000025s ]
INFO: [ app_init ] --END-- [ RunTime:0.000552s ]
ERR: 无法加载模块:Public

[ 2015-10-16T14:50:58+08:00 ] 127.0.0.1 /sdibt_jsj/Public/images/form_input_long.gif
INFO: [ app_init ] --START--
INFO: Run Behavior\BuildLiteBehavior [ RunTime:0.000087s ]
INFO: [ app_init ] --END-- [ RunTime:0.001114s ]
ERR: 无法加载模块:Public

[ 2015-10-16T15:00:26+08:00 ] 127.0.0.1 /sdibt_jsj/Public/images/form_input_long.gif
INFO: [ app_init ] --START--
INFO: Run Behavior\BuildLiteBehavior [ RunTime:0.000058s ]
INFO: [ app_init ] --END-- [ RunTime:0.000850s ]
ERR: 无法加载模块:Public

[ 2015-10-16T15:00:39+08:00 ] 127.0.0.1 /sdibt_jsj/Public/images/form_input_long.gif
INFO: [ app_init ] --START--
INFO: Run Behavior\BuildLiteBehavior [ RunTime:0.000028s ]
INFO: [ app_init ] --END-- [ RunTime:0.000539s ]
ERR: 无法加载模块:Public

[ 2015-10-16T15:00:41+08:00 ] 127.0.0.1 /sdibt_jsj/Public/images/form_input_long.gif
INFO: [ app_init ] --START--
INFO: Run Behavior\BuildLiteBehavior [ RunTime:0.000052s ]
INFO: [ app_init ] --END-- [ RunTime:0.000752s ]
ERR: 无法加载模块:Public

[ 2015-10-16T15:00:42+08:00 ] 127.0.0.1 /sdibt_jsj/Public/images/form_input_long.gif
INFO: [ app_init ] --START--
INFO: Run Behavior\BuildLiteBehavior [ RunTime:0.000050s ]
INFO: [ app_init ] --END-- [ RunTime:0.001221s ]
ERR: 无法加载模块:Public

[ 2015-10-16T15:00:42+08:00 ] 127.0.0.1 /sdibt_jsj/Public/images/form_input_long.gif
INFO: [ app_init ] --START--
INFO: Run Behavior\BuildLiteBehavior [ RunTime:0.000063s ]
INFO: [ app_init ] --END-- [ RunTime:0.001036s ]
ERR: 无法加载模块:Public

[ 2015-10-16T15:00:43+08:00 ] 127.0.0.1 /sdibt_jsj/Public/images/form_input_long.gif
INFO: [ app_init ] --START--
INFO: Run Behavior\BuildLiteBehavior [ RunTime:0.000048s ]
INFO: [ app_init ] --END-- [ RunTime:0.000765s ]
ERR: 无法加载模块:Public

[ 2015-10-16T15:00:44+08:00 ] 127.0.0.1 /sdibt_jsj/Public/images/form_input_long.gif
INFO: [ app_init ] --START--
INFO: Run Behavior\BuildLiteBehavior [ RunTime:0.000028s ]
INFO: [ app_init ] --END-- [ RunTime:0.000517s ]
ERR: 无法加载模块:Public

[ 2015-10-16T15:00:45+08:00 ] 127.0.0.1 /sdibt_jsj/Public/images/form_input_long.gif
INFO: [ app_init ] --START--
INFO: Run Behavior\BuildLiteBehavior [ RunTime:0.000036s ]
INFO: [ app_init ] --END-- [ RunTime:0.000827s ]
ERR: 无法加载模块:Public

[ 2015-10-16T15:00:45+08:00 ] 127.0.0.1 /sdibt_jsj/Public/images/form_input_long.gif
INFO: [ app_init ] --START--
INFO: Run Behavior\BuildLiteBehavior [ RunTime:0.000047s ]
INFO: [ app_init ] --END-- [ RunTime:0.000754s ]
ERR: 无法加载模块:Public

[ 2015-10-16T15:00:46+08:00 ] 127.0.0.1 /sdibt_jsj/Public/images/form_input_long.gif
INFO: [ app_init ] --START--
INFO: Run Behavior\BuildLiteBehavior [ RunTime:0.000029s ]
INFO: [ app_init ] --END-- [ RunTime:0.000544s ]
ERR: 无法加载模块:Public

[ 2015-10-16T15:00:46+08:00 ] 127.0.0.1 /sdibt_jsj/Public/images/form_input_long.gif
INFO: [ app_init ] --START--
INFO: Run Behavior\BuildLiteBehavior [ RunTime:0.000029s ]
INFO: [ app_init ] --END-- [ RunTime:0.000460s ]
ERR: 无法加载模块:Public

[ 2015-10-16T15:00:46+08:00 ] 127.0.0.1 /sdibt_jsj/Public/images/form_input_long.gif
INFO: [ app_init ] --START--
INFO: Run Behavior\BuildLiteBehavior [ RunTime:0.000032s ]
INFO: [ app_init ] --END-- [ RunTime:0.000657s ]
ERR: 无法加载模块:Public

[ 2015-10-16T15:00:47+08:00 ] 127.0.0.1 /sdibt_jsj/Public/images/form_input_long.gif
INFO: [ app_init ] --START--
INFO: Run Behavior\BuildLiteBehavior [ RunTime:0.000033s ]
INFO: [ app_init ] --END-- [ RunTime:0.000680s ]
ERR: 无法加载模块:Public

[ 2015-10-16T15:00:47+08:00 ] 127.0.0.1 /sdibt_jsj/Public/images/form_input_long.gif
INFO: [ app_init ] --START--
INFO: Run Behavior\BuildLiteBehavior [ RunTime:0.000120s ]
INFO: [ app_init ] --END-- [ RunTime:0.001739s ]
ERR: 无法加载模块:Public

[ 2015-10-16T15:00:47+08:00 ] 127.0.0.1 /sdibt_jsj/Public/images/form_input_long.gif
INFO: [ app_init ] --START--
INFO: Run Behavior\BuildLiteBehavior [ RunTime:0.000029s ]
INFO: [ app_init ] --END-- [ RunTime:0.000664s ]
ERR: 无法加载模块:Public

[ 2015-10-16T15:00:48+08:00 ] 127.0.0.1 /sdibt_jsj/Public/images/form_input_long.gif
INFO: [ app_init ] --START--
INFO: Run Behavior\BuildLiteBehavior [ RunTime:0.000047s ]
INFO: [ app_init ] --END-- [ RunTime:0.000730s ]
ERR: 无法加载模块:Public

[ 2015-10-16T15:02:54+08:00 ] 127.0.0.1 /sdibt_jsj/Public/images/form_input_long.gif
INFO: [ app_init ] --START--
INFO: Run Behavior\BuildLiteBehavior [ RunTime:0.000057s ]
INFO: [ app_init ] --END-- [ RunTime:0.001309s ]
ERR: 无法加载模块:Public

