[ 2015-10-01T14:11:43+08:00 ] 127.0.0.1 /sdibt_jsj/Public/images/form_input_long.gif
INFO: [ app_init ] --START--
INFO: Run Behavior\BuildLiteBehavior [ RunTime:0.000026s ]
INFO: [ app_init ] --END-- [ RunTime:0.000486s ]
ERR: 无法加载模块:Public

[ 2015-10-01T14:11:46+08:00 ] 127.0.0.1 /sdibt_jsj/Public/images/form_input_long.gif
INFO: [ app_init ] --START--
INFO: Run Behavior\BuildLiteBehavior [ RunTime:0.000064s ]
INFO: [ app_init ] --END-- [ RunTime:0.000806s ]
ERR: 无法加载模块:Public

[ 2015-10-01T14:11:48+08:00 ] 127.0.0.1 /sdibt_jsj/Public/images/form_input_long.gif
INFO: [ app_init ] --START--
INFO: Run Behavior\BuildLiteBehavior [ RunTime:0.000029s ]
INFO: [ app_init ] --END-- [ RunTime:0.000939s ]
ERR: 无法加载模块:Public

[ 2015-10-01T14:11:50+08:00 ] 127.0.0.1 /sdibt_jsj/Public/images/form_input_long.gif
INFO: [ app_init ] --START--
INFO: Run Behavior\BuildLiteBehavior [ RunTime:0.000044s ]
INFO: [ app_init ] --END-- [ RunTime:0.000825s ]
ERR: 无法加载模块:Public

[ 2015-10-01T14:11:51+08:00 ] 127.0.0.1 /sdibt_jsj/Public/images/form_input_long.gif
INFO: [ app_init ] --START--
INFO: Run Behavior\BuildLiteBehavior [ RunTime:0.000042s ]
INFO: [ app_init ] --END-- [ RunTime:0.000705s ]
ERR: 无法加载模块:Public

[ 2015-10-01T14:11:52+08:00 ] 127.0.0.1 /sdibt_jsj/Public/images/form_input_long.gif
INFO: [ app_init ] --START--
INFO: Run Behavior\BuildLiteBehavior [ RunTime:0.000041s ]
INFO: [ app_init ] --END-- [ RunTime:0.000716s ]
ERR: 无法加载模块:Public

[ 2015-10-01T14:11:54+08:00 ] 127.0.0.1 /sdibt_jsj/Public/images/form_input_long.gif
INFO: [ app_init ] --START--
INFO: Run Behavior\BuildLiteBehavior [ RunTime:0.000026s ]
INFO: [ app_init ] --END-- [ RunTime:0.000437s ]
ERR: 无法加载模块:Public

[ 2015-10-01T14:11:55+08:00 ] 127.0.0.1 /sdibt_jsj/Public/images/form_input_long.gif
INFO: [ app_init ] --START--
INFO: Run Behavior\BuildLiteBehavior [ RunTime:0.000029s ]
INFO: [ app_init ] --END-- [ RunTime:0.000521s ]
ERR: 无法加载模块:Public

[ 2015-10-01T14:11:57+08:00 ] 127.0.0.1 /sdibt_jsj/Public/images/form_input_long.gif
INFO: [ app_init ] --START--
INFO: Run Behavior\BuildLiteBehavior [ RunTime:0.000027s ]
INFO: [ app_init ] --END-- [ RunTime:0.000459s ]
ERR: 无法加载模块:Public

[ 2015-10-01T14:11:57+08:00 ] 127.0.0.1 /sdibt_jsj/Public/images/form_input_long.gif
INFO: [ app_init ] --START--
INFO: Run Behavior\BuildLiteBehavior [ RunTime:0.000047s ]
INFO: [ app_init ] --END-- [ RunTime:0.000877s ]
ERR: 无法加载模块:Public

[ 2015-10-01T14:11:59+08:00 ] 127.0.0.1 /sdibt_jsj/Public/images/form_input_long.gif
INFO: [ app_init ] --START--
INFO: Run Behavior\BuildLiteBehavior [ RunTime:0.000032s ]
INFO: [ app_init ] --END-- [ RunTime:0.000755s ]
ERR: 无法加载模块:Public

[ 2015-10-01T14:12:05+08:00 ] 127.0.0.1 /sdibt_jsj/Public/images/form_input_long.gif
INFO: [ app_init ] --START--
INFO: Run Behavior\BuildLiteBehavior [ RunTime:0.000042s ]
INFO: [ app_init ] --END-- [ RunTime:0.000680s ]
ERR: 无法加载模块:Public

[ 2015-10-01T14:12:06+08:00 ] 127.0.0.1 /sdibt_jsj/Public/images/form_input_long.gif
INFO: [ app_init ] --START--
INFO: Run Behavior\BuildLiteBehavior [ RunTime:0.000066s ]
INFO: [ app_init ] --END-- [ RunTime:0.001021s ]
ERR: 无法加载模块:Public

[ 2015-10-01T14:12:08+08:00 ] 127.0.0.1 /sdibt_jsj/Public/images/form_input_long.gif
INFO: [ app_init ] --START--
INFO: Run Behavior\BuildLiteBehavior [ RunTime:0.000048s ]
INFO: [ app_init ] --END-- [ RunTime:0.001409s ]
ERR: 无法加载模块:Public

[ 2015-10-01T14:12:11+08:00 ] 127.0.0.1 /sdibt_jsj/Public/images/form_input_long.gif
INFO: [ app_init ] --START--
INFO: Run Behavior\BuildLiteBehavior [ RunTime:0.000047s ]
INFO: [ app_init ] --END-- [ RunTime:0.001866s ]
ERR: 无法加载模块:Public

[ 2015-10-01T14:12:13+08:00 ] 127.0.0.1 /sdibt_jsj/Public/images/form_input_long.gif
INFO: [ app_init ] --START--
INFO: Run Behavior\BuildLiteBehavior [ RunTime:0.000028s ]
INFO: [ app_init ] --END-- [ RunTime:0.000457s ]
ERR: 无法加载模块:Public

[ 2015-10-01T14:12:14+08:00 ] 127.0.0.1 /sdibt_jsj/Public/images/form_input_long.gif
INFO: [ app_init ] --START--
INFO: Run Behavior\BuildLiteBehavior [ RunTime:0.000050s ]
INFO: [ app_init ] --END-- [ RunTime:0.001021s ]
ERR: 无法加载模块:Public

[ 2015-10-01T14:12:14+08:00 ] 127.0.0.1 /sdibt_jsj/Public/images/form_input_long.gif
INFO: [ app_init ] --START--
INFO: Run Behavior\BuildLiteBehavior [ RunTime:0.000033s ]
INFO: [ app_init ] --END-- [ RunTime:0.000521s ]
ERR: 无法加载模块:Public

[ 2015-10-01T14:12:15+08:00 ] 127.0.0.1 /sdibt_jsj/Public/images/form_input_long.gif
INFO: [ app_init ] --START--
INFO: Run Behavior\BuildLiteBehavior [ RunTime:0.000046s ]
INFO: [ app_init ] --END-- [ RunTime:0.000767s ]
ERR: 无法加载模块:Public

[ 2015-10-01T14:12:20+08:00 ] 127.0.0.1 /sdibt_jsj/Public/images/icon/user_icon.jpg
INFO: [ app_init ] --START--
INFO: Run Behavior\BuildLiteBehavior [ RunTime:0.000029s ]
INFO: [ app_init ] --END-- [ RunTime:0.000533s ]
ERR: 无法加载模块:Public

[ 2015-10-01T14:12:27+08:00 ] 127.0.0.1 /sdibt_jsj/Public/images/form_input_long.gif
INFO: [ app_init ] --START--
INFO: Run Behavior\BuildLiteBehavior [ RunTime:0.000027s ]
INFO: [ app_init ] --END-- [ RunTime:0.000484s ]
ERR: 无法加载模块:Public

[ 2015-10-01T14:12:29+08:00 ] 127.0.0.1 /sdibt_jsj/Public/images/form_input_long.gif
INFO: [ app_init ] --START--
INFO: Run Behavior\BuildLiteBehavior [ RunTime:0.000056s ]
INFO: [ app_init ] --END-- [ RunTime:0.000785s ]
ERR: 无法加载模块:Public

[ 2015-10-01T14:12:32+08:00 ] 127.0.0.1 /sdibt_jsj/Public/images/form_input_long.gif
INFO: [ app_init ] --START--
INFO: Run Behavior\BuildLiteBehavior [ RunTime:0.000030s ]
INFO: [ app_init ] --END-- [ RunTime:0.000714s ]
ERR: 无法加载模块:Public

[ 2015-10-01T14:12:35+08:00 ] 127.0.0.1 /sdibt_jsj/Public/images/form_input_long.gif
INFO: [ app_init ] --START--
INFO: Run Behavior\BuildLiteBehavior [ RunTime:0.000046s ]
INFO: [ app_init ] --END-- [ RunTime:0.000823s ]
ERR: 无法加载模块:Public

[ 2015-10-01T14:12:55+08:00 ] 127.0.0.1 /sdibt_jsj/Public/images/form_input_long.gif
INFO: [ app_init ] --START--
INFO: Run Behavior\BuildLiteBehavior [ RunTime:0.000071s ]
INFO: [ app_init ] --END-- [ RunTime:0.000770s ]
ERR: 无法加载模块:Public

[ 2015-10-01T14:12:56+08:00 ] 127.0.0.1 /sdibt_jsj/Public/images/form_input_long.gif
INFO: [ app_init ] --START--
INFO: Run Behavior\BuildLiteBehavior [ RunTime:0.000027s ]
INFO: [ app_init ] --END-- [ RunTime:0.000459s ]
ERR: 无法加载模块:Public

[ 2015-10-01T14:12:57+08:00 ] 127.0.0.1 /sdibt_jsj/Public/images/form_input_long.gif
INFO: [ app_init ] --START--
INFO: Run Behavior\BuildLiteBehavior [ RunTime:0.000048s ]
INFO: [ app_init ] --END-- [ RunTime:0.000569s ]
ERR: 无法加载模块:Public

[ 2015-10-01T14:12:59+08:00 ] 127.0.0.1 /sdibt_jsj/Public/images/form_input_long.gif
INFO: [ app_init ] --START--
INFO: Run Behavior\BuildLiteBehavior [ RunTime:0.000028s ]
INFO: [ app_init ] --END-- [ RunTime:0.000606s ]
ERR: 无法加载模块:Public

[ 2015-10-01T14:13:00+08:00 ] 127.0.0.1 /sdibt_jsj/Public/images/form_input_long.gif
INFO: [ app_init ] --START--
INFO: Run Behavior\BuildLiteBehavior [ RunTime:0.000043s ]
INFO: [ app_init ] --END-- [ RunTime:0.000929s ]
ERR: 无法加载模块:Public

[ 2015-10-01T14:13:02+08:00 ] 127.0.0.1 /sdibt_jsj/Public/images/form_input_long.gif
INFO: [ app_init ] --START--
INFO: Run Behavior\BuildLiteBehavior [ RunTime:0.000027s ]
INFO: [ app_init ] --END-- [ RunTime:0.000524s ]
ERR: 无法加载模块:Public

[ 2015-10-01T14:13:03+08:00 ] 127.0.0.1 /sdibt_jsj/Public/images/form_input_long.gif
INFO: [ app_init ] --START--
INFO: Run Behavior\BuildLiteBehavior [ RunTime:0.000111s ]
INFO: [ app_init ] --END-- [ RunTime:0.001467s ]
ERR: 无法加载模块:Public

[ 2015-10-01T14:13:04+08:00 ] 127.0.0.1 /sdibt_jsj/Public/images/form_input_long.gif
INFO: [ app_init ] --START--
INFO: Run Behavior\BuildLiteBehavior [ RunTime:0.000051s ]
INFO: [ app_init ] --END-- [ RunTime:0.001212s ]
ERR: 无法加载模块:Public

[ 2015-10-01T14:13:05+08:00 ] 127.0.0.1 /sdibt_jsj/Public/images/form_input_long.gif
INFO: [ app_init ] --START--
INFO: Run Behavior\BuildLiteBehavior [ RunTime:0.000029s ]
INFO: [ app_init ] --END-- [ RunTime:0.000590s ]
ERR: 无法加载模块:Public

[ 2015-10-01T14:13:06+08:00 ] 127.0.0.1 /sdibt_jsj/Public/images/form_input_long.gif
INFO: [ app_init ] --START--
INFO: Run Behavior\BuildLiteBehavior [ RunTime:0.000054s ]
INFO: [ app_init ] --END-- [ RunTime:0.001117s ]
ERR: 无法加载模块:Public

[ 2015-10-01T14:13:12+08:00 ] 127.0.0.1 /sdibt_jsj/Public/images/form_input_long.gif
INFO: [ app_init ] --START--
INFO: Run Behavior\BuildLiteBehavior [ RunTime:0.000050s ]
INFO: [ app_init ] --END-- [ RunTime:0.001020s ]
ERR: 无法加载模块:Public

[ 2015-10-01T14:13:13+08:00 ] 127.0.0.1 /sdibt_jsj/Public/images/form_input_long.gif
INFO: [ app_init ] --START--
INFO: Run Behavior\BuildLiteBehavior [ RunTime:0.000036s ]
INFO: [ app_init ] --END-- [ RunTime:0.000538s ]
ERR: 无法加载模块:Public

[ 2015-10-01T14:13:18+08:00 ] 127.0.0.1 /sdibt_jsj/Public/images/form_input_long.gif
INFO: [ app_init ] --START--
INFO: Run Behavior\BuildLiteBehavior [ RunTime:0.000052s ]
INFO: [ app_init ] --END-- [ RunTime:0.000726s ]
ERR: 无法加载模块:Public

[ 2015-10-01T14:13:20+08:00 ] 127.0.0.1 /sdibt_jsj/Public/images/form_input_long.gif
INFO: [ app_init ] --START--
INFO: Run Behavior\BuildLiteBehavior [ RunTime:0.000045s ]
INFO: [ app_init ] --END-- [ RunTime:0.001091s ]
ERR: 无法加载模块:Public

[ 2015-10-01T14:13:21+08:00 ] 127.0.0.1 /sdibt_jsj/Public/images/form_input_long.gif
INFO: [ app_init ] --START--
INFO: Run Behavior\BuildLiteBehavior [ RunTime:0.000045s ]
INFO: [ app_init ] --END-- [ RunTime:0.000842s ]
ERR: 无法加载模块:Public

[ 2015-10-01T14:13:22+08:00 ] 127.0.0.1 /sdibt_jsj/Public/images/form_input_long.gif
INFO: [ app_init ] --START--
INFO: Run Behavior\BuildLiteBehavior [ RunTime:0.000053s ]
INFO: [ app_init ] --END-- [ RunTime:0.001092s ]
ERR: 无法加载模块:Public

[ 2015-10-01T14:13:22+08:00 ] 127.0.0.1 /sdibt_jsj/Public/images/form_input_long.gif
INFO: [ app_init ] --START--
INFO: Run Behavior\BuildLiteBehavior [ RunTime:0.000046s ]
INFO: [ app_init ] --END-- [ RunTime:0.000932s ]
ERR: 无法加载模块:Public

[ 2015-10-01T14:13:23+08:00 ] 127.0.0.1 /sdibt_jsj/Public/images/form_input_long.gif
INFO: [ app_init ] --START--
INFO: Run Behavior\BuildLiteBehavior [ RunTime:0.000035s ]
INFO: [ app_init ] --END-- [ RunTime:0.000713s ]
ERR: 无法加载模块:Public

[ 2015-10-01T14:13:24+08:00 ] 127.0.0.1 /sdibt_jsj/Public/images/form_input_long.gif
INFO: [ app_init ] --START--
INFO: Run Behavior\BuildLiteBehavior [ RunTime:0.000066s ]
INFO: [ app_init ] --END-- [ RunTime:0.000984s ]
ERR: 无法加载模块:Public

[ 2015-10-01T14:13:26+08:00 ] 127.0.0.1 /sdibt_jsj/Public/images/form_input_long.gif
INFO: [ app_init ] --START--
INFO: Run Behavior\BuildLiteBehavior [ RunTime:0.000046s ]
INFO: [ app_init ] --END-- [ RunTime:0.000869s ]
ERR: 无法加载模块:Public

[ 2015-10-01T14:13:28+08:00 ] 127.0.0.1 /sdibt_jsj/Public/images/form_input_long.gif
INFO: [ app_init ] --START--
INFO: Run Behavior\BuildLiteBehavior [ RunTime:0.000058s ]
INFO: [ app_init ] --END-- [ RunTime:0.001015s ]
ERR: 无法加载模块:Public

[ 2015-10-01T14:13:29+08:00 ] 127.0.0.1 /sdibt_jsj/Public/images/form_input_long.gif
INFO: [ app_init ] --START--
INFO: Run Behavior\BuildLiteBehavior [ RunTime:0.000049s ]
INFO: [ app_init ] --END-- [ RunTime:0.001046s ]
ERR: 无法加载模块:Public

[ 2015-10-01T14:13:30+08:00 ] 127.0.0.1 /sdibt_jsj/Public/images/form_input_long.gif
INFO: [ app_init ] --START--
INFO: Run Behavior\BuildLiteBehavior [ RunTime:0.000037s ]
INFO: [ app_init ] --END-- [ RunTime:0.000676s ]
ERR: 无法加载模块:Public

[ 2015-10-01T14:13:31+08:00 ] 127.0.0.1 /sdibt_jsj/Public/images/form_input_long.gif
INFO: [ app_init ] --START--
INFO: Run Behavior\BuildLiteBehavior [ RunTime:0.000049s ]
INFO: [ app_init ] --END-- [ RunTime:0.001851s ]
ERR: 无法加载模块:Public

[ 2015-10-01T14:13:32+08:00 ] 127.0.0.1 /sdibt_jsj/Public/images/form_input_long.gif
INFO: [ app_init ] --START--
INFO: Run Behavior\BuildLiteBehavior [ RunTime:0.000028s ]
INFO: [ app_init ] --END-- [ RunTime:0.000617s ]
ERR: 无法加载模块:Public

[ 2015-10-01T14:13:35+08:00 ] 127.0.0.1 /sdibt_jsj/Public/images/form_input_long.gif
INFO: [ app_init ] --START--
INFO: Run Behavior\BuildLiteBehavior [ RunTime:0.000029s ]
INFO: [ app_init ] --END-- [ RunTime:0.000623s ]
ERR: 无法加载模块:Public

[ 2015-10-01T14:13:39+08:00 ] 127.0.0.1 /sdibt_jsj/Public/images/form_input_long.gif
INFO: [ app_init ] --START--
INFO: Run Behavior\BuildLiteBehavior [ RunTime:0.000108s ]
INFO: [ app_init ] --END-- [ RunTime:0.001129s ]
ERR: 无法加载模块:Public

[ 2015-10-01T14:13:40+08:00 ] 127.0.0.1 /sdibt_jsj/Public/images/form_input_long.gif
INFO: [ app_init ] --START--
INFO: Run Behavior\BuildLiteBehavior [ RunTime:0.000047s ]
INFO: [ app_init ] --END-- [ RunTime:0.001564s ]
ERR: 无法加载模块:Public

[ 2015-10-01T14:13:42+08:00 ] 127.0.0.1 /sdibt_jsj/Public/images/form_input_long.gif
INFO: [ app_init ] --START--
INFO: Run Behavior\BuildLiteBehavior [ RunTime:0.000027s ]
INFO: [ app_init ] --END-- [ RunTime:0.000545s ]
ERR: 无法加载模块:Public

[ 2015-10-01T14:13:44+08:00 ] 127.0.0.1 /sdibt_jsj/Public/images/form_input_long.gif
INFO: [ app_init ] --START--
INFO: Run Behavior\BuildLiteBehavior [ RunTime:0.000042s ]
INFO: [ app_init ] --END-- [ RunTime:0.000666s ]
ERR: 无法加载模块:Public

[ 2015-10-01T14:13:45+08:00 ] 127.0.0.1 /sdibt_jsj/Public/images/form_input_long.gif
INFO: [ app_init ] --START--
INFO: Run Behavior\BuildLiteBehavior [ RunTime:0.000040s ]
INFO: [ app_init ] --END-- [ RunTime:0.000827s ]
ERR: 无法加载模块:Public

[ 2015-10-01T14:13:47+08:00 ] 127.0.0.1 /sdibt_jsj/Public/images/form_input_long.gif
INFO: [ app_init ] --START--
INFO: Run Behavior\BuildLiteBehavior [ RunTime:0.000042s ]
INFO: [ app_init ] --END-- [ RunTime:0.001156s ]
ERR: 无法加载模块:Public

[ 2015-10-01T14:13:49+08:00 ] 127.0.0.1 /sdibt_jsj/Public/images/form_input_long.gif
INFO: [ app_init ] --START--
INFO: Run Behavior\BuildLiteBehavior [ RunTime:0.000047s ]
INFO: [ app_init ] --END-- [ RunTime:0.001706s ]
ERR: 无法加载模块:Public

[ 2015-10-01T14:13:53+08:00 ] 127.0.0.1 /sdibt_jsj/Public/images/form_input_long.gif
INFO: [ app_init ] --START--
INFO: Run Behavior\BuildLiteBehavior [ RunTime:0.000044s ]
INFO: [ app_init ] --END-- [ RunTime:0.000774s ]
ERR: 无法加载模块:Public

[ 2015-10-01T14:14:09+08:00 ] 127.0.0.1 /sdibt_jsj/Public/images/form_input_long.gif
INFO: [ app_init ] --START--
INFO: Run Behavior\BuildLiteBehavior [ RunTime:0.000044s ]
INFO: [ app_init ] --END-- [ RunTime:0.000820s ]
ERR: 无法加载模块:Public

[ 2015-10-01T14:15:18+08:00 ] 127.0.0.1 /sdibt_jsj/Public/images/logo_index.png
INFO: [ app_init ] --START--
INFO: Run Behavior\BuildLiteBehavior [ RunTime:0.000028s ]
INFO: [ app_init ] --END-- [ RunTime:0.000657s ]
ERR: 无法加载模块:Public

[ 2015-10-01T14:15:21+08:00 ] 127.0.0.1 /sdibt_jsj/Public/img/btn-overlay.png
INFO: [ app_init ] --START--
INFO: Run Behavior\BuildLiteBehavior [ RunTime:0.000028s ]
INFO: [ app_init ] --END-- [ RunTime:0.000489s ]
ERR: 无法加载模块:Public

[ 2015-10-01T14:15:29+08:00 ] 127.0.0.1 /sdibt_jsj/Public/img/btn-overlay.png
INFO: [ app_init ] --START--
INFO: Run Behavior\BuildLiteBehavior [ RunTime:0.000052s ]
INFO: [ app_init ] --END-- [ RunTime:0.000733s ]
ERR: 无法加载模块:Public

[ 2015-10-01T14:15:54+08:00 ] 127.0.0.1 /sdibt_jsj/Public/img/btn-overlay.png
INFO: [ app_init ] --START--
INFO: Run Behavior\BuildLiteBehavior [ RunTime:0.000047s ]
INFO: [ app_init ] --END-- [ RunTime:0.000614s ]
ERR: 无法加载模块:Public

[ 2015-10-01T14:15:55+08:00 ] 127.0.0.1 /sdibt_jsj/Public/img/btn-overlay.png
INFO: [ app_init ] --START--
INFO: Run Behavior\BuildLiteBehavior [ RunTime:0.000028s ]
INFO: [ app_init ] --END-- [ RunTime:0.000554s ]
ERR: 无法加载模块:Public

[ 2015-10-01T14:15:57+08:00 ] 127.0.0.1 /sdibt_jsj/Public/img/btn-overlay.png
INFO: [ app_init ] --START--
INFO: Run Behavior\BuildLiteBehavior [ RunTime:0.000034s ]
INFO: [ app_init ] --END-- [ RunTime:0.001588s ]
ERR: 无法加载模块:Public

[ 2015-10-01T14:15:58+08:00 ] 127.0.0.1 /sdibt_jsj/Public/img/btn-overlay.png
INFO: [ app_init ] --START--
INFO: Run Behavior\BuildLiteBehavior [ RunTime:0.000029s ]
INFO: [ app_init ] --END-- [ RunTime:0.000579s ]
ERR: 无法加载模块:Public

[ 2015-10-01T14:15:59+08:00 ] 127.0.0.1 /sdibt_jsj/Public/img/btn-overlay.png
INFO: [ app_init ] --START--
INFO: Run Behavior\BuildLiteBehavior [ RunTime:0.000045s ]
INFO: [ app_init ] --END-- [ RunTime:0.000984s ]
ERR: 无法加载模块:Public

[ 2015-10-01T14:16:01+08:00 ] 127.0.0.1 /sdibt_jsj/Public/img/btn-overlay.png
INFO: [ app_init ] --START--
INFO: Run Behavior\BuildLiteBehavior [ RunTime:0.000046s ]
INFO: [ app_init ] --END-- [ RunTime:0.000857s ]
ERR: 无法加载模块:Public

[ 2015-10-01T14:16:02+08:00 ] 127.0.0.1 /sdibt_jsj/Public/img/btn-overlay.png
INFO: [ app_init ] --START--
INFO: Run Behavior\BuildLiteBehavior [ RunTime:0.000030s ]
INFO: [ app_init ] --END-- [ RunTime:0.000678s ]
ERR: 无法加载模块:Public

[ 2015-10-01T14:16:04+08:00 ] 127.0.0.1 /sdibt_jsj/Public/img/btn-overlay.png
INFO: [ app_init ] --START--
INFO: Run Behavior\BuildLiteBehavior [ RunTime:0.000030s ]
INFO: [ app_init ] --END-- [ RunTime:0.000530s ]
ERR: 无法加载模块:Public

[ 2015-10-01T14:16:06+08:00 ] 127.0.0.1 /sdibt_jsj/Public/img/btn-overlay.png
INFO: [ app_init ] --START--
INFO: Run Behavior\BuildLiteBehavior [ RunTime:0.000029s ]
INFO: [ app_init ] --END-- [ RunTime:0.000709s ]
ERR: 无法加载模块:Public

[ 2015-10-01T14:16:08+08:00 ] 127.0.0.1 /sdibt_jsj/Public/img/btn-overlay.png
INFO: [ app_init ] --START--
INFO: Run Behavior\BuildLiteBehavior [ RunTime:0.000044s ]
INFO: [ app_init ] --END-- [ RunTime:0.000738s ]
ERR: 无法加载模块:Public

[ 2015-10-01T14:16:13+08:00 ] 127.0.0.1 /sdibt_jsj/Public/images/form_input_long.gif
INFO: [ app_init ] --START--
INFO: Run Behavior\BuildLiteBehavior [ RunTime:0.000046s ]
INFO: [ app_init ] --END-- [ RunTime:0.000821s ]
ERR: 无法加载模块:Public

[ 2015-10-01T14:16:15+08:00 ] 127.0.0.1 /sdibt_jsj/Public/images/form_input_long.gif
INFO: [ app_init ] --START--
INFO: Run Behavior\BuildLiteBehavior [ RunTime:0.000049s ]
INFO: [ app_init ] --END-- [ RunTime:0.000838s ]
ERR: 无法加载模块:Public

[ 2015-10-01T14:16:17+08:00 ] 127.0.0.1 /sdibt_jsj/Public/images/form_input_long.gif
INFO: [ app_init ] --START--
INFO: Run Behavior\BuildLiteBehavior [ RunTime:0.000056s ]
INFO: [ app_init ] --END-- [ RunTime:0.001075s ]
ERR: 无法加载模块:Public

[ 2015-10-01T14:16:18+08:00 ] 127.0.0.1 /sdibt_jsj/Public/images/form_input_long.gif
INFO: [ app_init ] --START--
INFO: Run Behavior\BuildLiteBehavior [ RunTime:0.000069s ]
INFO: [ app_init ] --END-- [ RunTime:0.000946s ]
ERR: 无法加载模块:Public

[ 2015-10-01T14:16:21+08:00 ] 127.0.0.1 /sdibt_jsj/Public/images/form_input_long.gif
INFO: [ app_init ] --START--
INFO: Run Behavior\BuildLiteBehavior [ RunTime:0.000028s ]
INFO: [ app_init ] --END-- [ RunTime:0.000544s ]
ERR: 无法加载模块:Public

[ 2015-10-01T14:16:23+08:00 ] 127.0.0.1 /sdibt_jsj/Public/images/form_input_long.gif
INFO: [ app_init ] --START--
INFO: Run Behavior\BuildLiteBehavior [ RunTime:0.000055s ]
INFO: [ app_init ] --END-- [ RunTime:0.000882s ]
ERR: 无法加载模块:Public

[ 2015-10-01T14:16:24+08:00 ] 127.0.0.1 /sdibt_jsj/Public/images/form_input_long.gif
INFO: [ app_init ] --START--
INFO: Run Behavior\BuildLiteBehavior [ RunTime:0.000032s ]
INFO: [ app_init ] --END-- [ RunTime:0.000800s ]
ERR: 无法加载模块:Public

[ 2015-10-01T14:16:25+08:00 ] 127.0.0.1 /sdibt_jsj/Public/images/form_input_long.gif
INFO: [ app_init ] --START--
INFO: Run Behavior\BuildLiteBehavior [ RunTime:0.000123s ]
INFO: [ app_init ] --END-- [ RunTime:0.000963s ]
ERR: 无法加载模块:Public

[ 2015-10-01T14:16:45+08:00 ] 127.0.0.1 /sdibt_jsj/Public/images/form_input_long.gif
INFO: [ app_init ] --START--
INFO: Run Behavior\BuildLiteBehavior [ RunTime:0.000067s ]
INFO: [ app_init ] --END-- [ RunTime:0.001174s ]
ERR: 无法加载模块:Public

[ 2015-10-01T14:16:47+08:00 ] 127.0.0.1 /sdibt_jsj/Public/images/form_input_long.gif
INFO: [ app_init ] --START--
INFO: Run Behavior\BuildLiteBehavior [ RunTime:0.000045s ]
INFO: [ app_init ] --END-- [ RunTime:0.000793s ]
ERR: 无法加载模块:Public

[ 2015-10-01T14:17:30+08:00 ] 127.0.0.1 /sdibt_jsj/Public/images/form_input_long.gif
INFO: [ app_init ] --START--
INFO: Run Behavior\BuildLiteBehavior [ RunTime:0.000046s ]
INFO: [ app_init ] --END-- [ RunTime:0.000964s ]
ERR: 无法加载模块:Public

[ 2015-10-01T14:17:35+08:00 ] 127.0.0.1 /sdibt_jsj/Public/images/form_input_long.gif
INFO: [ app_init ] --START--
INFO: Run Behavior\BuildLiteBehavior [ RunTime:0.000031s ]
INFO: [ app_init ] --END-- [ RunTime:0.000647s ]
ERR: 无法加载模块:Public

[ 2015-10-01T14:17:37+08:00 ] 127.0.0.1 /sdibt_jsj/Public/images/form_input_long.gif
INFO: [ app_init ] --START--
INFO: Run Behavior\BuildLiteBehavior [ RunTime:0.000033s ]
INFO: [ app_init ] --END-- [ RunTime:0.000937s ]
ERR: 无法加载模块:Public

[ 2015-10-01T14:17:38+08:00 ] 127.0.0.1 /sdibt_jsj/Public/images/form_input_long.gif
INFO: [ app_init ] --START--
INFO: Run Behavior\BuildLiteBehavior [ RunTime:0.000048s ]
INFO: [ app_init ] --END-- [ RunTime:0.000961s ]
ERR: 无法加载模块:Public

[ 2015-10-01T14:17:41+08:00 ] 127.0.0.1 /sdibt_jsj/Public/images/form_input_long.gif
INFO: [ app_init ] --START--
INFO: Run Behavior\BuildLiteBehavior [ RunTime:0.000049s ]
INFO: [ app_init ] --END-- [ RunTime:0.000896s ]
ERR: 无法加载模块:Public

[ 2015-10-01T14:17:43+08:00 ] 127.0.0.1 /sdibt_jsj/Public/images/form_input_long.gif
INFO: [ app_init ] --START--
INFO: Run Behavior\BuildLiteBehavior [ RunTime:0.000049s ]
INFO: [ app_init ] --END-- [ RunTime:0.000668s ]
ERR: 无法加载模块:Public

[ 2015-10-01T14:19:30+08:00 ] 127.0.0.1 /sdibt_jsj/Public/images/form_input_long.gif
INFO: [ app_init ] --START--
INFO: Run Behavior\BuildLiteBehavior [ RunTime:0.000116s ]
INFO: [ app_init ] --END-- [ RunTime:0.001679s ]
ERR: 无法加载模块:Public

[ 2015-10-01T14:19:32+08:00 ] 127.0.0.1 /sdibt_jsj/Public/images/form_input_long.gif
INFO: [ app_init ] --START--
INFO: Run Behavior\BuildLiteBehavior [ RunTime:0.000043s ]
INFO: [ app_init ] --END-- [ RunTime:0.000775s ]
ERR: 无法加载模块:Public

[ 2015-10-01T14:19:33+08:00 ] 127.0.0.1 /sdibt_jsj/Public/images/form_input_long.gif
INFO: [ app_init ] --START--
INFO: Run Behavior\BuildLiteBehavior [ RunTime:0.000045s ]
INFO: [ app_init ] --END-- [ RunTime:0.000873s ]
ERR: 无法加载模块:Public

[ 2015-10-01T14:19:34+08:00 ] 127.0.0.1 /sdibt_jsj/Public/images/form_input_long.gif
INFO: [ app_init ] --START--
INFO: Run Behavior\BuildLiteBehavior [ RunTime:0.000032s ]
INFO: [ app_init ] --END-- [ RunTime:0.000876s ]
ERR: 无法加载模块:Public

[ 2015-10-01T14:19:35+08:00 ] 127.0.0.1 /sdibt_jsj/Public/images/form_input_long.gif
INFO: [ app_init ] --START--
INFO: Run Behavior\BuildLiteBehavior [ RunTime:0.000049s ]
INFO: [ app_init ] --END-- [ RunTime:0.001888s ]
ERR: 无法加载模块:Public

[ 2015-10-01T14:19:37+08:00 ] 127.0.0.1 /sdibt_jsj/Public/images/form_input_long.gif
INFO: [ app_init ] --START--
INFO: Run Behavior\BuildLiteBehavior [ RunTime:0.000072s ]
INFO: [ app_init ] --END-- [ RunTime:0.001879s ]
ERR: 无法加载模块:Public

[ 2015-10-01T14:19:38+08:00 ] 127.0.0.1 /sdibt_jsj/Public/images/form_input_long.gif
INFO: [ app_init ] --START--
INFO: Run Behavior\BuildLiteBehavior [ RunTime:0.000040s ]
INFO: [ app_init ] --END-- [ RunTime:0.000793s ]
ERR: 无法加载模块:Public

[ 2015-10-01T14:19:39+08:00 ] 127.0.0.1 /sdibt_jsj/Public/images/form_input_long.gif
INFO: [ app_init ] --START--
INFO: Run Behavior\BuildLiteBehavior [ RunTime:0.000060s ]
INFO: [ app_init ] --END-- [ RunTime:0.000910s ]
ERR: 无法加载模块:Public

[ 2015-10-01T14:19:42+08:00 ] 127.0.0.1 /sdibt_jsj/Public/images/form_input_long.gif
INFO: [ app_init ] --START--
INFO: Run Behavior\BuildLiteBehavior [ RunTime:0.000067s ]
INFO: [ app_init ] --END-- [ RunTime:0.001048s ]
ERR: 无法加载模块:Public

[ 2015-10-01T14:19:43+08:00 ] 127.0.0.1 /sdibt_jsj/Public/images/form_input_long.gif
INFO: [ app_init ] --START--
INFO: Run Behavior\BuildLiteBehavior [ RunTime:0.000050s ]
INFO: [ app_init ] --END-- [ RunTime:0.000813s ]
ERR: 无法加载模块:Public

[ 2015-10-01T14:19:44+08:00 ] 127.0.0.1 /sdibt_jsj/Public/images/form_input_long.gif
INFO: [ app_init ] --START--
INFO: Run Behavior\BuildLiteBehavior [ RunTime:0.000047s ]
INFO: [ app_init ] --END-- [ RunTime:0.001174s ]
ERR: 无法加载模块:Public

[ 2015-10-01T14:19:44+08:00 ] 127.0.0.1 /sdibt_jsj/Public/images/form_input_long.gif
INFO: [ app_init ] --START--
INFO: Run Behavior\BuildLiteBehavior [ RunTime:0.000045s ]
INFO: [ app_init ] --END-- [ RunTime:0.000805s ]
ERR: 无法加载模块:Public

[ 2015-10-01T14:19:45+08:00 ] 127.0.0.1 /sdibt_jsj/Public/images/form_input_long.gif
INFO: [ app_init ] --START--
INFO: Run Behavior\BuildLiteBehavior [ RunTime:0.000049s ]
INFO: [ app_init ] --END-- [ RunTime:0.000858s ]
ERR: 无法加载模块:Public

[ 2015-10-01T14:19:47+08:00 ] 127.0.0.1 /sdibt_jsj/Public/images/form_input_long.gif
INFO: [ app_init ] --START--
INFO: Run Behavior\BuildLiteBehavior [ RunTime:0.000029s ]
INFO: [ app_init ] --END-- [ RunTime:0.000577s ]
ERR: 无法加载模块:Public

[ 2015-10-01T14:19:49+08:00 ] 127.0.0.1 /sdibt_jsj/Public/images/form_input_long.gif
INFO: [ app_init ] --START--
INFO: Run Behavior\BuildLiteBehavior [ RunTime:0.000029s ]
INFO: [ app_init ] --END-- [ RunTime:0.000737s ]
ERR: 无法加载模块:Public

[ 2015-10-01T14:20:27+08:00 ] 127.0.0.1 /sdibt_jsj/Public/images/form_input_long.gif
INFO: [ app_init ] --START--
INFO: Run Behavior\BuildLiteBehavior [ RunTime:0.000060s ]
INFO: [ app_init ] --END-- [ RunTime:0.001788s ]
ERR: 无法加载模块:Public

[ 2015-10-01T14:20:29+08:00 ] 127.0.0.1 /sdibt_jsj/Public/images/form_input_long.gif
INFO: [ app_init ] --START--
INFO: Run Behavior\BuildLiteBehavior [ RunTime:0.000039s ]
INFO: [ app_init ] --END-- [ RunTime:0.001688s ]
ERR: 无法加载模块:Public

[ 2015-10-01T14:20:31+08:00 ] 127.0.0.1 /sdibt_jsj/Public/images/form_input_long.gif
INFO: [ app_init ] --START--
INFO: Run Behavior\BuildLiteBehavior [ RunTime:0.000064s ]
INFO: [ app_init ] --END-- [ RunTime:0.001054s ]
ERR: 无法加载模块:Public

[ 2015-10-01T14:20:32+08:00 ] 127.0.0.1 /sdibt_jsj/Public/images/form_input_long.gif
INFO: [ app_init ] --START--
INFO: Run Behavior\BuildLiteBehavior [ RunTime:0.000052s ]
INFO: [ app_init ] --END-- [ RunTime:0.001206s ]
ERR: 无法加载模块:Public

[ 2015-10-01T14:20:37+08:00 ] 127.0.0.1 /sdibt_jsj/Public/images/form_input_long.gif
INFO: [ app_init ] --START--
INFO: Run Behavior\BuildLiteBehavior [ RunTime:0.000045s ]
INFO: [ app_init ] --END-- [ RunTime:0.000770s ]
ERR: 无法加载模块:Public

[ 2015-10-01T14:20:44+08:00 ] 127.0.0.1 /sdibt_jsj/Public/img/btn-overlay.png
INFO: [ app_init ] --START--
INFO: Run Behavior\BuildLiteBehavior [ RunTime:0.000060s ]
INFO: [ app_init ] --END-- [ RunTime:0.001081s ]
ERR: 无法加载模块:Public

[ 2015-10-01T14:20:50+08:00 ] 127.0.0.1 /sdibt_jsj/Public/img/btn-overlay.png
INFO: [ app_init ] --START--
INFO: Run Behavior\BuildLiteBehavior [ RunTime:0.000028s ]
INFO: [ app_init ] --END-- [ RunTime:0.000766s ]
ERR: 无法加载模块:Public

[ 2015-10-01T14:21:02+08:00 ] 127.0.0.1 /sdibt_jsj/Public/img/btn-overlay.png
INFO: [ app_init ] --START--
INFO: Run Behavior\BuildLiteBehavior [ RunTime:0.000030s ]
INFO: [ app_init ] --END-- [ RunTime:0.000562s ]
ERR: 无法加载模块:Public

[ 2015-10-01T14:21:15+08:00 ] 127.0.0.1 /sdibt_jsj/Public/images/form_input_long.gif
INFO: [ app_init ] --START--
INFO: Run Behavior\BuildLiteBehavior [ RunTime:0.000028s ]
INFO: [ app_init ] --END-- [ RunTime:0.000553s ]
ERR: 无法加载模块:Public

[ 2015-10-01T14:29:19+08:00 ] 127.0.0.1 /sdibt_jsj/Public/images/form_input_long.gif
INFO: [ app_init ] --START--
INFO: Run Behavior\BuildLiteBehavior [ RunTime:0.000029s ]
INFO: [ app_init ] --END-- [ RunTime:0.000676s ]
ERR: 无法加载模块:Public

[ 2015-10-01T14:29:34+08:00 ] 127.0.0.1 /sdibt_jsj/Public/images/form_input_long.gif
INFO: [ app_init ] --START--
INFO: Run Behavior\BuildLiteBehavior [ RunTime:0.000042s ]
INFO: [ app_init ] --END-- [ RunTime:0.000742s ]
ERR: 无法加载模块:Public

[ 2015-10-01T14:29:59+08:00 ] 127.0.0.1 /sdibt_jsj/Public/images/form_input_long.gif
INFO: [ app_init ] --START--
INFO: Run Behavior\BuildLiteBehavior [ RunTime:0.000032s ]
INFO: [ app_init ] --END-- [ RunTime:0.000750s ]
ERR: 无法加载模块:Public

[ 2015-10-01T14:30:00+08:00 ] 127.0.0.1 /sdibt_jsj/Public/images/form_input_long.gif
INFO: [ app_init ] --START--
INFO: Run Behavior\BuildLiteBehavior [ RunTime:0.000029s ]
INFO: [ app_init ] --END-- [ RunTime:0.000526s ]
ERR: 无法加载模块:Public

[ 2015-10-01T14:30:02+08:00 ] 127.0.0.1 /sdibt_jsj/Public/images/form_input_long.gif
INFO: [ app_init ] --START--
INFO: Run Behavior\BuildLiteBehavior [ RunTime:0.000027s ]
INFO: [ app_init ] --END-- [ RunTime:0.000508s ]
ERR: 无法加载模块:Public

[ 2015-10-01T14:30:03+08:00 ] 127.0.0.1 /sdibt_jsj/Public/images/form_input_long.gif
INFO: [ app_init ] --START--
INFO: Run Behavior\BuildLiteBehavior [ RunTime:0.000059s ]
INFO: [ app_init ] --END-- [ RunTime:0.001098s ]
ERR: 无法加载模块:Public

[ 2015-10-01T14:36:02+08:00 ] 127.0.0.1 /sdibt_jsj/Public/images/form_input_long.gif
INFO: [ app_init ] --START--
INFO: Run Behavior\BuildLiteBehavior [ RunTime:0.000045s ]
INFO: [ app_init ] --END-- [ RunTime:0.000914s ]
ERR: 无法加载模块:Public

[ 2015-10-01T14:36:03+08:00 ] 127.0.0.1 /sdibt_jsj/Public/images/form_input_long.gif
INFO: [ app_init ] --START--
INFO: Run Behavior\BuildLiteBehavior [ RunTime:0.000081s ]
INFO: [ app_init ] --END-- [ RunTime:0.001846s ]
ERR: 无法加载模块:Public

[ 2015-10-01T14:36:04+08:00 ] 127.0.0.1 /sdibt_jsj/Public/images/form_input_long.gif
INFO: [ app_init ] --START--
INFO: Run Behavior\BuildLiteBehavior [ RunTime:0.000034s ]
INFO: [ app_init ] --END-- [ RunTime:0.000723s ]
ERR: 无法加载模块:Public

[ 2015-10-01T14:37:22+08:00 ] 127.0.0.1 /sdibt_jsj/Public/images/form_input_long.gif
INFO: [ app_init ] --START--
INFO: Run Behavior\BuildLiteBehavior [ RunTime:0.000044s ]
INFO: [ app_init ] --END-- [ RunTime:0.000682s ]
ERR: 无法加载模块:Public

[ 2015-10-01T14:37:22+08:00 ] 127.0.0.1 /sdibt_jsj/Public/images/form_input_long.gif
INFO: [ app_init ] --START--
INFO: Run Behavior\BuildLiteBehavior [ RunTime:0.000132s ]
INFO: [ app_init ] --END-- [ RunTime:0.001603s ]
ERR: 无法加载模块:Public

[ 2015-10-01T14:37:23+08:00 ] 127.0.0.1 /sdibt_jsj/Public/images/form_input_long.gif
INFO: [ app_init ] --START--
INFO: Run Behavior\BuildLiteBehavior [ RunTime:0.000055s ]
INFO: [ app_init ] --END-- [ RunTime:0.000833s ]
ERR: 无法加载模块:Public

[ 2015-10-01T14:37:33+08:00 ] 127.0.0.1 /sdibt_jsj/Public/images/form_input_long.gif
INFO: [ app_init ] --START--
INFO: Run Behavior\BuildLiteBehavior [ RunTime:0.000124s ]
INFO: [ app_init ] --END-- [ RunTime:0.001463s ]
ERR: 无法加载模块:Public

[ 2015-10-01T14:37:34+08:00 ] 127.0.0.1 /sdibt_jsj/Public/images/form_input_long.gif
INFO: [ app_init ] --START--
INFO: Run Behavior\BuildLiteBehavior [ RunTime:0.000030s ]
INFO: [ app_init ] --END-- [ RunTime:0.000569s ]
ERR: 无法加载模块:Public

[ 2015-10-01T14:37:36+08:00 ] 127.0.0.1 /sdibt_jsj/Public/images/form_input_long.gif
INFO: [ app_init ] --START--
INFO: Run Behavior\BuildLiteBehavior [ RunTime:0.000048s ]
INFO: [ app_init ] --END-- [ RunTime:0.000808s ]
ERR: 无法加载模块:Public

[ 2015-10-01T14:37:36+08:00 ] 127.0.0.1 /sdibt_jsj/Public/images/form_input_long.gif
INFO: [ app_init ] --START--
INFO: Run Behavior\BuildLiteBehavior [ RunTime:0.000074s ]
INFO: [ app_init ] --END-- [ RunTime:0.001465s ]
ERR: 无法加载模块:Public

[ 2015-10-01T14:37:41+08:00 ] 127.0.0.1 /sdibt_jsj/Public/images/form_input_long.gif
INFO: [ app_init ] --START--
INFO: Run Behavior\BuildLiteBehavior [ RunTime:0.000047s ]
INFO: [ app_init ] --END-- [ RunTime:0.000667s ]
ERR: 无法加载模块:Public

[ 2015-10-01T14:37:46+08:00 ] 127.0.0.1 /sdibt_jsj/Public/images/form_input_long.gif
INFO: [ app_init ] --START--
INFO: Run Behavior\BuildLiteBehavior [ RunTime:0.000040s ]
INFO: [ app_init ] --END-- [ RunTime:0.000668s ]
ERR: 无法加载模块:Public

[ 2015-10-01T14:37:47+08:00 ] 127.0.0.1 /sdibt_jsj/Public/images/form_input_long.gif
INFO: [ app_init ] --START--
INFO: Run Behavior\BuildLiteBehavior [ RunTime:0.000098s ]
INFO: [ app_init ] --END-- [ RunTime:0.002154s ]
ERR: 无法加载模块:Public

[ 2015-10-01T14:37:48+08:00 ] 127.0.0.1 /sdibt_jsj/Public/images/form_input_long.gif
INFO: [ app_init ] --START--
INFO: Run Behavior\BuildLiteBehavior [ RunTime:0.000116s ]
INFO: [ app_init ] --END-- [ RunTime:0.002388s ]
ERR: 无法加载模块:Public

[ 2015-10-01T14:37:49+08:00 ] 127.0.0.1 /sdibt_jsj/Public/images/form_input_long.gif
INFO: [ app_init ] --START--
INFO: Run Behavior\BuildLiteBehavior [ RunTime:0.000042s ]
INFO: [ app_init ] --END-- [ RunTime:0.000708s ]
ERR: 无法加载模块:Public

[ 2015-10-01T14:37:51+08:00 ] 127.0.0.1 /sdibt_jsj/Public/images/form_input_long.gif
INFO: [ app_init ] --START--
INFO: Run Behavior\BuildLiteBehavior [ RunTime:0.000046s ]
INFO: [ app_init ] --END-- [ RunTime:0.001334s ]
ERR: 无法加载模块:Public

[ 2015-10-01T14:37:52+08:00 ] 127.0.0.1 /sdibt_jsj/Public/images/form_input_long.gif
INFO: [ app_init ] --START--
INFO: Run Behavior\BuildLiteBehavior [ RunTime:0.000030s ]
INFO: [ app_init ] --END-- [ RunTime:0.000747s ]
ERR: 无法加载模块:Public

[ 2015-10-01T14:37:53+08:00 ] 127.0.0.1 /sdibt_jsj/Public/images/form_input_long.gif
INFO: [ app_init ] --START--
INFO: Run Behavior\BuildLiteBehavior [ RunTime:0.000029s ]
INFO: [ app_init ] --END-- [ RunTime:0.000719s ]
ERR: 无法加载模块:Public

[ 2015-10-01T14:37:56+08:00 ] 127.0.0.1 /sdibt_jsj/Public/images/form_input_long.gif
INFO: [ app_init ] --START--
INFO: Run Behavior\BuildLiteBehavior [ RunTime:0.000042s ]
INFO: [ app_init ] --END-- [ RunTime:0.000635s ]
ERR: 无法加载模块:Public

[ 2015-10-01T14:37:57+08:00 ] 127.0.0.1 /sdibt_jsj/Public/images/form_input_long.gif
INFO: [ app_init ] --START--
INFO: Run Behavior\BuildLiteBehavior [ RunTime:0.000043s ]
INFO: [ app_init ] --END-- [ RunTime:0.000590s ]
ERR: 无法加载模块:Public

[ 2015-10-01T14:37:58+08:00 ] 127.0.0.1 /sdibt_jsj/Public/images/form_input_long.gif
INFO: [ app_init ] --START--
INFO: Run Behavior\BuildLiteBehavior [ RunTime:0.000047s ]
INFO: [ app_init ] --END-- [ RunTime:0.001083s ]
ERR: 无法加载模块:Public

[ 2015-10-01T14:37:58+08:00 ] 127.0.0.1 /sdibt_jsj/Public/images/form_input_long.gif
INFO: [ app_init ] --START--
INFO: Run Behavior\BuildLiteBehavior [ RunTime:0.000050s ]
INFO: [ app_init ] --END-- [ RunTime:0.001609s ]
ERR: 无法加载模块:Public

[ 2015-10-01T14:37:59+08:00 ] 127.0.0.1 /sdibt_jsj/Public/images/form_input_long.gif
INFO: [ app_init ] --START--
INFO: Run Behavior\BuildLiteBehavior [ RunTime:0.000048s ]
INFO: [ app_init ] --END-- [ RunTime:0.000574s ]
ERR: 无法加载模块:Public

[ 2015-10-01T14:38:00+08:00 ] 127.0.0.1 /sdibt_jsj/Public/images/form_input_long.gif
INFO: [ app_init ] --START--
INFO: Run Behavior\BuildLiteBehavior [ RunTime:0.000050s ]
INFO: [ app_init ] --END-- [ RunTime:0.001027s ]
ERR: 无法加载模块:Public

[ 2015-10-01T14:38:01+08:00 ] 127.0.0.1 /sdibt_jsj/Public/images/form_input_long.gif
INFO: [ app_init ] --START--
INFO: Run Behavior\BuildLiteBehavior [ RunTime:0.000032s ]
INFO: [ app_init ] --END-- [ RunTime:0.000828s ]
ERR: 无法加载模块:Public

[ 2015-10-01T14:38:01+08:00 ] 127.0.0.1 /sdibt_jsj/Public/images/form_input_long.gif
INFO: [ app_init ] --START--
INFO: Run Behavior\BuildLiteBehavior [ RunTime:0.000028s ]
INFO: [ app_init ] --END-- [ RunTime:0.000784s ]
ERR: 无法加载模块:Public

[ 2015-10-01T14:38:02+08:00 ] 127.0.0.1 /sdibt_jsj/Public/images/form_input_long.gif
INFO: [ app_init ] --START--
INFO: Run Behavior\BuildLiteBehavior [ RunTime:0.000026s ]
INFO: [ app_init ] --END-- [ RunTime:0.000498s ]
ERR: 无法加载模块:Public

[ 2015-10-01T14:38:02+08:00 ] 127.0.0.1 /sdibt_jsj/Public/images/form_input_long.gif
INFO: [ app_init ] --START--
INFO: Run Behavior\BuildLiteBehavior [ RunTime:0.000042s ]
INFO: [ app_init ] --END-- [ RunTime:0.000892s ]
ERR: 无法加载模块:Public

[ 2015-10-01T14:38:03+08:00 ] 127.0.0.1 /sdibt_jsj/Public/images/form_input_long.gif
INFO: [ app_init ] --START--
INFO: Run Behavior\BuildLiteBehavior [ RunTime:0.000047s ]
INFO: [ app_init ] --END-- [ RunTime:0.000951s ]
ERR: 无法加载模块:Public

[ 2015-10-01T14:38:50+08:00 ] 127.0.0.1 /sdibt_jsj/Public/images/form_input_long.gif
INFO: [ app_init ] --START--
INFO: Run Behavior\BuildLiteBehavior [ RunTime:0.000042s ]
INFO: [ app_init ] --END-- [ RunTime:0.000751s ]
ERR: 无法加载模块:Public

[ 2015-10-01T14:39:23+08:00 ] 127.0.0.1 /sdibt_jsj/Public/images/form_input_long.gif
INFO: [ app_init ] --START--
INFO: Run Behavior\BuildLiteBehavior [ RunTime:0.000032s ]
INFO: [ app_init ] --END-- [ RunTime:0.000700s ]
ERR: 无法加载模块:Public

[ 2015-10-01T14:39:26+08:00 ] 127.0.0.1 /sdibt_jsj/Public/images/form_input_long.gif
INFO: [ app_init ] --START--
INFO: Run Behavior\BuildLiteBehavior [ RunTime:0.000046s ]
INFO: [ app_init ] --END-- [ RunTime:0.000805s ]
ERR: 无法加载模块:Public

[ 2015-10-01T14:39:29+08:00 ] 127.0.0.1 /sdibt_jsj/Public/images/form_input_long.gif
INFO: [ app_init ] --START--
INFO: Run Behavior\BuildLiteBehavior [ RunTime:0.000030s ]
INFO: [ app_init ] --END-- [ RunTime:0.000488s ]
ERR: 无法加载模块:Public

[ 2015-10-01T14:39:30+08:00 ] 127.0.0.1 /sdibt_jsj/Public/images/form_input_long.gif
INFO: [ app_init ] --START--
INFO: Run Behavior\BuildLiteBehavior [ RunTime:0.000051s ]
INFO: [ app_init ] --END-- [ RunTime:0.000948s ]
ERR: 无法加载模块:Public

[ 2015-10-01T14:39:32+08:00 ] 127.0.0.1 /sdibt_jsj/Public/images/form_input_long.gif
INFO: [ app_init ] --START--
INFO: Run Behavior\BuildLiteBehavior [ RunTime:0.000032s ]
INFO: [ app_init ] --END-- [ RunTime:0.000664s ]
ERR: 无法加载模块:Public

[ 2015-10-01T14:39:34+08:00 ] 127.0.0.1 /sdibt_jsj/Public/images/form_input_long.gif
INFO: [ app_init ] --START--
INFO: Run Behavior\BuildLiteBehavior [ RunTime:0.000064s ]
INFO: [ app_init ] --END-- [ RunTime:0.001148s ]
ERR: 无法加载模块:Public

[ 2015-10-01T14:40:21+08:00 ] 127.0.0.1 /sdibt_jsj/Public/images/form_input_long.gif
INFO: [ app_init ] --START--
INFO: Run Behavior\BuildLiteBehavior [ RunTime:0.000135s ]
INFO: [ app_init ] --END-- [ RunTime:0.001274s ]
ERR: 无法加载模块:Public

[ 2015-10-01T14:40:22+08:00 ] 127.0.0.1 /sdibt_jsj/Public/images/form_input_long.gif
INFO: [ app_init ] --START--
INFO: Run Behavior\BuildLiteBehavior [ RunTime:0.000046s ]
INFO: [ app_init ] --END-- [ RunTime:0.000909s ]
ERR: 无法加载模块:Public

[ 2015-10-01T14:40:24+08:00 ] 127.0.0.1 /sdibt_jsj/Public/images/form_input_long.gif
INFO: [ app_init ] --START--
INFO: Run Behavior\BuildLiteBehavior [ RunTime:0.000028s ]
INFO: [ app_init ] --END-- [ RunTime:0.000569s ]
ERR: 无法加载模块:Public

[ 2015-10-01T14:40:24+08:00 ] 127.0.0.1 /sdibt_jsj/Public/images/form_input_long.gif
INFO: [ app_init ] --START--
INFO: Run Behavior\BuildLiteBehavior [ RunTime:0.000029s ]
INFO: [ app_init ] --END-- [ RunTime:0.000495s ]
ERR: 无法加载模块:Public

[ 2015-10-01T14:40:25+08:00 ] 127.0.0.1 /sdibt_jsj/Public/images/form_input_long.gif
INFO: [ app_init ] --START--
INFO: Run Behavior\BuildLiteBehavior [ RunTime:0.000042s ]
INFO: [ app_init ] --END-- [ RunTime:0.000562s ]
ERR: 无法加载模块:Public

[ 2015-10-01T14:40:27+08:00 ] 127.0.0.1 /sdibt_jsj/Public/images/form_input_long.gif
INFO: [ app_init ] --START--
INFO: Run Behavior\BuildLiteBehavior [ RunTime:0.000028s ]
INFO: [ app_init ] --END-- [ RunTime:0.000481s ]
ERR: 无法加载模块:Public

[ 2015-10-01T14:40:53+08:00 ] 127.0.0.1 /sdibt_jsj/Public/images/form_input_long.gif
INFO: [ app_init ] --START--
INFO: Run Behavior\BuildLiteBehavior [ RunTime:0.000031s ]
INFO: [ app_init ] --END-- [ RunTime:0.000731s ]
ERR: 无法加载模块:Public

[ 2015-10-01T14:40:53+08:00 ] 127.0.0.1 /sdibt_jsj/Public/images/form_input_long.gif
INFO: [ app_init ] --START--
INFO: Run Behavior\BuildLiteBehavior [ RunTime:0.000091s ]
INFO: [ app_init ] --END-- [ RunTime:0.001074s ]
ERR: 无法加载模块:Public

[ 2015-10-01T14:40:57+08:00 ] 127.0.0.1 /sdibt_jsj/nav/?type_id=1&news_id=1
INFO: [ app_init ] --START--
INFO: Run Behavior\BuildLiteBehavior [ RunTime:0.000027s ]
INFO: [ app_init ] --END-- [ RunTime:0.000479s ]
ERR: 无法加载模块:Nav

[ 2015-10-01T14:41:03+08:00 ] 127.0.0.1 /sdibt_jsj/nav/?type_id=1&news_id=1
INFO: [ app_init ] --START--
INFO: Run Behavior\BuildLiteBehavior [ RunTime:0.000047s ]
INFO: [ app_init ] --END-- [ RunTime:0.001206s ]
ERR: 无法加载模块:Nav

[ 2015-10-01T14:41:14+08:00 ] 127.0.0.1 /sdibt_jsj/nav/?type_id=1&news_id=1
INFO: [ app_init ] --START--
INFO: Run Behavior\BuildLiteBehavior [ RunTime:0.000066s ]
INFO: [ app_init ] --END-- [ RunTime:0.000763s ]
ERR: 无法加载模块:Nav

[ 2015-10-01T14:41:17+08:00 ] 127.0.0.1 /sdibt_jsj/Public/images/form_input_long.gif
INFO: [ app_init ] --START--
INFO: Run Behavior\BuildLiteBehavior [ RunTime:0.000029s ]
INFO: [ app_init ] --END-- [ RunTime:0.000491s ]
ERR: 无法加载模块:Public

[ 2015-10-01T14:41:20+08:00 ] 127.0.0.1 /sdibt_jsj/nav/?type_id=1&news_id=1
INFO: [ app_init ] --START--
INFO: Run Behavior\BuildLiteBehavior [ RunTime:0.000028s ]
INFO: [ app_init ] --END-- [ RunTime:0.000505s ]
ERR: 无法加载模块:Nav

[ 2015-10-01T14:41:32+08:00 ] 127.0.0.1 /sdibt_jsj/nav/?type_id=1&news_id=1
INFO: [ app_init ] --START--
INFO: Run Behavior\BuildLiteBehavior [ RunTime:0.000085s ]
INFO: [ app_init ] --END-- [ RunTime:0.000883s ]
ERR: 无法加载模块:Nav

[ 2015-10-01T14:41:34+08:00 ] 127.0.0.1 /sdibt_jsj/nav/
INFO: [ app_init ] --START--
INFO: Run Behavior\BuildLiteBehavior [ RunTime:0.000099s ]
INFO: [ app_init ] --END-- [ RunTime:0.000959s ]
ERR: 无法加载模块:Nav

[ 2015-10-01T14:41:37+08:00 ] 127.0.0.1 /sdibt_jsj/Public/images/form_input_long.gif
INFO: [ app_init ] --START--
INFO: Run Behavior\BuildLiteBehavior [ RunTime:0.000032s ]
INFO: [ app_init ] --END-- [ RunTime:0.000600s ]
ERR: 无法加载模块:Public

[ 2015-10-01T14:41:39+08:00 ] 127.0.0.1 /sdibt_jsj/Public/images/form_input_long.gif
INFO: [ app_init ] --START--
INFO: Run Behavior\BuildLiteBehavior [ RunTime:0.000095s ]
INFO: [ app_init ] --END-- [ RunTime:0.001442s ]
ERR: 无法加载模块:Public

[ 2015-10-01T14:41:41+08:00 ] 127.0.0.1 /sdibt_jsj/Public/images/form_input_long.gif
INFO: [ app_init ] --START--
INFO: Run Behavior\BuildLiteBehavior [ RunTime:0.000055s ]
INFO: [ app_init ] --END-- [ RunTime:0.000737s ]
ERR: 无法加载模块:Public

[ 2015-10-01T14:41:42+08:00 ] 127.0.0.1 /sdibt_jsj/Public/images/form_input_long.gif
INFO: [ app_init ] --START--
INFO: Run Behavior\BuildLiteBehavior [ RunTime:0.000090s ]
INFO: [ app_init ] --END-- [ RunTime:0.001484s ]
ERR: 无法加载模块:Public

[ 2015-10-01T14:41:44+08:00 ] 127.0.0.1 /sdibt_jsj/Public/images/form_input_long.gif
INFO: [ app_init ] --START--
INFO: Run Behavior\BuildLiteBehavior [ RunTime:0.000081s ]
INFO: [ app_init ] --END-- [ RunTime:0.000822s ]
ERR: 无法加载模块:Public

[ 2015-10-01T14:41:45+08:00 ] 127.0.0.1 /sdibt_jsj/Public/images/form_input_long.gif
INFO: [ app_init ] --START--
INFO: Run Behavior\BuildLiteBehavior [ RunTime:0.000045s ]
INFO: [ app_init ] --END-- [ RunTime:0.000762s ]
ERR: 无法加载模块:Public

[ 2015-10-01T14:41:46+08:00 ] 127.0.0.1 /sdibt_jsj/Public/images/form_input_long.gif
INFO: [ app_init ] --START--
INFO: Run Behavior\BuildLiteBehavior [ RunTime:0.000073s ]
INFO: [ app_init ] --END-- [ RunTime:0.000914s ]
ERR: 无法加载模块:Public

[ 2015-10-01T14:41:48+08:00 ] 127.0.0.1 /sdibt_jsj/Public/images/form_input_long.gif
INFO: [ app_init ] --START--
INFO: Run Behavior\BuildLiteBehavior [ RunTime:0.000046s ]
INFO: [ app_init ] --END-- [ RunTime:0.000773s ]
ERR: 无法加载模块:Public

[ 2015-10-01T14:41:50+08:00 ] 127.0.0.1 /sdibt_jsj/Public/images/form_input_long.gif
INFO: [ app_init ] --START--
INFO: Run Behavior\BuildLiteBehavior [ RunTime:0.000047s ]
INFO: [ app_init ] --END-- [ RunTime:0.001143s ]
ERR: 无法加载模块:Public

[ 2015-10-01T14:41:50+08:00 ] 127.0.0.1 /sdibt_jsj/Public/images/form_input_long.gif
INFO: [ app_init ] --START--
INFO: Run Behavior\BuildLiteBehavior [ RunTime:0.000046s ]
INFO: [ app_init ] --END-- [ RunTime:0.000844s ]
ERR: 无法加载模块:Public

[ 2015-10-01T14:41:51+08:00 ] 127.0.0.1 /sdibt_jsj/Public/images/form_input_long.gif
INFO: [ app_init ] --START--
INFO: Run Behavior\BuildLiteBehavior [ RunTime:0.000047s ]
INFO: [ app_init ] --END-- [ RunTime:0.000869s ]
ERR: 无法加载模块:Public

[ 2015-10-01T14:41:52+08:00 ] 127.0.0.1 /sdibt_jsj/Public/images/form_input_long.gif
INFO: [ app_init ] --START--
INFO: Run Behavior\BuildLiteBehavior [ RunTime:0.000094s ]
INFO: [ app_init ] --END-- [ RunTime:0.001797s ]
ERR: 无法加载模块:Public

[ 2015-10-01T14:41:52+08:00 ] 127.0.0.1 /sdibt_jsj/Public/images/form_input_long.gif
INFO: [ app_init ] --START--
INFO: Run Behavior\BuildLiteBehavior [ RunTime:0.000079s ]
INFO: [ app_init ] --END-- [ RunTime:0.001518s ]
ERR: 无法加载模块:Public

[ 2015-10-01T14:41:53+08:00 ] 127.0.0.1 /sdibt_jsj/Public/images/form_input_long.gif
INFO: [ app_init ] --START--
INFO: Run Behavior\BuildLiteBehavior [ RunTime:0.000084s ]
INFO: [ app_init ] --END-- [ RunTime:0.001232s ]
ERR: 无法加载模块:Public

[ 2015-10-01T14:41:53+08:00 ] 127.0.0.1 /sdibt_jsj/Public/images/form_input_long.gif
INFO: [ app_init ] --START--
INFO: Run Behavior\BuildLiteBehavior [ RunTime:0.000053s ]
INFO: [ app_init ] --END-- [ RunTime:0.000671s ]
ERR: 无法加载模块:Public

[ 2015-10-01T14:41:54+08:00 ] 127.0.0.1 /sdibt_jsj/Public/images/form_input_long.gif
INFO: [ app_init ] --START--
INFO: Run Behavior\BuildLiteBehavior [ RunTime:0.000046s ]
INFO: [ app_init ] --END-- [ RunTime:0.000602s ]
ERR: 无法加载模块:Public

[ 2015-10-01T14:42:04+08:00 ] 127.0.0.1 /sdibt_jsj/Public/images/form_input_long.gif
INFO: [ app_init ] --START--
INFO: Run Behavior\BuildLiteBehavior [ RunTime:0.000046s ]
INFO: [ app_init ] --END-- [ RunTime:0.000676s ]
ERR: 无法加载模块:Public

[ 2015-10-01T14:42:09+08:00 ] 127.0.0.1 /sdibt_jsj/Public/images/form_input_long.gif
INFO: [ app_init ] --START--
INFO: Run Behavior\BuildLiteBehavior [ RunTime:0.000123s ]
INFO: [ app_init ] --END-- [ RunTime:0.001795s ]
ERR: 无法加载模块:Public

[ 2015-10-01T14:42:10+08:00 ] 127.0.0.1 /sdibt_jsj/Public/images/form_input_long.gif
INFO: [ app_init ] --START--
INFO: Run Behavior\BuildLiteBehavior [ RunTime:0.000047s ]
INFO: [ app_init ] --END-- [ RunTime:0.000679s ]
ERR: 无法加载模块:Public

[ 2015-10-01T14:42:11+08:00 ] 127.0.0.1 /sdibt_jsj/Public/images/form_input_long.gif
INFO: [ app_init ] --START--
INFO: Run Behavior\BuildLiteBehavior [ RunTime:0.000029s ]
INFO: [ app_init ] --END-- [ RunTime:0.000515s ]
ERR: 无法加载模块:Public

[ 2015-10-01T14:44:14+08:00 ] 127.0.0.1 /sdibt_jsj/Public/images/form_input_long.gif
INFO: [ app_init ] --START--
INFO: Run Behavior\BuildLiteBehavior [ RunTime:0.000084s ]
INFO: [ app_init ] --END-- [ RunTime:0.001527s ]
ERR: 无法加载模块:Public

[ 2015-10-01T14:44:14+08:00 ] 127.0.0.1 /sdibt_jsj/Public/images/form_input_long.gif
INFO: [ app_init ] --START--
INFO: Run Behavior\BuildLiteBehavior [ RunTime:0.000029s ]
INFO: [ app_init ] --END-- [ RunTime:0.000570s ]
ERR: 无法加载模块:Public

[ 2015-10-01T14:44:16+08:00 ] 127.0.0.1 /sdibt_jsj/Public/images/form_input_long.gif
INFO: [ app_init ] --START--
INFO: Run Behavior\BuildLiteBehavior [ RunTime:0.000030s ]
INFO: [ app_init ] --END-- [ RunTime:0.000637s ]
ERR: 无法加载模块:Public

[ 2015-10-01T14:44:17+08:00 ] 127.0.0.1 /sdibt_jsj/Public/images/form_input_long.gif
INFO: [ app_init ] --START--
INFO: Run Behavior\BuildLiteBehavior [ RunTime:0.000108s ]
INFO: [ app_init ] --END-- [ RunTime:0.000977s ]
ERR: 无法加载模块:Public

[ 2015-10-01T14:44:18+08:00 ] 127.0.0.1 /sdibt_jsj/Public/images/form_input_long.gif
INFO: [ app_init ] --START--
INFO: Run Behavior\BuildLiteBehavior [ RunTime:0.000057s ]
INFO: [ app_init ] --END-- [ RunTime:0.000897s ]
ERR: 无法加载模块:Public

[ 2015-10-01T14:44:20+08:00 ] 127.0.0.1 /sdibt_jsj/Public/images/form_input_long.gif
INFO: [ app_init ] --START--
INFO: Run Behavior\BuildLiteBehavior [ RunTime:0.000052s ]
INFO: [ app_init ] --END-- [ RunTime:0.001097s ]
ERR: 无法加载模块:Public

[ 2015-10-01T14:44:21+08:00 ] 127.0.0.1 /sdibt_jsj/Public/images/form_input_long.gif
INFO: [ app_init ] --START--
INFO: Run Behavior\BuildLiteBehavior [ RunTime:0.000049s ]
INFO: [ app_init ] --END-- [ RunTime:0.001186s ]
ERR: 无法加载模块:Public

[ 2015-10-01T14:44:21+08:00 ] 127.0.0.1 /sdibt_jsj/Public/images/form_input_long.gif
INFO: [ app_init ] --START--
INFO: Run Behavior\BuildLiteBehavior [ RunTime:0.000157s ]
INFO: [ app_init ] --END-- [ RunTime:0.001744s ]
ERR: 无法加载模块:Public

[ 2015-10-01T14:44:23+08:00 ] 127.0.0.1 /sdibt_jsj/Public/images/form_input_long.gif
INFO: [ app_init ] --START--
INFO: Run Behavior\BuildLiteBehavior [ RunTime:0.000031s ]
INFO: [ app_init ] --END-- [ RunTime:0.000613s ]
ERR: 无法加载模块:Public

[ 2015-10-01T14:44:25+08:00 ] 127.0.0.1 /sdibt_jsj/Public/images/form_input_long.gif
INFO: [ app_init ] --START--
INFO: Run Behavior\BuildLiteBehavior [ RunTime:0.000084s ]
INFO: [ app_init ] --END-- [ RunTime:0.001955s ]
ERR: 无法加载模块:Public

[ 2015-10-01T14:44:28+08:00 ] 127.0.0.1 /sdibt_jsj/Public/images/form_input_long.gif
INFO: [ app_init ] --START--
INFO: Run Behavior\BuildLiteBehavior [ RunTime:0.000051s ]
INFO: [ app_init ] --END-- [ RunTime:0.001059s ]
ERR: 无法加载模块:Public

[ 2015-10-01T14:44:29+08:00 ] 127.0.0.1 /sdibt_jsj/Public/images/form_input_long.gif
INFO: [ app_init ] --START--
INFO: Run Behavior\BuildLiteBehavior [ RunTime:0.000192s ]
INFO: [ app_init ] --END-- [ RunTime:0.001107s ]
ERR: 无法加载模块:Public

[ 2015-10-01T14:44:30+08:00 ] 127.0.0.1 /sdibt_jsj/Public/images/form_input_long.gif
INFO: [ app_init ] --START--
INFO: Run Behavior\BuildLiteBehavior [ RunTime:0.000032s ]
INFO: [ app_init ] --END-- [ RunTime:0.000761s ]
ERR: 无法加载模块:Public

[ 2015-10-01T14:44:31+08:00 ] 127.0.0.1 /sdibt_jsj/Public/images/form_input_long.gif
INFO: [ app_init ] --START--
INFO: Run Behavior\BuildLiteBehavior [ RunTime:0.000050s ]
INFO: [ app_init ] --END-- [ RunTime:0.000822s ]
ERR: 无法加载模块:Public

[ 2015-10-01T14:44:39+08:00 ] 127.0.0.1 /sdibt_jsj/Public/images/form_input_long.gif
INFO: [ app_init ] --START--
INFO: Run Behavior\BuildLiteBehavior [ RunTime:0.000046s ]
INFO: [ app_init ] --END-- [ RunTime:0.000867s ]
ERR: 无法加载模块:Public

[ 2015-10-01T14:44:44+08:00 ] 127.0.0.1 /sdibt_jsj/Public/images/form_input_long.gif
INFO: [ app_init ] --START--
INFO: Run Behavior\BuildLiteBehavior [ RunTime:0.000046s ]
INFO: [ app_init ] --END-- [ RunTime:0.000573s ]
ERR: 无法加载模块:Public

[ 2015-10-01T14:44:52+08:00 ] 127.0.0.1 /sdibt_jsj/Public/images/form_input_long.gif
INFO: [ app_init ] --START--
INFO: Run Behavior\BuildLiteBehavior [ RunTime:0.000029s ]
INFO: [ app_init ] --END-- [ RunTime:0.000550s ]
ERR: 无法加载模块:Public

[ 2015-10-01T14:44:55+08:00 ] 127.0.0.1 /sdibt_jsj/Public/images/form_input_long.gif
INFO: [ app_init ] --START--
INFO: Run Behavior\BuildLiteBehavior [ RunTime:0.000030s ]
INFO: [ app_init ] --END-- [ RunTime:0.000597s ]
ERR: 无法加载模块:Public

[ 2015-10-01T14:44:56+08:00 ] 127.0.0.1 /sdibt_jsj/Public/images/form_input_long.gif
INFO: [ app_init ] --START--
INFO: Run Behavior\BuildLiteBehavior [ RunTime:0.000086s ]
INFO: [ app_init ] --END-- [ RunTime:0.001337s ]
ERR: 无法加载模块:Public

[ 2015-10-01T14:44:58+08:00 ] 127.0.0.1 /sdibt_jsj/Public/images/form_input_long.gif
INFO: [ app_init ] --START--
INFO: Run Behavior\BuildLiteBehavior [ RunTime:0.000050s ]
INFO: [ app_init ] --END-- [ RunTime:0.000973s ]
ERR: 无法加载模块:Public

[ 2015-10-01T14:45:01+08:00 ] 127.0.0.1 /sdibt_jsj/Public/images/form_input_long.gif
INFO: [ app_init ] --START--
INFO: Run Behavior\BuildLiteBehavior [ RunTime:0.000090s ]
INFO: [ app_init ] --END-- [ RunTime:0.001416s ]
ERR: 无法加载模块:Public

[ 2015-10-01T14:45:04+08:00 ] 127.0.0.1 /sdibt_jsj/Public/images/form_input_long.gif
INFO: [ app_init ] --START--
INFO: Run Behavior\BuildLiteBehavior [ RunTime:0.000045s ]
INFO: [ app_init ] --END-- [ RunTime:0.000898s ]
ERR: 无法加载模块:Public

[ 2015-10-01T14:45:05+08:00 ] 127.0.0.1 /sdibt_jsj/Public/images/form_input_long.gif
INFO: [ app_init ] --START--
INFO: Run Behavior\BuildLiteBehavior [ RunTime:0.000029s ]
INFO: [ app_init ] --END-- [ RunTime:0.000706s ]
ERR: 无法加载模块:Public

[ 2015-10-01T14:45:06+08:00 ] 127.0.0.1 /sdibt_jsj/Public/images/form_input_long.gif
INFO: [ app_init ] --START--
INFO: Run Behavior\BuildLiteBehavior [ RunTime:0.000048s ]
INFO: [ app_init ] --END-- [ RunTime:0.000878s ]
ERR: 无法加载模块:Public

[ 2015-10-01T14:45:07+08:00 ] 127.0.0.1 /sdibt_jsj/Public/images/form_input_long.gif
INFO: [ app_init ] --START--
INFO: Run Behavior\BuildLiteBehavior [ RunTime:0.000062s ]
INFO: [ app_init ] --END-- [ RunTime:0.001757s ]
ERR: 无法加载模块:Public

[ 2015-10-01T14:45:09+08:00 ] 127.0.0.1 /sdibt_jsj/Public/images/form_input_long.gif
INFO: [ app_init ] --START--
INFO: Run Behavior\BuildLiteBehavior [ RunTime:0.000071s ]
INFO: [ app_init ] --END-- [ RunTime:0.001302s ]
ERR: 无法加载模块:Public

[ 2015-10-01T14:45:10+08:00 ] 127.0.0.1 /sdibt_jsj/Public/images/form_input_long.gif
INFO: [ app_init ] --START--
INFO: Run Behavior\BuildLiteBehavior [ RunTime:0.000058s ]
INFO: [ app_init ] --END-- [ RunTime:0.001112s ]
ERR: 无法加载模块:Public

[ 2015-10-01T14:45:14+08:00 ] 127.0.0.1 /sdibt_jsj/Public/images/form_input_long.gif
INFO: [ app_init ] --START--
INFO: Run Behavior\BuildLiteBehavior [ RunTime:0.000046s ]
INFO: [ app_init ] --END-- [ RunTime:0.000657s ]
ERR: 无法加载模块:Public

[ 2015-10-01T14:45:15+08:00 ] 127.0.0.1 /sdibt_jsj/Public/images/form_input_long.gif
INFO: [ app_init ] --START--
INFO: Run Behavior\BuildLiteBehavior [ RunTime:0.000180s ]
INFO: [ app_init ] --END-- [ RunTime:0.001941s ]
ERR: 无法加载模块:Public

[ 2015-10-01T14:45:16+08:00 ] 127.0.0.1 /sdibt_jsj/Public/images/form_input_long.gif
INFO: [ app_init ] --START--
INFO: Run Behavior\BuildLiteBehavior [ RunTime:0.000046s ]
INFO: [ app_init ] --END-- [ RunTime:0.001576s ]
ERR: 无法加载模块:Public

[ 2015-10-01T14:45:44+08:00 ] 127.0.0.1 /sdibt_jsj/Public/images/form_input_long.gif
INFO: [ app_init ] --START--
INFO: Run Behavior\BuildLiteBehavior [ RunTime:0.000051s ]
INFO: [ app_init ] --END-- [ RunTime:0.000927s ]
ERR: 无法加载模块:Public

[ 2015-10-01T14:45:46+08:00 ] 127.0.0.1 /sdibt_jsj/Public/images/form_input_long.gif
INFO: [ app_init ] --START--
INFO: Run Behavior\BuildLiteBehavior [ RunTime:0.000055s ]
INFO: [ app_init ] --END-- [ RunTime:0.001048s ]
ERR: 无法加载模块:Public

[ 2015-10-01T14:45:49+08:00 ] 127.0.0.1 /sdibt_jsj/Public/images/form_input_long.gif
INFO: [ app_init ] --START--
INFO: Run Behavior\BuildLiteBehavior [ RunTime:0.000045s ]
INFO: [ app_init ] --END-- [ RunTime:0.000837s ]
ERR: 无法加载模块:Public

[ 2015-10-01T14:45:51+08:00 ] 127.0.0.1 /sdibt_jsj/Public/images/form_input_long.gif
INFO: [ app_init ] --START--
INFO: Run Behavior\BuildLiteBehavior [ RunTime:0.000046s ]
INFO: [ app_init ] --END-- [ RunTime:0.000625s ]
ERR: 无法加载模块:Public

[ 2015-10-01T14:45:54+08:00 ] 127.0.0.1 /sdibt_jsj/Public/images/form_input_long.gif
INFO: [ app_init ] --START--
INFO: Run Behavior\BuildLiteBehavior [ RunTime:0.000052s ]
INFO: [ app_init ] --END-- [ RunTime:0.001239s ]
ERR: 无法加载模块:Public

[ 2015-10-01T14:46:07+08:00 ] 127.0.0.1 /sdibt_jsj/Public/images/form_input_long.gif
INFO: [ app_init ] --START--
INFO: Run Behavior\BuildLiteBehavior [ RunTime:0.000048s ]
INFO: [ app_init ] --END-- [ RunTime:0.001096s ]
ERR: 无法加载模块:Public

[ 2015-10-01T14:46:09+08:00 ] 127.0.0.1 /sdibt_jsj/Public/images/form_input_long.gif
INFO: [ app_init ] --START--
INFO: Run Behavior\BuildLiteBehavior [ RunTime:0.000035s ]
INFO: [ app_init ] --END-- [ RunTime:0.000548s ]
ERR: 无法加载模块:Public

[ 2015-10-01T14:46:11+08:00 ] 127.0.0.1 /sdibt_jsj/Public/images/form_input_long.gif
INFO: [ app_init ] --START--
INFO: Run Behavior\BuildLiteBehavior [ RunTime:0.000048s ]
INFO: [ app_init ] --END-- [ RunTime:0.001111s ]
ERR: 无法加载模块:Public

[ 2015-10-01T14:46:13+08:00 ] 127.0.0.1 /sdibt_jsj/Public/images/form_input_long.gif
INFO: [ app_init ] --START--
INFO: Run Behavior\BuildLiteBehavior [ RunTime:0.000093s ]
INFO: [ app_init ] --END-- [ RunTime:0.001504s ]
ERR: 无法加载模块:Public

[ 2015-10-01T14:46:15+08:00 ] 127.0.0.1 /sdibt_jsj/Public/images/form_input_long.gif
INFO: [ app_init ] --START--
INFO: Run Behavior\BuildLiteBehavior [ RunTime:0.000032s ]
INFO: [ app_init ] --END-- [ RunTime:0.001044s ]
ERR: 无法加载模块:Public

[ 2015-10-01T14:46:16+08:00 ] 127.0.0.1 /sdibt_jsj/Public/images/form_input_long.gif
INFO: [ app_init ] --START--
INFO: Run Behavior\BuildLiteBehavior [ RunTime:0.000058s ]
INFO: [ app_init ] --END-- [ RunTime:0.000703s ]
ERR: 无法加载模块:Public

[ 2015-10-01T14:46:17+08:00 ] 127.0.0.1 /sdibt_jsj/Public/images/form_input_long.gif
INFO: [ app_init ] --START--
INFO: Run Behavior\BuildLiteBehavior [ RunTime:0.000047s ]
INFO: [ app_init ] --END-- [ RunTime:0.000842s ]
ERR: 无法加载模块:Public

[ 2015-10-01T14:47:31+08:00 ] 127.0.0.1 /sdibt_jsj/Public/images/form_input_long.gif
INFO: [ app_init ] --START--
INFO: Run Behavior\BuildLiteBehavior [ RunTime:0.000100s ]
INFO: [ app_init ] --END-- [ RunTime:0.002272s ]
ERR: 无法加载模块:Public

[ 2015-10-01T14:47:32+08:00 ] 127.0.0.1 /sdibt_jsj/Public/images/form_input_long.gif
INFO: [ app_init ] --START--
INFO: Run Behavior\BuildLiteBehavior [ RunTime:0.000045s ]
INFO: [ app_init ] --END-- [ RunTime:0.000619s ]
ERR: 无法加载模块:Public

[ 2015-10-01T14:47:33+08:00 ] 127.0.0.1 /sdibt_jsj/Public/images/form_input_long.gif
INFO: [ app_init ] --START--
INFO: Run Behavior\BuildLiteBehavior [ RunTime:0.000029s ]
INFO: [ app_init ] --END-- [ RunTime:0.000511s ]
ERR: 无法加载模块:Public

[ 2015-10-01T14:47:35+08:00 ] 127.0.0.1 /sdibt_jsj/Public/images/form_input_long.gif
INFO: [ app_init ] --START--
INFO: Run Behavior\BuildLiteBehavior [ RunTime:0.000028s ]
INFO: [ app_init ] --END-- [ RunTime:0.000527s ]
ERR: 无法加载模块:Public

[ 2015-10-01T14:47:36+08:00 ] 127.0.0.1 /sdibt_jsj/Public/images/form_input_long.gif
INFO: [ app_init ] --START--
INFO: Run Behavior\BuildLiteBehavior [ RunTime:0.000030s ]
INFO: [ app_init ] --END-- [ RunTime:0.000640s ]
ERR: 无法加载模块:Public

[ 2015-10-01T14:47:38+08:00 ] 127.0.0.1 /sdibt_jsj/Public/images/form_input_long.gif
INFO: [ app_init ] --START--
INFO: Run Behavior\BuildLiteBehavior [ RunTime:0.000046s ]
INFO: [ app_init ] --END-- [ RunTime:0.000804s ]
ERR: 无法加载模块:Public

[ 2015-10-01T14:47:39+08:00 ] 127.0.0.1 /sdibt_jsj/Public/images/form_input_long.gif
INFO: [ app_init ] --START--
INFO: Run Behavior\BuildLiteBehavior [ RunTime:0.000043s ]
INFO: [ app_init ] --END-- [ RunTime:0.000621s ]
ERR: 无法加载模块:Public

[ 2015-10-01T14:47:41+08:00 ] 127.0.0.1 /sdibt_jsj/Public/images/form_input_long.gif
INFO: [ app_init ] --START--
INFO: Run Behavior\BuildLiteBehavior [ RunTime:0.000029s ]
INFO: [ app_init ] --END-- [ RunTime:0.000669s ]
ERR: 无法加载模块:Public

[ 2015-10-01T14:47:42+08:00 ] 127.0.0.1 /sdibt_jsj/Public/images/form_input_long.gif
INFO: [ app_init ] --START--
INFO: Run Behavior\BuildLiteBehavior [ RunTime:0.000062s ]
INFO: [ app_init ] --END-- [ RunTime:0.001117s ]
ERR: 无法加载模块:Public

[ 2015-10-01T14:47:43+08:00 ] 127.0.0.1 /sdibt_jsj/Public/images/form_input_long.gif
INFO: [ app_init ] --START--
INFO: Run Behavior\BuildLiteBehavior [ RunTime:0.000084s ]
INFO: [ app_init ] --END-- [ RunTime:0.000781s ]
ERR: 无法加载模块:Public

[ 2015-10-01T14:47:43+08:00 ] 127.0.0.1 /sdibt_jsj/Public/images/form_input_long.gif
INFO: [ app_init ] --START--
INFO: Run Behavior\BuildLiteBehavior [ RunTime:0.000048s ]
INFO: [ app_init ] --END-- [ RunTime:0.001121s ]
ERR: 无法加载模块:Public

[ 2015-10-01T14:47:44+08:00 ] 127.0.0.1 /sdibt_jsj/Public/images/form_input_long.gif
INFO: [ app_init ] --START--
INFO: Run Behavior\BuildLiteBehavior [ RunTime:0.000043s ]
INFO: [ app_init ] --END-- [ RunTime:0.000664s ]
ERR: 无法加载模块:Public

[ 2015-10-01T14:47:46+08:00 ] 127.0.0.1 /sdibt_jsj/Public/images/form_input_long.gif
INFO: [ app_init ] --START--
INFO: Run Behavior\BuildLiteBehavior [ RunTime:0.000049s ]
INFO: [ app_init ] --END-- [ RunTime:0.001371s ]
ERR: 无法加载模块:Public

[ 2015-10-01T14:47:46+08:00 ] 127.0.0.1 /sdibt_jsj/Public/images/form_input_long.gif
INFO: [ app_init ] --START--
INFO: Run Behavior\BuildLiteBehavior [ RunTime:0.000057s ]
INFO: [ app_init ] --END-- [ RunTime:0.000923s ]
ERR: 无法加载模块:Public

[ 2015-10-01T14:47:47+08:00 ] 127.0.0.1 /sdibt_jsj/Public/images/form_input_long.gif
INFO: [ app_init ] --START--
INFO: Run Behavior\BuildLiteBehavior [ RunTime:0.000042s ]
INFO: [ app_init ] --END-- [ RunTime:0.000749s ]
ERR: 无法加载模块:Public

[ 2015-10-01T14:47:48+08:00 ] 127.0.0.1 /sdibt_jsj/Public/images/form_input_long.gif
INFO: [ app_init ] --START--
INFO: Run Behavior\BuildLiteBehavior [ RunTime:0.000065s ]
INFO: [ app_init ] --END-- [ RunTime:0.000904s ]
ERR: 无法加载模块:Public

[ 2015-10-01T14:47:49+08:00 ] 127.0.0.1 /sdibt_jsj/Public/images/form_input_long.gif
INFO: [ app_init ] --START--
INFO: Run Behavior\BuildLiteBehavior [ RunTime:0.000044s ]
INFO: [ app_init ] --END-- [ RunTime:0.000830s ]
ERR: 无法加载模块:Public

[ 2015-10-01T14:47:51+08:00 ] 127.0.0.1 /sdibt_jsj/Public/images/form_input_long.gif
INFO: [ app_init ] --START--
INFO: Run Behavior\BuildLiteBehavior [ RunTime:0.000029s ]
INFO: [ app_init ] --END-- [ RunTime:0.000744s ]
ERR: 无法加载模块:Public

[ 2015-10-01T14:47:52+08:00 ] 127.0.0.1 /sdibt_jsj/Public/images/form_input_long.gif
INFO: [ app_init ] --START--
INFO: Run Behavior\BuildLiteBehavior [ RunTime:0.000028s ]
INFO: [ app_init ] --END-- [ RunTime:0.000530s ]
ERR: 无法加载模块:Public

[ 2015-10-01T14:47:53+08:00 ] 127.0.0.1 /sdibt_jsj/Public/images/form_input_long.gif
INFO: [ app_init ] --START--
INFO: Run Behavior\BuildLiteBehavior [ RunTime:0.000055s ]
INFO: [ app_init ] --END-- [ RunTime:0.001058s ]
ERR: 无法加载模块:Public

[ 2015-10-01T14:47:55+08:00 ] 127.0.0.1 /sdibt_jsj/Public/images/form_input_long.gif
INFO: [ app_init ] --START--
INFO: Run Behavior\BuildLiteBehavior [ RunTime:0.000052s ]
INFO: [ app_init ] --END-- [ RunTime:0.000903s ]
ERR: 无法加载模块:Public

[ 2015-10-01T14:47:57+08:00 ] 127.0.0.1 /sdibt_jsj/Public/images/form_input_long.gif
INFO: [ app_init ] --START--
INFO: Run Behavior\BuildLiteBehavior [ RunTime:0.000068s ]
INFO: [ app_init ] --END-- [ RunTime:0.001318s ]
ERR: 无法加载模块:Public

[ 2015-10-01T14:47:58+08:00 ] 127.0.0.1 /sdibt_jsj/Public/images/form_input_long.gif
INFO: [ app_init ] --START--
INFO: Run Behavior\BuildLiteBehavior [ RunTime:0.000074s ]
INFO: [ app_init ] --END-- [ RunTime:0.001004s ]
ERR: 无法加载模块:Public

[ 2015-10-01T14:48:00+08:00 ] 127.0.0.1 /sdibt_jsj/Public/images/form_input_long.gif
INFO: [ app_init ] --START--
INFO: Run Behavior\BuildLiteBehavior [ RunTime:0.000039s ]
INFO: [ app_init ] --END-- [ RunTime:0.000675s ]
ERR: 无法加载模块:Public

[ 2015-10-01T14:48:03+08:00 ] 127.0.0.1 /sdibt_jsj/Public/images/form_input_long.gif
INFO: [ app_init ] --START--
INFO: Run Behavior\BuildLiteBehavior [ RunTime:0.000031s ]
INFO: [ app_init ] --END-- [ RunTime:0.000751s ]
ERR: 无法加载模块:Public

[ 2015-10-01T14:48:06+08:00 ] 127.0.0.1 /sdibt_jsj/Public/images/form_input_long.gif
INFO: [ app_init ] --START--
INFO: Run Behavior\BuildLiteBehavior [ RunTime:0.000029s ]
INFO: [ app_init ] --END-- [ RunTime:0.000543s ]
ERR: 无法加载模块:Public

[ 2015-10-01T14:48:07+08:00 ] 127.0.0.1 /sdibt_jsj/Public/images/form_input_long.gif
INFO: [ app_init ] --START--
INFO: Run Behavior\BuildLiteBehavior [ RunTime:0.000031s ]
INFO: [ app_init ] --END-- [ RunTime:0.000536s ]
ERR: 无法加载模块:Public

[ 2015-10-01T14:48:12+08:00 ] 127.0.0.1 /sdibt_jsj/Public/images/form_input_long.gif
INFO: [ app_init ] --START--
INFO: Run Behavior\BuildLiteBehavior [ RunTime:0.000029s ]
INFO: [ app_init ] --END-- [ RunTime:0.000518s ]
ERR: 无法加载模块:Public

[ 2015-10-01T14:48:16+08:00 ] 127.0.0.1 /sdibt_jsj/Public/images/form_input_long.gif
INFO: [ app_init ] --START--
INFO: Run Behavior\BuildLiteBehavior [ RunTime:0.000032s ]
INFO: [ app_init ] --END-- [ RunTime:0.000598s ]
ERR: 无法加载模块:Public

[ 2015-10-01T14:48:18+08:00 ] 127.0.0.1 /sdibt_jsj/Public/images/form_input_long.gif
INFO: [ app_init ] --START--
INFO: Run Behavior\BuildLiteBehavior [ RunTime:0.000043s ]
INFO: [ app_init ] --END-- [ RunTime:0.000897s ]
ERR: 无法加载模块:Public

[ 2015-10-01T14:48:19+08:00 ] 127.0.0.1 /sdibt_jsj/Public/images/form_input_long.gif
INFO: [ app_init ] --START--
INFO: Run Behavior\BuildLiteBehavior [ RunTime:0.000112s ]
INFO: [ app_init ] --END-- [ RunTime:0.001463s ]
ERR: 无法加载模块:Public

[ 2015-10-01T14:48:21+08:00 ] 127.0.0.1 /sdibt_jsj/Public/images/form_input_long.gif
INFO: [ app_init ] --START--
INFO: Run Behavior\BuildLiteBehavior [ RunTime:0.000055s ]
INFO: [ app_init ] --END-- [ RunTime:0.000667s ]
ERR: 无法加载模块:Public

[ 2015-10-01T14:48:22+08:00 ] 127.0.0.1 /sdibt_jsj/Public/images/form_input_long.gif
INFO: [ app_init ] --START--
INFO: Run Behavior\BuildLiteBehavior [ RunTime:0.000030s ]
INFO: [ app_init ] --END-- [ RunTime:0.000630s ]
ERR: 无法加载模块:Public

[ 2015-10-01T14:48:50+08:00 ] 127.0.0.1 /sdibt_jsj/Public/images/form_input_long.gif
INFO: [ app_init ] --START--
INFO: Run Behavior\BuildLiteBehavior [ RunTime:0.000031s ]
INFO: [ app_init ] --END-- [ RunTime:0.000736s ]
ERR: 无法加载模块:Public

[ 2015-10-01T14:48:52+08:00 ] 127.0.0.1 /sdibt_jsj/Public/images/form_input_long.gif
INFO: [ app_init ] --START--
INFO: Run Behavior\BuildLiteBehavior [ RunTime:0.000041s ]
INFO: [ app_init ] --END-- [ RunTime:0.001090s ]
ERR: 无法加载模块:Public

[ 2015-10-01T14:48:53+08:00 ] 127.0.0.1 /sdibt_jsj/Public/images/form_input_long.gif
INFO: [ app_init ] --START--
INFO: Run Behavior\BuildLiteBehavior [ RunTime:0.000045s ]
INFO: [ app_init ] --END-- [ RunTime:0.000748s ]
ERR: 无法加载模块:Public

[ 2015-10-01T14:48:54+08:00 ] 127.0.0.1 /sdibt_jsj/Public/images/form_input_long.gif
INFO: [ app_init ] --START--
INFO: Run Behavior\BuildLiteBehavior [ RunTime:0.000048s ]
INFO: [ app_init ] --END-- [ RunTime:0.001278s ]
ERR: 无法加载模块:Public

[ 2015-10-01T14:48:57+08:00 ] 127.0.0.1 /sdibt_jsj/Public/images/form_input_long.gif
INFO: [ app_init ] --START--
INFO: Run Behavior\BuildLiteBehavior [ RunTime:0.000045s ]
INFO: [ app_init ] --END-- [ RunTime:0.001065s ]
ERR: 无法加载模块:Public

[ 2015-10-01T14:48:57+08:00 ] 127.0.0.1 /sdibt_jsj/Public/images/form_input_long.gif
INFO: [ app_init ] --START--
INFO: Run Behavior\BuildLiteBehavior [ RunTime:0.000046s ]
INFO: [ app_init ] --END-- [ RunTime:0.001010s ]
ERR: 无法加载模块:Public

[ 2015-10-01T14:48:59+08:00 ] 127.0.0.1 /sdibt_jsj/Public/images/form_input_long.gif
INFO: [ app_init ] --START--
INFO: Run Behavior\BuildLiteBehavior [ RunTime:0.000046s ]
INFO: [ app_init ] --END-- [ RunTime:0.001042s ]
ERR: 无法加载模块:Public

[ 2015-10-01T14:49:00+08:00 ] 127.0.0.1 /sdibt_jsj/Public/images/form_input_long.gif
INFO: [ app_init ] --START--
INFO: Run Behavior\BuildLiteBehavior [ RunTime:0.000029s ]
INFO: [ app_init ] --END-- [ RunTime:0.000647s ]
ERR: 无法加载模块:Public

[ 2015-10-01T14:49:01+08:00 ] 127.0.0.1 /sdibt_jsj/Public/images/form_input_long.gif
INFO: [ app_init ] --START--
INFO: Run Behavior\BuildLiteBehavior [ RunTime:0.000044s ]
INFO: [ app_init ] --END-- [ RunTime:0.000937s ]
ERR: 无法加载模块:Public

[ 2015-10-01T14:49:03+08:00 ] 127.0.0.1 /sdibt_jsj/Public/images/form_input_long.gif
INFO: [ app_init ] --START--
INFO: Run Behavior\BuildLiteBehavior [ RunTime:0.000029s ]
INFO: [ app_init ] --END-- [ RunTime:0.000691s ]
ERR: 无法加载模块:Public

[ 2015-10-01T14:49:04+08:00 ] 127.0.0.1 /sdibt_jsj/Public/images/form_input_long.gif
INFO: [ app_init ] --START--
INFO: Run Behavior\BuildLiteBehavior [ RunTime:0.000043s ]
INFO: [ app_init ] --END-- [ RunTime:0.000796s ]
ERR: 无法加载模块:Public

