[ 2015-10-01T14:12:20+08:00 ] 127.0.0.1 /sdibt_jsj/admin.php
INFO: [ app_init ] --START--
INFO: Run Behavior\BuildLiteBehavior [ RunTime:0.000029s ]
INFO: [ app_init ] --END-- [ RunTime:0.000996s ]
INFO: [ app_begin ] --START--
INFO: Run Behavior\ReadHtmlCacheBehavior [ RunTime:0.001285s ]
INFO: [ app_begin ] --END-- [ RunTime:0.001465s ]
INFO: [ view_parse ] --START--
INFO: [ template_filter ] --START--
INFO: Run Behavior\ContentReplaceBehavior [ RunTime:0.000080s ]
INFO: [ template_filter ] --END-- [ RunTime:0.000228s ]
INFO: Run Behavior\ParseTemplateBehavior [ RunTime:0.020765s ]
INFO: [ view_parse ] --END-- [ RunTime:0.020928s ]
INFO: [ view_filter ] --START--
INFO: Run Behavior\WriteHtmlCacheBehavior [ RunTime:0.000369s ]
INFO: [ view_filter ] --END-- [ RunTime:0.000502s ]
INFO: [ app_end ] --START--
INFO: Run Behavior\ShowPageTraceBehavior [ RunTime:0.000587s ]
INFO: [ app_end ] --END-- [ RunTime:0.000698s ]

[ 2015-10-01T14:12:20+08:00 ] 127.0.0.1 /sdibt_jsj/admin.php/Home/Login/verify.html
INFO: [ app_init ] --START--
INFO: Run Behavior\BuildLiteBehavior [ RunTime:0.000028s ]
INFO: [ app_init ] --END-- [ RunTime:0.000470s ]
INFO: [ app_begin ] --START--
INFO: Run Behavior\ReadHtmlCacheBehavior [ RunTime:0.000558s ]
INFO: [ app_begin ] --END-- [ RunTime:0.000679s ]
INFO: [ app_end ] --START--
INFO: Run Behavior\ShowPageTraceBehavior [ RunTime:0.000795s ]
INFO: [ app_end ] --END-- [ RunTime:0.001213s ]

[ 2015-10-01T14:13:15+08:00 ] 127.0.0.1 /sdibt_jsj/admin.php
INFO: [ app_init ] --START--
INFO: Run Behavior\BuildLiteBehavior [ RunTime:0.000055s ]
INFO: [ app_init ] --END-- [ RunTime:0.000991s ]
INFO: [ app_begin ] --START--
INFO: Run Behavior\ReadHtmlCacheBehavior [ RunTime:0.002018s ]
INFO: [ app_begin ] --END-- [ RunTime:0.002208s ]
INFO: [ view_parse ] --START--
INFO: [ template_filter ] --START--
INFO: Run Behavior\ContentReplaceBehavior [ RunTime:0.000078s ]
INFO: [ template_filter ] --END-- [ RunTime:0.000213s ]
INFO: Run Behavior\ParseTemplateBehavior [ RunTime:0.016002s ]
INFO: [ view_parse ] --END-- [ RunTime:0.016304s ]
INFO: [ view_filter ] --START--
INFO: Run Behavior\WriteHtmlCacheBehavior [ RunTime:0.000837s ]
INFO: [ view_filter ] --END-- [ RunTime:0.000972s ]
INFO: [ app_end ] --START--
INFO: Run Behavior\ShowPageTraceBehavior [ RunTime:0.003357s ]
INFO: [ app_end ] --END-- [ RunTime:0.003743s ]

[ 2015-10-01T14:13:15+08:00 ] 127.0.0.1 /sdibt_jsj/admin.php/Home/Login/verify.html
INFO: [ app_init ] --START--
INFO: Run Behavior\BuildLiteBehavior [ RunTime:0.000027s ]
INFO: [ app_init ] --END-- [ RunTime:0.000589s ]
INFO: [ app_begin ] --START--
INFO: Run Behavior\ReadHtmlCacheBehavior [ RunTime:0.000785s ]
INFO: [ app_begin ] --END-- [ RunTime:0.000933s ]
INFO: [ app_end ] --START--
INFO: Run Behavior\ShowPageTraceBehavior [ RunTime:0.000900s ]
INFO: [ app_end ] --END-- [ RunTime:0.001039s ]

[ 2015-10-01T14:14:12+08:00 ] 127.0.0.1 /sdibt_jsj/admin.php
INFO: [ app_init ] --START--
INFO: Run Behavior\BuildLiteBehavior [ RunTime:0.000046s ]
INFO: [ app_init ] --END-- [ RunTime:0.000744s ]
INFO: [ app_begin ] --START--
INFO: Run Behavior\ReadHtmlCacheBehavior [ RunTime:0.001333s ]
INFO: [ app_begin ] --END-- [ RunTime:0.001543s ]
INFO: [ view_parse ] --START--
INFO: [ template_filter ] --START--
INFO: Run Behavior\ContentReplaceBehavior [ RunTime:0.000091s ]
INFO: [ template_filter ] --END-- [ RunTime:0.000243s ]
INFO: Run Behavior\ParseTemplateBehavior [ RunTime:0.010829s ]
INFO: [ view_parse ] --END-- [ RunTime:0.010967s ]
INFO: [ view_filter ] --START--
INFO: Run Behavior\WriteHtmlCacheBehavior [ RunTime:0.000508s ]
INFO: [ view_filter ] --END-- [ RunTime:0.000656s ]
INFO: [ app_end ] --START--
INFO: Run Behavior\ShowPageTraceBehavior [ RunTime:0.000710s ]
INFO: [ app_end ] --END-- [ RunTime:0.000826s ]

[ 2015-10-01T14:14:16+08:00 ] 127.0.0.1 /sdibt_jsj/admin.php
INFO: [ app_init ] --START--
INFO: Run Behavior\BuildLiteBehavior [ RunTime:0.000356s ]
INFO: [ app_init ] --END-- [ RunTime:0.001267s ]
INFO: [ app_begin ] --START--
INFO: Run Behavior\ReadHtmlCacheBehavior [ RunTime:0.000622s ]
INFO: [ app_begin ] --END-- [ RunTime:0.000754s ]
INFO: [ view_parse ] --START--
INFO: [ template_filter ] --START--
INFO: Run Behavior\ContentReplaceBehavior [ RunTime:0.000133s ]
INFO: [ template_filter ] --END-- [ RunTime:0.000271s ]
INFO: Run Behavior\ParseTemplateBehavior [ RunTime:0.009340s ]
INFO: [ view_parse ] --END-- [ RunTime:0.009481s ]
INFO: [ view_filter ] --START--
INFO: Run Behavior\WriteHtmlCacheBehavior [ RunTime:0.000399s ]
INFO: [ view_filter ] --END-- [ RunTime:0.000504s ]
INFO: [ app_end ] --START--
INFO: Run Behavior\ShowPageTraceBehavior [ RunTime:0.000686s ]
INFO: [ app_end ] --END-- [ RunTime:0.000796s ]

[ 2015-10-01T14:14:27+08:00 ] 127.0.0.1 /sdibt_jsj/admin.php
INFO: [ app_init ] --START--
INFO: Run Behavior\BuildLiteBehavior [ RunTime:0.000029s ]
INFO: [ app_init ] --END-- [ RunTime:0.000780s ]
INFO: [ app_begin ] --START--
INFO: Run Behavior\ReadHtmlCacheBehavior [ RunTime:0.001148s ]
INFO: [ app_begin ] --END-- [ RunTime:0.001378s ]
INFO: [ view_parse ] --START--
INFO: [ template_filter ] --START--
INFO: Run Behavior\ContentReplaceBehavior [ RunTime:0.000080s ]
INFO: [ template_filter ] --END-- [ RunTime:0.000255s ]
INFO: Run Behavior\ParseTemplateBehavior [ RunTime:0.010235s ]
INFO: [ view_parse ] --END-- [ RunTime:0.010419s ]
INFO: [ view_filter ] --START--
INFO: Run Behavior\WriteHtmlCacheBehavior [ RunTime:0.000624s ]
INFO: [ view_filter ] --END-- [ RunTime:0.000742s ]
INFO: [ app_end ] --START--
INFO: Run Behavior\ShowPageTraceBehavior [ RunTime:0.001003s ]
INFO: [ app_end ] --END-- [ RunTime:0.001181s ]

[ 2015-10-01T14:14:27+08:00 ] 127.0.0.1 /sdibt_jsj/admin.php/Home/Login/verify.html
INFO: [ app_init ] --START--
INFO: Run Behavior\BuildLiteBehavior [ RunTime:0.000055s ]
INFO: [ app_init ] --END-- [ RunTime:0.001606s ]
INFO: [ app_begin ] --START--
INFO: Run Behavior\ReadHtmlCacheBehavior [ RunTime:0.002092s ]
INFO: [ app_begin ] --END-- [ RunTime:0.002416s ]
INFO: [ app_end ] --START--
INFO: Run Behavior\ShowPageTraceBehavior [ RunTime:0.001301s ]
INFO: [ app_end ] --END-- [ RunTime:0.001513s ]

[ 2015-10-01T14:14:29+08:00 ] 127.0.0.1 /sdibt_jsj/admin.php
INFO: [ app_init ] --START--
INFO: Run Behavior\BuildLiteBehavior [ RunTime:0.000027s ]
INFO: [ app_init ] --END-- [ RunTime:0.000600s ]
INFO: [ app_begin ] --START--
INFO: Run Behavior\ReadHtmlCacheBehavior [ RunTime:0.000922s ]
INFO: [ app_begin ] --END-- [ RunTime:0.001049s ]
INFO: [ view_parse ] --START--
INFO: [ template_filter ] --START--
INFO: Run Behavior\ContentReplaceBehavior [ RunTime:0.000079s ]
INFO: [ template_filter ] --END-- [ RunTime:0.000213s ]
INFO: Run Behavior\ParseTemplateBehavior [ RunTime:0.008834s ]
INFO: [ view_parse ] --END-- [ RunTime:0.009025s ]
INFO: [ view_filter ] --START--
INFO: Run Behavior\WriteHtmlCacheBehavior [ RunTime:0.000958s ]
INFO: [ view_filter ] --END-- [ RunTime:0.001104s ]
INFO: [ app_end ] --START--
INFO: Run Behavior\ShowPageTraceBehavior [ RunTime:0.000967s ]
INFO: [ app_end ] --END-- [ RunTime:0.001129s ]

[ 2015-10-01T14:14:29+08:00 ] 127.0.0.1 /sdibt_jsj/admin.php/Home/Login/verify.html
INFO: [ app_init ] --START--
INFO: Run Behavior\BuildLiteBehavior [ RunTime:0.000027s ]
INFO: [ app_init ] --END-- [ RunTime:0.000478s ]
INFO: [ app_begin ] --START--
INFO: Run Behavior\ReadHtmlCacheBehavior [ RunTime:0.000584s ]
INFO: [ app_begin ] --END-- [ RunTime:0.000733s ]
INFO: [ app_end ] --START--
INFO: Run Behavior\ShowPageTraceBehavior [ RunTime:0.001738s ]
INFO: [ app_end ] --END-- [ RunTime:0.002006s ]

[ 2015-10-01T14:14:31+08:00 ] 127.0.0.1 /sdibt_jsj/admin.php
INFO: [ app_init ] --START--
INFO: Run Behavior\BuildLiteBehavior [ RunTime:0.000025s ]
INFO: [ app_init ] --END-- [ RunTime:0.000544s ]
INFO: [ app_begin ] --START--
INFO: Run Behavior\ReadHtmlCacheBehavior [ RunTime:0.000581s ]
INFO: [ app_begin ] --END-- [ RunTime:0.000719s ]
INFO: [ view_parse ] --START--
INFO: [ template_filter ] --START--
INFO: Run Behavior\ContentReplaceBehavior [ RunTime:0.000074s ]
INFO: [ template_filter ] --END-- [ RunTime:0.000198s ]
INFO: Run Behavior\ParseTemplateBehavior [ RunTime:0.009181s ]
INFO: [ view_parse ] --END-- [ RunTime:0.009324s ]
INFO: [ view_filter ] --START--
INFO: Run Behavior\WriteHtmlCacheBehavior [ RunTime:0.000354s ]
INFO: [ view_filter ] --END-- [ RunTime:0.000459s ]
INFO: [ app_end ] --START--
INFO: Run Behavior\ShowPageTraceBehavior [ RunTime:0.000619s ]
INFO: [ app_end ] --END-- [ RunTime:0.000730s ]

[ 2015-10-01T14:14:31+08:00 ] 127.0.0.1 /sdibt_jsj/admin.php/Home/Login/verify.html
INFO: [ app_init ] --START--
INFO: Run Behavior\BuildLiteBehavior [ RunTime:0.000066s ]
INFO: [ app_init ] --END-- [ RunTime:0.001138s ]
INFO: [ app_begin ] --START--
INFO: Run Behavior\ReadHtmlCacheBehavior [ RunTime:0.001527s ]
INFO: [ app_begin ] --END-- [ RunTime:0.001784s ]
INFO: [ app_end ] --START--
INFO: Run Behavior\ShowPageTraceBehavior [ RunTime:0.001268s ]
INFO: [ app_end ] --END-- [ RunTime:0.001490s ]

[ 2015-10-01T14:15:01+08:00 ] 127.0.0.1 /sdibt_jsj/admin.php
INFO: [ app_init ] --START--
INFO: Run Behavior\BuildLiteBehavior [ RunTime:0.000028s ]
INFO: [ app_init ] --END-- [ RunTime:0.000578s ]
INFO: [ app_begin ] --START--
INFO: Run Behavior\ReadHtmlCacheBehavior [ RunTime:0.000826s ]
INFO: [ app_begin ] --END-- [ RunTime:0.000960s ]
INFO: [ view_parse ] --START--
INFO: [ template_filter ] --START--
INFO: Run Behavior\ContentReplaceBehavior [ RunTime:0.000086s ]
INFO: [ template_filter ] --END-- [ RunTime:0.000231s ]
INFO: Run Behavior\ParseTemplateBehavior [ RunTime:0.010149s ]
INFO: [ view_parse ] --END-- [ RunTime:0.010306s ]
INFO: [ view_filter ] --START--
INFO: Run Behavior\WriteHtmlCacheBehavior [ RunTime:0.000886s ]
INFO: [ view_filter ] --END-- [ RunTime:0.001004s ]
INFO: [ app_end ] --START--
INFO: Run Behavior\ShowPageTraceBehavior [ RunTime:0.000880s ]
INFO: [ app_end ] --END-- [ RunTime:0.001037s ]

[ 2015-10-01T14:15:02+08:00 ] 127.0.0.1 /sdibt_jsj/admin.php
INFO: [ app_init ] --START--
INFO: Run Behavior\BuildLiteBehavior [ RunTime:0.000055s ]
INFO: [ app_init ] --END-- [ RunTime:0.000832s ]
INFO: [ app_begin ] --START--
INFO: Run Behavior\ReadHtmlCacheBehavior [ RunTime:0.000977s ]
INFO: [ app_begin ] --END-- [ RunTime:0.001202s ]
INFO: [ view_parse ] --START--
INFO: [ template_filter ] --START--
INFO: Run Behavior\ContentReplaceBehavior [ RunTime:0.000093s ]
INFO: [ template_filter ] --END-- [ RunTime:0.000258s ]
INFO: Run Behavior\ParseTemplateBehavior [ RunTime:0.008581s ]
INFO: [ view_parse ] --END-- [ RunTime:0.008802s ]
INFO: [ view_filter ] --START--
INFO: Run Behavior\WriteHtmlCacheBehavior [ RunTime:0.000560s ]
INFO: [ view_filter ] --END-- [ RunTime:0.000741s ]
INFO: [ app_end ] --START--
INFO: Run Behavior\ShowPageTraceBehavior [ RunTime:0.001250s ]
INFO: [ app_end ] --END-- [ RunTime:0.001509s ]

[ 2015-10-01T14:15:03+08:00 ] 127.0.0.1 /sdibt_jsj/admin.php
INFO: [ app_init ] --START--
INFO: Run Behavior\BuildLiteBehavior [ RunTime:0.000026s ]
INFO: [ app_init ] --END-- [ RunTime:0.000717s ]
INFO: [ app_begin ] --START--
INFO: Run Behavior\ReadHtmlCacheBehavior [ RunTime:0.000814s ]
INFO: [ app_begin ] --END-- [ RunTime:0.000942s ]
INFO: [ view_parse ] --START--
INFO: [ template_filter ] --START--
INFO: Run Behavior\ContentReplaceBehavior [ RunTime:0.000093s ]
INFO: [ template_filter ] --END-- [ RunTime:0.000268s ]
INFO: Run Behavior\ParseTemplateBehavior [ RunTime:0.009939s ]
INFO: [ view_parse ] --END-- [ RunTime:0.010192s ]
INFO: [ view_filter ] --START--
INFO: Run Behavior\WriteHtmlCacheBehavior [ RunTime:0.000800s ]
INFO: [ view_filter ] --END-- [ RunTime:0.000925s ]
INFO: [ app_end ] --START--
INFO: Run Behavior\ShowPageTraceBehavior [ RunTime:0.000799s ]
INFO: [ app_end ] --END-- [ RunTime:0.000905s ]

[ 2015-10-01T14:15:10+08:00 ] 127.0.0.1 /sdibt_jsj/admin.php
INFO: [ app_init ] --START--
INFO: Run Behavior\BuildLiteBehavior [ RunTime:0.000027s ]
INFO: [ app_init ] --END-- [ RunTime:0.000473s ]
INFO: [ app_begin ] --START--
INFO: Run Behavior\ReadHtmlCacheBehavior [ RunTime:0.000895s ]
INFO: [ app_begin ] --END-- [ RunTime:0.001028s ]
INFO: [ view_parse ] --START--
INFO: [ template_filter ] --START--
INFO: Run Behavior\ContentReplaceBehavior [ RunTime:0.000100s ]
INFO: [ template_filter ] --END-- [ RunTime:0.000372s ]
INFO: Run Behavior\ParseTemplateBehavior [ RunTime:0.009908s ]
INFO: [ view_parse ] --END-- [ RunTime:0.010045s ]
INFO: [ view_filter ] --START--
INFO: Run Behavior\WriteHtmlCacheBehavior [ RunTime:0.000588s ]
INFO: [ view_filter ] --END-- [ RunTime:0.000683s ]
INFO: [ app_end ] --START--
INFO: Run Behavior\ShowPageTraceBehavior [ RunTime:0.000750s ]
INFO: [ app_end ] --END-- [ RunTime:0.000848s ]

[ 2015-10-01T14:15:11+08:00 ] 127.0.0.1 /sdibt_jsj/admin.php/Home/Login/verify.html
INFO: [ app_init ] --START--
INFO: Run Behavior\BuildLiteBehavior [ RunTime:0.000048s ]
INFO: [ app_init ] --END-- [ RunTime:0.001111s ]
INFO: [ app_begin ] --START--
INFO: Run Behavior\ReadHtmlCacheBehavior [ RunTime:0.001437s ]
INFO: [ app_begin ] --END-- [ RunTime:0.001671s ]
INFO: [ app_end ] --START--
INFO: Run Behavior\ShowPageTraceBehavior [ RunTime:0.001380s ]
INFO: [ app_end ] --END-- [ RunTime:0.001632s ]

[ 2015-10-01T14:15:12+08:00 ] 127.0.0.1 /sdibt_jsj/admin.php/Home/Login/verify.html?0.7747426060959697
INFO: [ app_init ] --START--
INFO: Run Behavior\BuildLiteBehavior [ RunTime:0.000027s ]
INFO: [ app_init ] --END-- [ RunTime:0.000550s ]
INFO: [ app_begin ] --START--
INFO: Run Behavior\ReadHtmlCacheBehavior [ RunTime:0.000867s ]
INFO: [ app_begin ] --END-- [ RunTime:0.000985s ]
INFO: [ app_end ] --START--
INFO: Run Behavior\ShowPageTraceBehavior [ RunTime:0.000910s ]
INFO: [ app_end ] --END-- [ RunTime:0.001034s ]

[ 2015-10-01T14:15:13+08:00 ] 127.0.0.1 /sdibt_jsj/admin.php/Home/Login/verify.html?0.7747426060959697&random=0.8804081305861473
INFO: [ app_init ] --START--
INFO: Run Behavior\BuildLiteBehavior [ RunTime:0.000028s ]
INFO: [ app_init ] --END-- [ RunTime:0.000567s ]
INFO: [ app_begin ] --START--
INFO: Run Behavior\ReadHtmlCacheBehavior [ RunTime:0.000858s ]
INFO: [ app_begin ] --END-- [ RunTime:0.000986s ]
INFO: [ app_end ] --START--
INFO: Run Behavior\ShowPageTraceBehavior [ RunTime:0.000953s ]
INFO: [ app_end ] --END-- [ RunTime:0.001079s ]

[ 2015-10-01T14:15:13+08:00 ] 127.0.0.1 /sdibt_jsj/admin.php/Home/Login/verify.html?0.7747426060959697&random=0.8804081305861473&random=0.9761457373388112
INFO: [ app_init ] --START--
INFO: Run Behavior\BuildLiteBehavior [ RunTime:0.000026s ]
INFO: [ app_init ] --END-- [ RunTime:0.000555s ]
INFO: [ app_begin ] --START--
INFO: Run Behavior\ReadHtmlCacheBehavior [ RunTime:0.000832s ]
INFO: [ app_begin ] --END-- [ RunTime:0.000958s ]
INFO: [ app_end ] --START--
INFO: Run Behavior\ShowPageTraceBehavior [ RunTime:0.000904s ]
INFO: [ app_end ] --END-- [ RunTime:0.001058s ]

[ 2015-10-01T14:15:18+08:00 ] 127.0.0.1 /sdibt_jsj/admin.php/Home/Login/do_login.html
INFO: [ app_init ] --START--
INFO: Run Behavior\BuildLiteBehavior [ RunTime:0.000029s ]
INFO: [ app_init ] --END-- [ RunTime:0.000529s ]
INFO: [ app_begin ] --START--
INFO: Run Behavior\ReadHtmlCacheBehavior [ RunTime:0.000786s ]
INFO: [ app_begin ] --END-- [ RunTime:0.000900s ]
SQL: SHOW COLUMNS FROM `user` [ RunTime:0.1992s ]
SQL: SELECT COUNT(*) AS tp_count FROM `user` WHERE `username` = 'xiaozhao' AND `password` = 'e10adc3949ba59abbe56e057f20f883e' LIMIT 1   [ RunTime:0.0009s ]
NOTIC: [8] Undefined index: checkbox C:\wamp\www\sdibt_jsj\Admin\Home\Controller\LoginController.class.php 第 45 行.

[ 2015-10-01T14:15:18+08:00 ] 127.0.0.1 /sdibt_jsj/admin.php/Home/Admin/index.html
INFO: [ app_init ] --START--
INFO: Run Behavior\BuildLiteBehavior [ RunTime:0.000047s ]
INFO: [ app_init ] --END-- [ RunTime:0.000933s ]
INFO: [ app_begin ] --START--
INFO: Run Behavior\ReadHtmlCacheBehavior [ RunTime:0.000949s ]
INFO: [ app_begin ] --END-- [ RunTime:0.001100s ]
SQL: SHOW COLUMNS FROM `news_main` [ RunTime:0.0042s ]
SQL: SELECT * FROM `news_main` WHERE `type_id` = 0  [ RunTime:0.0005s ]
SQL: SHOW COLUMNS FROM `home_page` [ RunTime:0.0038s ]
SQL: SELECT * FROM `home_page` WHERE `type_id` = 0  [ RunTime:0.0006s ]
INFO: [ view_parse ] --START--
INFO: [ template_filter ] --START--
INFO: Run Behavior\ContentReplaceBehavior [ RunTime:0.000095s ]
INFO: [ template_filter ] --END-- [ RunTime:0.000218s ]
INFO: Run Behavior\ParseTemplateBehavior [ RunTime:0.068991s ]
INFO: [ view_parse ] --END-- [ RunTime:0.069152s ]
INFO: [ view_filter ] --START--
INFO: Run Behavior\WriteHtmlCacheBehavior [ RunTime:0.000629s ]
INFO: [ view_filter ] --END-- [ RunTime:0.000729s ]
INFO: [ app_end ] --START--
INFO: Run Behavior\ShowPageTraceBehavior [ RunTime:0.000786s ]
INFO: [ app_end ] --END-- [ RunTime:0.000895s ]

[ 2015-10-01T14:15:20+08:00 ] 127.0.0.1 /sdibt_jsj/admin.php/Home/Admin/change.html
INFO: [ app_init ] --START--
INFO: Run Behavior\BuildLiteBehavior [ RunTime:0.000025s ]
INFO: [ app_init ] --END-- [ RunTime:0.000539s ]
INFO: [ app_begin ] --START--
INFO: Run Behavior\ReadHtmlCacheBehavior [ RunTime:0.000799s ]
INFO: [ app_begin ] --END-- [ RunTime:0.000899s ]

[ 2015-10-01T14:15:20+08:00 ] 127.0.0.1 /sdibt_jsj/admin.php/Home/Admin/index.html
INFO: [ app_init ] --START--
INFO: Run Behavior\BuildLiteBehavior [ RunTime:0.000104s ]
INFO: [ app_init ] --END-- [ RunTime:0.002413s ]
INFO: [ app_begin ] --START--
INFO: Run Behavior\ReadHtmlCacheBehavior [ RunTime:0.001069s ]
INFO: [ app_begin ] --END-- [ RunTime:0.001202s ]
SQL: SHOW COLUMNS FROM `news_main` [ RunTime:0.0032s ]
SQL: SELECT * FROM `news_main` WHERE `type_id` = 0  [ RunTime:0.0004s ]
SQL: SHOW COLUMNS FROM `home_page` [ RunTime:0.0030s ]
SQL: SELECT * FROM `home_page` WHERE `type_id` = 0  [ RunTime:0.0004s ]
INFO: [ view_parse ] --START--
INFO: [ template_filter ] --START--
INFO: Run Behavior\ContentReplaceBehavior [ RunTime:0.000096s ]
INFO: [ template_filter ] --END-- [ RunTime:0.000273s ]
INFO: Run Behavior\ParseTemplateBehavior [ RunTime:0.020556s ]
INFO: [ view_parse ] --END-- [ RunTime:0.020942s ]
INFO: [ view_filter ] --START--
INFO: Run Behavior\WriteHtmlCacheBehavior [ RunTime:0.001066s ]
INFO: [ view_filter ] --END-- [ RunTime:0.001227s ]
INFO: [ app_end ] --START--
INFO: Run Behavior\ShowPageTraceBehavior [ RunTime:0.001104s ]
INFO: [ app_end ] --END-- [ RunTime:0.001262s ]

[ 2015-10-01T14:15:21+08:00 ] 127.0.0.1 /sdibt_jsj/admin.php/Home/Navigation/ruKou/id/1
INFO: [ app_init ] --START--
INFO: Run Behavior\BuildLiteBehavior [ RunTime:0.000032s ]
INFO: [ app_init ] --END-- [ RunTime:0.000650s ]
INFO: [ app_begin ] --START--
INFO: Run Behavior\ReadHtmlCacheBehavior [ RunTime:0.001628s ]
INFO: [ app_begin ] --END-- [ RunTime:0.001867s ]
NOTIC: [2048] Declaration of Home\Controller\NavigationController::show() should be compatible with that of Think\Controller::show() C:\wamp\www\sdibt_jsj\Admin\Home\Controller\NavigationController.class.php 第 9 行.

[ 2015-10-01T14:15:21+08:00 ] 127.0.0.1 /sdibt_jsj/admin.php/Home/Navigation/show.html
INFO: [ app_init ] --START--
INFO: Run Behavior\BuildLiteBehavior [ RunTime:0.000026s ]
INFO: [ app_init ] --END-- [ RunTime:0.000491s ]
INFO: [ app_begin ] --START--
INFO: Run Behavior\ReadHtmlCacheBehavior [ RunTime:0.000611s ]
INFO: [ app_begin ] --END-- [ RunTime:0.000731s ]
NOTIC: [2048] Declaration of Home\Controller\NavigationController::show() should be compatible with that of Think\Controller::show() C:\wamp\www\sdibt_jsj\Admin\Home\Controller\NavigationController.class.php 第 9 行.
SQL: SHOW COLUMNS FROM `news_main` [ RunTime:0.0032s ]
SQL: SELECT COUNT(*) AS tp_count FROM `news_main` WHERE `type_id` = 1 LIMIT 1   [ RunTime:0.0003s ]
SQL: SELECT * FROM `news_main` WHERE `type_id` = 1 ORDER BY addtime desc LIMIT 0,10   [ RunTime:0.0008s ]
SQL: SELECT * FROM `news_main` WHERE `type_id` = 0 ORDER BY news_id asc  [ RunTime:0.0004s ]
SQL: SHOW COLUMNS FROM `home_page` [ RunTime:0.0044s ]
SQL: SELECT * FROM `home_page` WHERE `type_id` = 0 ORDER BY news_id asc  [ RunTime:0.0006s ]
INFO: [ view_parse ] --START--
INFO: [ template_filter ] --START--
INFO: Run Behavior\ContentReplaceBehavior [ RunTime:0.000119s ]
INFO: [ template_filter ] --END-- [ RunTime:0.000253s ]
INFO: Run Behavior\ParseTemplateBehavior [ RunTime:0.030877s ]
INFO: [ view_parse ] --END-- [ RunTime:0.031037s ]
INFO: [ view_filter ] --START--
INFO: Run Behavior\WriteHtmlCacheBehavior [ RunTime:0.000452s ]
INFO: [ view_filter ] --END-- [ RunTime:0.000559s ]
INFO: [ app_end ] --START--
INFO: Run Behavior\ShowPageTraceBehavior [ RunTime:0.000663s ]
INFO: [ app_end ] --END-- [ RunTime:0.000803s ]

[ 2015-10-01T14:15:29+08:00 ] 127.0.0.1 /sdibt_jsj/admin.php/Home/Navigation/show.html
INFO: [ app_init ] --START--
INFO: Run Behavior\BuildLiteBehavior [ RunTime:0.000029s ]
INFO: [ app_init ] --END-- [ RunTime:0.000601s ]
INFO: [ app_begin ] --START--
INFO: Run Behavior\ReadHtmlCacheBehavior [ RunTime:0.000607s ]
INFO: [ app_begin ] --END-- [ RunTime:0.000725s ]
NOTIC: [2048] Declaration of Home\Controller\NavigationController::show() should be compatible with that of Think\Controller::show() C:\wamp\www\sdibt_jsj\Admin\Home\Controller\NavigationController.class.php 第 9 行.
SQL: SHOW COLUMNS FROM `news_main` [ RunTime:0.0038s ]
SQL: SELECT COUNT(*) AS tp_count FROM `news_main` WHERE `type_id` = 1 LIMIT 1   [ RunTime:0.0010s ]
SQL: SELECT * FROM `news_main` WHERE `type_id` = 1 ORDER BY addtime desc LIMIT 0,10   [ RunTime:0.0007s ]
SQL: SELECT * FROM `news_main` WHERE `type_id` = 0 ORDER BY news_id asc  [ RunTime:0.0003s ]
SQL: SHOW COLUMNS FROM `home_page` [ RunTime:0.0050s ]
SQL: SELECT * FROM `home_page` WHERE `type_id` = 0 ORDER BY news_id asc  [ RunTime:0.0004s ]
INFO: [ view_parse ] --START--
INFO: [ template_filter ] --START--
INFO: Run Behavior\ContentReplaceBehavior [ RunTime:0.000201s ]
INFO: [ template_filter ] --END-- [ RunTime:0.000478s ]
INFO: Run Behavior\ParseTemplateBehavior [ RunTime:0.017820s ]
INFO: [ view_parse ] --END-- [ RunTime:0.017972s ]
INFO: [ view_filter ] --START--
INFO: Run Behavior\WriteHtmlCacheBehavior [ RunTime:0.000450s ]
INFO: [ view_filter ] --END-- [ RunTime:0.000558s ]
INFO: [ app_end ] --START--
INFO: Run Behavior\ShowPageTraceBehavior [ RunTime:0.000600s ]
INFO: [ app_end ] --END-- [ RunTime:0.000738s ]

[ 2015-10-01T14:15:54+08:00 ] 127.0.0.1 /sdibt_jsj/admin.php/Home/Navigation/show.html
INFO: [ app_init ] --START--
INFO: Run Behavior\BuildLiteBehavior [ RunTime:0.000044s ]
INFO: [ app_init ] --END-- [ RunTime:0.000812s ]
INFO: [ app_begin ] --START--
INFO: Run Behavior\ReadHtmlCacheBehavior [ RunTime:0.000980s ]
INFO: [ app_begin ] --END-- [ RunTime:0.001153s ]
NOTIC: [2048] Declaration of Home\Controller\NavigationController::show() should be compatible with that of Think\Controller::show() C:\wamp\www\sdibt_jsj\Admin\Home\Controller\NavigationController.class.php 第 9 行.
SQL: SHOW COLUMNS FROM `news_main` [ RunTime:0.0033s ]
SQL: SELECT COUNT(*) AS tp_count FROM `news_main` WHERE `type_id` = 1 LIMIT 1   [ RunTime:0.0003s ]
SQL: SELECT * FROM `news_main` WHERE `type_id` = 1 ORDER BY addtime desc LIMIT 0,10   [ RunTime:0.0006s ]
SQL: SELECT * FROM `news_main` WHERE `type_id` = 0 ORDER BY news_id asc  [ RunTime:0.0005s ]
SQL: SHOW COLUMNS FROM `home_page` [ RunTime:0.0048s ]
SQL: SELECT * FROM `home_page` WHERE `type_id` = 0 ORDER BY news_id asc  [ RunTime:0.0004s ]
INFO: [ view_parse ] --START--
INFO: [ template_filter ] --START--
INFO: Run Behavior\ContentReplaceBehavior [ RunTime:0.000118s ]
INFO: [ template_filter ] --END-- [ RunTime:0.000336s ]
INFO: Run Behavior\ParseTemplateBehavior [ RunTime:0.018145s ]
INFO: [ view_parse ] --END-- [ RunTime:0.018272s ]
INFO: [ view_filter ] --START--
INFO: Run Behavior\WriteHtmlCacheBehavior [ RunTime:0.000343s ]
INFO: [ view_filter ] --END-- [ RunTime:0.000449s ]
INFO: [ app_end ] --START--
INFO: Run Behavior\ShowPageTraceBehavior [ RunTime:0.000611s ]
INFO: [ app_end ] --END-- [ RunTime:0.000713s ]

[ 2015-10-01T14:15:55+08:00 ] 127.0.0.1 /sdibt_jsj/admin.php/Home/Navigation/ruKou/id/4
INFO: [ app_init ] --START--
INFO: Run Behavior\BuildLiteBehavior [ RunTime:0.000067s ]
INFO: [ app_init ] --END-- [ RunTime:0.001200s ]
INFO: [ app_begin ] --START--
INFO: Run Behavior\ReadHtmlCacheBehavior [ RunTime:0.001568s ]
INFO: [ app_begin ] --END-- [ RunTime:0.001778s ]
NOTIC: [2048] Declaration of Home\Controller\NavigationController::show() should be compatible with that of Think\Controller::show() C:\wamp\www\sdibt_jsj\Admin\Home\Controller\NavigationController.class.php 第 9 行.

[ 2015-10-01T14:15:55+08:00 ] 127.0.0.1 /sdibt_jsj/admin.php/Home/Navigation/show.html
INFO: [ app_init ] --START--
INFO: Run Behavior\BuildLiteBehavior [ RunTime:0.000028s ]
INFO: [ app_init ] --END-- [ RunTime:0.000690s ]
INFO: [ app_begin ] --START--
INFO: Run Behavior\ReadHtmlCacheBehavior [ RunTime:0.001214s ]
INFO: [ app_begin ] --END-- [ RunTime:0.001424s ]
NOTIC: [2048] Declaration of Home\Controller\NavigationController::show() should be compatible with that of Think\Controller::show() C:\wamp\www\sdibt_jsj\Admin\Home\Controller\NavigationController.class.php 第 9 行.
SQL: SHOW COLUMNS FROM `news_main` [ RunTime:0.0036s ]
SQL: SELECT COUNT(*) AS tp_count FROM `news_main` WHERE `type_id` = 4 LIMIT 1   [ RunTime:0.0005s ]
SQL: SELECT * FROM `news_main` WHERE `type_id` = 4 ORDER BY addtime desc LIMIT 0,10   [ RunTime:0.0006s ]
SQL: SELECT * FROM `news_main` WHERE `type_id` = 0 ORDER BY news_id asc  [ RunTime:0.0003s ]
SQL: SHOW COLUMNS FROM `home_page` [ RunTime:0.0032s ]
SQL: SELECT * FROM `home_page` WHERE `type_id` = 0 ORDER BY news_id asc  [ RunTime:0.0004s ]
INFO: [ view_parse ] --START--
INFO: [ template_filter ] --START--
INFO: Run Behavior\ContentReplaceBehavior [ RunTime:0.000141s ]
INFO: [ template_filter ] --END-- [ RunTime:0.000261s ]
INFO: Run Behavior\ParseTemplateBehavior [ RunTime:0.021006s ]
INFO: [ view_parse ] --END-- [ RunTime:0.021176s ]
INFO: [ view_filter ] --START--
INFO: Run Behavior\WriteHtmlCacheBehavior [ RunTime:0.001023s ]
INFO: [ view_filter ] --END-- [ RunTime:0.001193s ]
INFO: [ app_end ] --START--
INFO: Run Behavior\ShowPageTraceBehavior [ RunTime:0.001461s ]
INFO: [ app_end ] --END-- [ RunTime:0.001588s ]

[ 2015-10-01T14:15:56+08:00 ] 127.0.0.1 /sdibt_jsj/admin.php/Home/Navigation/ruKou/id/1
INFO: [ app_init ] --START--
INFO: Run Behavior\BuildLiteBehavior [ RunTime:0.000029s ]
INFO: [ app_init ] --END-- [ RunTime:0.000655s ]
INFO: [ app_begin ] --START--
INFO: Run Behavior\ReadHtmlCacheBehavior [ RunTime:0.000847s ]
INFO: [ app_begin ] --END-- [ RunTime:0.000965s ]
NOTIC: [2048] Declaration of Home\Controller\NavigationController::show() should be compatible with that of Think\Controller::show() C:\wamp\www\sdibt_jsj\Admin\Home\Controller\NavigationController.class.php 第 9 行.

[ 2015-10-01T14:15:57+08:00 ] 127.0.0.1 /sdibt_jsj/admin.php/Home/Navigation/show.html
INFO: [ app_init ] --START--
INFO: Run Behavior\BuildLiteBehavior [ RunTime:0.000029s ]
INFO: [ app_init ] --END-- [ RunTime:0.000598s ]
INFO: [ app_begin ] --START--
INFO: Run Behavior\ReadHtmlCacheBehavior [ RunTime:0.001187s ]
INFO: [ app_begin ] --END-- [ RunTime:0.001384s ]
NOTIC: [2048] Declaration of Home\Controller\NavigationController::show() should be compatible with that of Think\Controller::show() C:\wamp\www\sdibt_jsj\Admin\Home\Controller\NavigationController.class.php 第 9 行.
SQL: SHOW COLUMNS FROM `news_main` [ RunTime:0.0032s ]
SQL: SELECT COUNT(*) AS tp_count FROM `news_main` WHERE `type_id` = 1 LIMIT 1   [ RunTime:0.0003s ]
SQL: SELECT * FROM `news_main` WHERE `type_id` = 1 ORDER BY addtime desc LIMIT 0,10   [ RunTime:0.0005s ]
SQL: SELECT * FROM `news_main` WHERE `type_id` = 0 ORDER BY news_id asc  [ RunTime:0.0003s ]
SQL: SHOW COLUMNS FROM `home_page` [ RunTime:0.0033s ]
SQL: SELECT * FROM `home_page` WHERE `type_id` = 0 ORDER BY news_id asc  [ RunTime:0.0004s ]
INFO: [ view_parse ] --START--
INFO: [ template_filter ] --START--
INFO: Run Behavior\ContentReplaceBehavior [ RunTime:0.000111s ]
INFO: [ template_filter ] --END-- [ RunTime:0.000335s ]
INFO: Run Behavior\ParseTemplateBehavior [ RunTime:0.022399s ]
INFO: [ view_parse ] --END-- [ RunTime:0.022535s ]
INFO: [ view_filter ] --START--
INFO: Run Behavior\WriteHtmlCacheBehavior [ RunTime:0.000587s ]
INFO: [ view_filter ] --END-- [ RunTime:0.000689s ]
INFO: [ app_end ] --START--
INFO: Run Behavior\ShowPageTraceBehavior [ RunTime:0.000819s ]
INFO: [ app_end ] --END-- [ RunTime:0.000918s ]

[ 2015-10-01T14:15:58+08:00 ] 127.0.0.1 /sdibt_jsj/admin.php/Home/Navigation/ruKou/id/8
INFO: [ app_init ] --START--
INFO: Run Behavior\BuildLiteBehavior [ RunTime:0.000027s ]
INFO: [ app_init ] --END-- [ RunTime:0.000532s ]
INFO: [ app_begin ] --START--
INFO: Run Behavior\ReadHtmlCacheBehavior [ RunTime:0.000931s ]
INFO: [ app_begin ] --END-- [ RunTime:0.001082s ]
NOTIC: [2048] Declaration of Home\Controller\NavigationController::show() should be compatible with that of Think\Controller::show() C:\wamp\www\sdibt_jsj\Admin\Home\Controller\NavigationController.class.php 第 9 行.

[ 2015-10-01T14:15:58+08:00 ] 127.0.0.1 /sdibt_jsj/admin.php/Home/Navigation/show.html
INFO: [ app_init ] --START--
INFO: Run Behavior\BuildLiteBehavior [ RunTime:0.000080s ]
INFO: [ app_init ] --END-- [ RunTime:0.001150s ]
INFO: [ app_begin ] --START--
INFO: Run Behavior\ReadHtmlCacheBehavior [ RunTime:0.000978s ]
INFO: [ app_begin ] --END-- [ RunTime:0.001123s ]
NOTIC: [2048] Declaration of Home\Controller\NavigationController::show() should be compatible with that of Think\Controller::show() C:\wamp\www\sdibt_jsj\Admin\Home\Controller\NavigationController.class.php 第 9 行.
SQL: SHOW COLUMNS FROM `news_main` [ RunTime:0.0038s ]
SQL: SELECT COUNT(*) AS tp_count FROM `news_main` WHERE `type_id` = 8 LIMIT 1   [ RunTime:0.0008s ]
SQL: SELECT * FROM `news_main` WHERE `type_id` = 8 ORDER BY addtime desc LIMIT 0,10   [ RunTime:0.0005s ]
SQL: SELECT * FROM `news_main` WHERE `type_id` = 0 ORDER BY news_id asc  [ RunTime:0.0003s ]
SQL: SHOW COLUMNS FROM `home_page` [ RunTime:0.0032s ]
SQL: SELECT * FROM `home_page` WHERE `type_id` = 0 ORDER BY news_id asc  [ RunTime:0.0004s ]
INFO: [ view_parse ] --START--
INFO: [ template_filter ] --START--
INFO: Run Behavior\ContentReplaceBehavior [ RunTime:0.000106s ]
INFO: [ template_filter ] --END-- [ RunTime:0.000224s ]
INFO: Run Behavior\ParseTemplateBehavior [ RunTime:0.036235s ]
INFO: [ view_parse ] --END-- [ RunTime:0.036401s ]
INFO: [ view_filter ] --START--
INFO: Run Behavior\WriteHtmlCacheBehavior [ RunTime:0.000675s ]
INFO: [ view_filter ] --END-- [ RunTime:0.000786s ]
INFO: [ app_end ] --START--
INFO: Run Behavior\ShowPageTraceBehavior [ RunTime:0.000825s ]
INFO: [ app_end ] --END-- [ RunTime:0.000937s ]

[ 2015-10-01T14:15:59+08:00 ] 127.0.0.1 /sdibt_jsj/admin.php/Home/Navigation/showSet.html
INFO: [ app_init ] --START--
INFO: Run Behavior\BuildLiteBehavior [ RunTime:0.000030s ]
INFO: [ app_init ] --END-- [ RunTime:0.000544s ]
INFO: [ app_begin ] --START--
INFO: Run Behavior\ReadHtmlCacheBehavior [ RunTime:0.001297s ]
INFO: [ app_begin ] --END-- [ RunTime:0.001423s ]
NOTIC: [2048] Declaration of Home\Controller\NavigationController::show() should be compatible with that of Think\Controller::show() C:\wamp\www\sdibt_jsj\Admin\Home\Controller\NavigationController.class.php 第 9 行.
SQL: SHOW COLUMNS FROM `news_main` [ RunTime:0.0042s ]
SQL: SELECT COUNT(*) AS tp_count FROM `news_main` WHERE `type_id` = 0 LIMIT 1   [ RunTime:0.0003s ]
SQL: SELECT * FROM `news_main` WHERE `type_id` = 0 ORDER BY news_id asc LIMIT 0,10   [ RunTime:0.0004s ]
SQL: SELECT * FROM `news_main` WHERE `type_id` = 0 ORDER BY news_id asc  [ RunTime:0.0003s ]
NOTIC: [8] Undefined variable: id C:\wamp\www\sdibt_jsj\Admin\Home\Controller\NavigationController.class.php 第 204 行.
NOTIC: [8] Undefined variable: id C:\wamp\www\sdibt_jsj\Admin\Home\Controller\NavigationController.class.php 第 204 行.
NOTIC: [8] Undefined variable: id C:\wamp\www\sdibt_jsj\Admin\Home\Controller\NavigationController.class.php 第 204 行.
NOTIC: [8] Undefined variable: id C:\wamp\www\sdibt_jsj\Admin\Home\Controller\NavigationController.class.php 第 204 行.
NOTIC: [8] Undefined variable: id C:\wamp\www\sdibt_jsj\Admin\Home\Controller\NavigationController.class.php 第 204 行.
NOTIC: [8] Undefined variable: id C:\wamp\www\sdibt_jsj\Admin\Home\Controller\NavigationController.class.php 第 204 行.
NOTIC: [8] Undefined variable: id C:\wamp\www\sdibt_jsj\Admin\Home\Controller\NavigationController.class.php 第 204 行.
NOTIC: [8] Undefined variable: id C:\wamp\www\sdibt_jsj\Admin\Home\Controller\NavigationController.class.php 第 204 行.
NOTIC: [8] Undefined variable: til C:\wamp\www\sdibt_jsj\Admin\Home\Controller\NavigationController.class.php 第 208 行.
SQL: SHOW COLUMNS FROM `home_page` [ RunTime:0.0035s ]
SQL: SELECT * FROM `home_page` WHERE `type_id` = 0 ORDER BY news_id asc  [ RunTime:0.0009s ]
INFO: [ view_parse ] --START--
INFO: [ template_filter ] --START--
INFO: Run Behavior\ContentReplaceBehavior [ RunTime:0.000112s ]
INFO: [ template_filter ] --END-- [ RunTime:0.000281s ]
INFO: Run Behavior\ParseTemplateBehavior [ RunTime:0.034969s ]
INFO: [ view_parse ] --END-- [ RunTime:0.035117s ]
INFO: [ view_filter ] --START--
INFO: Run Behavior\WriteHtmlCacheBehavior [ RunTime:0.000624s ]
INFO: [ view_filter ] --END-- [ RunTime:0.000737s ]
INFO: [ app_end ] --START--
INFO: Run Behavior\ShowPageTraceBehavior [ RunTime:0.000889s ]
INFO: [ app_end ] --END-- [ RunTime:0.001001s ]

[ 2015-10-01T14:16:01+08:00 ] 127.0.0.1 /sdibt_jsj/admin.php/Home/Admin/change.html
INFO: [ app_init ] --START--
INFO: Run Behavior\BuildLiteBehavior [ RunTime:0.000028s ]
INFO: [ app_init ] --END-- [ RunTime:0.000644s ]
INFO: [ app_begin ] --START--
INFO: Run Behavior\ReadHtmlCacheBehavior [ RunTime:0.000898s ]
INFO: [ app_begin ] --END-- [ RunTime:0.000997s ]

[ 2015-10-01T14:16:01+08:00 ] 127.0.0.1 /sdibt_jsj/admin.php/Home/Navigation/showSet.html
INFO: [ app_init ] --START--
INFO: Run Behavior\BuildLiteBehavior [ RunTime:0.000055s ]
INFO: [ app_init ] --END-- [ RunTime:0.000876s ]
INFO: [ app_begin ] --START--
INFO: Run Behavior\ReadHtmlCacheBehavior [ RunTime:0.000804s ]
INFO: [ app_begin ] --END-- [ RunTime:0.000925s ]
NOTIC: [2048] Declaration of Home\Controller\NavigationController::show() should be compatible with that of Think\Controller::show() C:\wamp\www\sdibt_jsj\Admin\Home\Controller\NavigationController.class.php 第 9 行.
SQL: SHOW COLUMNS FROM `news_main` [ RunTime:0.0030s ]
SQL: SELECT COUNT(*) AS tp_count FROM `news_main` WHERE `type_id` = 0 LIMIT 1   [ RunTime:0.0003s ]
SQL: SELECT * FROM `news_main` WHERE `type_id` = 0 ORDER BY news_id asc LIMIT 0,10   [ RunTime:0.0005s ]
SQL: SELECT * FROM `news_main` WHERE `type_id` = 0 ORDER BY news_id asc  [ RunTime:0.0004s ]
NOTIC: [8] Undefined variable: id C:\wamp\www\sdibt_jsj\Admin\Home\Controller\NavigationController.class.php 第 204 行.
NOTIC: [8] Undefined variable: id C:\wamp\www\sdibt_jsj\Admin\Home\Controller\NavigationController.class.php 第 204 行.
NOTIC: [8] Undefined variable: id C:\wamp\www\sdibt_jsj\Admin\Home\Controller\NavigationController.class.php 第 204 行.
NOTIC: [8] Undefined variable: id C:\wamp\www\sdibt_jsj\Admin\Home\Controller\NavigationController.class.php 第 204 行.
NOTIC: [8] Undefined variable: id C:\wamp\www\sdibt_jsj\Admin\Home\Controller\NavigationController.class.php 第 204 行.
NOTIC: [8] Undefined variable: id C:\wamp\www\sdibt_jsj\Admin\Home\Controller\NavigationController.class.php 第 204 行.
NOTIC: [8] Undefined variable: id C:\wamp\www\sdibt_jsj\Admin\Home\Controller\NavigationController.class.php 第 204 行.
NOTIC: [8] Undefined variable: id C:\wamp\www\sdibt_jsj\Admin\Home\Controller\NavigationController.class.php 第 204 行.
NOTIC: [8] Undefined variable: til C:\wamp\www\sdibt_jsj\Admin\Home\Controller\NavigationController.class.php 第 208 行.
SQL: SHOW COLUMNS FROM `home_page` [ RunTime:0.0034s ]
SQL: SELECT * FROM `home_page` WHERE `type_id` = 0 ORDER BY news_id asc  [ RunTime:0.0004s ]
INFO: [ view_parse ] --START--
INFO: [ template_filter ] --START--
INFO: Run Behavior\ContentReplaceBehavior [ RunTime:0.000119s ]
INFO: [ template_filter ] --END-- [ RunTime:0.000266s ]
INFO: Run Behavior\ParseTemplateBehavior [ RunTime:0.023715s ]
INFO: [ view_parse ] --END-- [ RunTime:0.023884s ]
INFO: [ view_filter ] --START--
INFO: Run Behavior\WriteHtmlCacheBehavior [ RunTime:0.000570s ]
INFO: [ view_filter ] --END-- [ RunTime:0.000677s ]
INFO: [ app_end ] --START--
INFO: Run Behavior\ShowPageTraceBehavior [ RunTime:0.000753s ]
INFO: [ app_end ] --END-- [ RunTime:0.000863s ]

[ 2015-10-01T14:16:02+08:00 ] 127.0.0.1 /sdibt_jsj/admin.php/Home/HomePage/showSet.html
INFO: [ app_init ] --START--
INFO: Run Behavior\BuildLiteBehavior [ RunTime:0.000030s ]
INFO: [ app_init ] --END-- [ RunTime:0.000874s ]
INFO: [ app_begin ] --START--
INFO: Run Behavior\ReadHtmlCacheBehavior [ RunTime:0.000732s ]
INFO: [ app_begin ] --END-- [ RunTime:0.000852s ]
NOTIC: [2048] Declaration of Home\Controller\HomePageController::show() should be compatible with that of Think\Controller::show() C:\wamp\www\sdibt_jsj\Admin\Home\Controller\HomePageController.class.php 第 6 行.
SQL: SHOW COLUMNS FROM `home_page` [ RunTime:0.0031s ]
SQL: SELECT COUNT(*) AS tp_count FROM `home_page` WHERE `type_id` = 0 LIMIT 1   [ RunTime:0.0003s ]
SQL: SELECT * FROM `home_page` WHERE `type_id` = 0 ORDER BY news_id asc LIMIT 0,10   [ RunTime:0.0004s ]
SQL: SHOW COLUMNS FROM `news_main` [ RunTime:0.0044s ]
SQL: SELECT * FROM `news_main` WHERE `type_id` = 0 ORDER BY news_id asc  [ RunTime:0.0009s ]
SQL: SELECT * FROM `home_page` WHERE `type_id` = 0 ORDER BY news_id asc  [ RunTime:0.0010s ]
NOTIC: [8] Undefined variable: id C:\wamp\www\sdibt_jsj\Admin\Home\Controller\HomePageController.class.php 第 207 行.
NOTIC: [8] Undefined variable: id C:\wamp\www\sdibt_jsj\Admin\Home\Controller\HomePageController.class.php 第 207 行.
NOTIC: [8] Undefined variable: id C:\wamp\www\sdibt_jsj\Admin\Home\Controller\HomePageController.class.php 第 207 行.
NOTIC: [8] Undefined variable: id C:\wamp\www\sdibt_jsj\Admin\Home\Controller\HomePageController.class.php 第 207 行.
NOTIC: [8] Undefined variable: id C:\wamp\www\sdibt_jsj\Admin\Home\Controller\HomePageController.class.php 第 207 行.
NOTIC: [8] Undefined variable: til C:\wamp\www\sdibt_jsj\Admin\Home\Controller\HomePageController.class.php 第 211 行.
INFO: [ view_parse ] --START--
INFO: [ template_filter ] --START--
INFO: Run Behavior\ContentReplaceBehavior [ RunTime:0.000115s ]
INFO: [ template_filter ] --END-- [ RunTime:0.000243s ]
INFO: Run Behavior\ParseTemplateBehavior [ RunTime:0.035346s ]
INFO: [ view_parse ] --END-- [ RunTime:0.035503s ]
INFO: [ view_filter ] --START--
INFO: Run Behavior\WriteHtmlCacheBehavior [ RunTime:0.000339s ]
INFO: [ view_filter ] --END-- [ RunTime:0.000443s ]
INFO: [ app_end ] --START--
INFO: Run Behavior\ShowPageTraceBehavior [ RunTime:0.000577s ]
INFO: [ app_end ] --END-- [ RunTime:0.000685s ]

[ 2015-10-01T14:16:03+08:00 ] 127.0.0.1 /sdibt_jsj/admin.php/Home/HomePage/showPic.html
INFO: [ app_init ] --START--
INFO: Run Behavior\BuildLiteBehavior [ RunTime:0.000030s ]
INFO: [ app_init ] --END-- [ RunTime:0.000526s ]
INFO: [ app_begin ] --START--
INFO: Run Behavior\ReadHtmlCacheBehavior [ RunTime:0.000836s ]
INFO: [ app_begin ] --END-- [ RunTime:0.000988s ]
NOTIC: [2048] Declaration of Home\Controller\HomePageController::show() should be compatible with that of Think\Controller::show() C:\wamp\www\sdibt_jsj\Admin\Home\Controller\HomePageController.class.php 第 6 行.
SQL: SHOW COLUMNS FROM `showpic` [ RunTime:0.0030s ]
SQL: SELECT COUNT(*) AS tp_count FROM `showpic` LIMIT 1   [ RunTime:0.0005s ]
SQL: SELECT * FROM `showpic` ORDER BY id asc LIMIT 0,10   [ RunTime:0.0004s ]
SQL: SHOW COLUMNS FROM `news_main` [ RunTime:0.0043s ]
SQL: SELECT * FROM `news_main` WHERE `type_id` = 0 ORDER BY news_id asc  [ RunTime:0.0005s ]
SQL: SHOW COLUMNS FROM `home_page` [ RunTime:0.0030s ]
SQL: SELECT * FROM `home_page` WHERE `type_id` = 0 ORDER BY news_id asc  [ RunTime:0.0004s ]
NOTIC: [8] Undefined variable: id C:\wamp\www\sdibt_jsj\Admin\Home\Controller\HomePageController.class.php 第 350 行.
NOTIC: [8] Undefined variable: id C:\wamp\www\sdibt_jsj\Admin\Home\Controller\HomePageController.class.php 第 350 行.
NOTIC: [8] Undefined variable: id C:\wamp\www\sdibt_jsj\Admin\Home\Controller\HomePageController.class.php 第 350 行.
NOTIC: [8] Undefined variable: id C:\wamp\www\sdibt_jsj\Admin\Home\Controller\HomePageController.class.php 第 350 行.
NOTIC: [8] Undefined variable: id C:\wamp\www\sdibt_jsj\Admin\Home\Controller\HomePageController.class.php 第 350 行.
NOTIC: [8] Undefined variable: til C:\wamp\www\sdibt_jsj\Admin\Home\Controller\HomePageController.class.php 第 354 行.
INFO: [ view_parse ] --START--
INFO: [ template_filter ] --START--
INFO: Run Behavior\ContentReplaceBehavior [ RunTime:0.000124s ]
INFO: [ template_filter ] --END-- [ RunTime:0.000256s ]
INFO: Run Behavior\ParseTemplateBehavior [ RunTime:0.033542s ]
INFO: [ view_parse ] --END-- [ RunTime:0.033687s ]
INFO: [ view_filter ] --START--
INFO: Run Behavior\WriteHtmlCacheBehavior [ RunTime:0.000365s ]
INFO: [ view_filter ] --END-- [ RunTime:0.000487s ]
INFO: [ app_end ] --START--
INFO: Run Behavior\ShowPageTraceBehavior [ RunTime:0.000633s ]
INFO: [ app_end ] --END-- [ RunTime:0.000736s ]

[ 2015-10-01T14:16:06+08:00 ] 127.0.0.1 /sdibt_jsj/admin.php/Home/HomePage/changePic/id/7
INFO: [ app_init ] --START--
INFO: Run Behavior\BuildLiteBehavior [ RunTime:0.000032s ]
INFO: [ app_init ] --END-- [ RunTime:0.000702s ]
INFO: [ app_begin ] --START--
INFO: Run Behavior\ReadHtmlCacheBehavior [ RunTime:0.001520s ]
INFO: [ app_begin ] --END-- [ RunTime:0.001775s ]
NOTIC: [2048] Declaration of Home\Controller\HomePageController::show() should be compatible with that of Think\Controller::show() C:\wamp\www\sdibt_jsj\Admin\Home\Controller\HomePageController.class.php 第 6 行.
SQL: SHOW COLUMNS FROM `showpic` [ RunTime:0.0030s ]
SQL: SELECT * FROM `showpic` WHERE `id` = 7  [ RunTime:0.0004s ]
SQL: UPDATE `showpic` SET `id`='7',`isshow`='0',`title`='ACM',`content`='ACM程序设计大赛',`pic_url`='showimage/3_9afebaee12.jpg' WHERE `id` = 7 [ RunTime:0.3236s ]

[ 2015-10-01T14:16:06+08:00 ] 127.0.0.1 /sdibt_jsj/admin.php/Home/HomePage/showPic.html
INFO: [ app_init ] --START--
INFO: Run Behavior\BuildLiteBehavior [ RunTime:0.000030s ]
INFO: [ app_init ] --END-- [ RunTime:0.000620s ]
INFO: [ app_begin ] --START--
INFO: Run Behavior\ReadHtmlCacheBehavior [ RunTime:0.000775s ]
INFO: [ app_begin ] --END-- [ RunTime:0.000911s ]
NOTIC: [2048] Declaration of Home\Controller\HomePageController::show() should be compatible with that of Think\Controller::show() C:\wamp\www\sdibt_jsj\Admin\Home\Controller\HomePageController.class.php 第 6 行.
SQL: SHOW COLUMNS FROM `showpic` [ RunTime:0.0038s ]
SQL: SELECT COUNT(*) AS tp_count FROM `showpic` LIMIT 1   [ RunTime:0.0009s ]
SQL: SELECT * FROM `showpic` ORDER BY id asc LIMIT 0,10   [ RunTime:0.0005s ]
SQL: SHOW COLUMNS FROM `news_main` [ RunTime:0.0033s ]
SQL: SELECT * FROM `news_main` WHERE `type_id` = 0 ORDER BY news_id asc  [ RunTime:0.0005s ]
SQL: SHOW COLUMNS FROM `home_page` [ RunTime:0.0042s ]
SQL: SELECT * FROM `home_page` WHERE `type_id` = 0 ORDER BY news_id asc  [ RunTime:0.0004s ]
NOTIC: [8] Undefined variable: id C:\wamp\www\sdibt_jsj\Admin\Home\Controller\HomePageController.class.php 第 350 行.
NOTIC: [8] Undefined variable: id C:\wamp\www\sdibt_jsj\Admin\Home\Controller\HomePageController.class.php 第 350 行.
NOTIC: [8] Undefined variable: id C:\wamp\www\sdibt_jsj\Admin\Home\Controller\HomePageController.class.php 第 350 行.
NOTIC: [8] Undefined variable: id C:\wamp\www\sdibt_jsj\Admin\Home\Controller\HomePageController.class.php 第 350 行.
NOTIC: [8] Undefined variable: id C:\wamp\www\sdibt_jsj\Admin\Home\Controller\HomePageController.class.php 第 350 行.
NOTIC: [8] Undefined variable: til C:\wamp\www\sdibt_jsj\Admin\Home\Controller\HomePageController.class.php 第 354 行.
INFO: [ view_parse ] --START--
INFO: [ template_filter ] --START--
INFO: Run Behavior\ContentReplaceBehavior [ RunTime:0.000116s ]
INFO: [ template_filter ] --END-- [ RunTime:0.000263s ]
INFO: Run Behavior\ParseTemplateBehavior [ RunTime:0.019883s ]
INFO: [ view_parse ] --END-- [ RunTime:0.020014s ]
INFO: [ view_filter ] --START--
INFO: Run Behavior\WriteHtmlCacheBehavior [ RunTime:0.000445s ]
INFO: [ view_filter ] --END-- [ RunTime:0.000545s ]
INFO: [ app_end ] --START--
INFO: Run Behavior\ShowPageTraceBehavior [ RunTime:0.000708s ]
INFO: [ app_end ] --END-- [ RunTime:0.000811s ]

[ 2015-10-01T14:16:08+08:00 ] 127.0.0.1 /sdibt_jsj/admin.php/Home/HomePage/changePic/id/7
INFO: [ app_init ] --START--
INFO: Run Behavior\BuildLiteBehavior [ RunTime:0.000056s ]
INFO: [ app_init ] --END-- [ RunTime:0.000919s ]
INFO: [ app_begin ] --START--
INFO: Run Behavior\ReadHtmlCacheBehavior [ RunTime:0.000803s ]
INFO: [ app_begin ] --END-- [ RunTime:0.000966s ]
NOTIC: [2048] Declaration of Home\Controller\HomePageController::show() should be compatible with that of Think\Controller::show() C:\wamp\www\sdibt_jsj\Admin\Home\Controller\HomePageController.class.php 第 6 行.
SQL: SHOW COLUMNS FROM `showpic` [ RunTime:0.0032s ]
SQL: SELECT * FROM `showpic` WHERE `id` = 7  [ RunTime:0.0004s ]
SQL: UPDATE `showpic` SET `id`='7',`isshow`='1',`title`='ACM',`content`='ACM程序设计大赛',`pic_url`='showimage/3_9afebaee12.jpg' WHERE `id` = 7 [ RunTime:0.0567s ]

[ 2015-10-01T14:16:08+08:00 ] 127.0.0.1 /sdibt_jsj/admin.php/Home/HomePage/showPic.html
INFO: [ app_init ] --START--
INFO: Run Behavior\BuildLiteBehavior [ RunTime:0.000028s ]
INFO: [ app_init ] --END-- [ RunTime:0.000521s ]
INFO: [ app_begin ] --START--
INFO: Run Behavior\ReadHtmlCacheBehavior [ RunTime:0.001536s ]
INFO: [ app_begin ] --END-- [ RunTime:0.001793s ]
NOTIC: [2048] Declaration of Home\Controller\HomePageController::show() should be compatible with that of Think\Controller::show() C:\wamp\www\sdibt_jsj\Admin\Home\Controller\HomePageController.class.php 第 6 行.
SQL: SHOW COLUMNS FROM `showpic` [ RunTime:0.0038s ]
SQL: SELECT COUNT(*) AS tp_count FROM `showpic` LIMIT 1   [ RunTime:0.0003s ]
SQL: SELECT * FROM `showpic` ORDER BY id asc LIMIT 0,10   [ RunTime:0.0019s ]
SQL: SHOW COLUMNS FROM `news_main` [ RunTime:0.0043s ]
SQL: SELECT * FROM `news_main` WHERE `type_id` = 0 ORDER BY news_id asc  [ RunTime:0.0004s ]
SQL: SHOW COLUMNS FROM `home_page` [ RunTime:0.0031s ]
SQL: SELECT * FROM `home_page` WHERE `type_id` = 0 ORDER BY news_id asc  [ RunTime:0.0004s ]
NOTIC: [8] Undefined variable: id C:\wamp\www\sdibt_jsj\Admin\Home\Controller\HomePageController.class.php 第 350 行.
NOTIC: [8] Undefined variable: id C:\wamp\www\sdibt_jsj\Admin\Home\Controller\HomePageController.class.php 第 350 行.
NOTIC: [8] Undefined variable: id C:\wamp\www\sdibt_jsj\Admin\Home\Controller\HomePageController.class.php 第 350 行.
NOTIC: [8] Undefined variable: id C:\wamp\www\sdibt_jsj\Admin\Home\Controller\HomePageController.class.php 第 350 行.
NOTIC: [8] Undefined variable: id C:\wamp\www\sdibt_jsj\Admin\Home\Controller\HomePageController.class.php 第 350 行.
NOTIC: [8] Undefined variable: til C:\wamp\www\sdibt_jsj\Admin\Home\Controller\HomePageController.class.php 第 354 行.
INFO: [ view_parse ] --START--
INFO: [ template_filter ] --START--
INFO: Run Behavior\ContentReplaceBehavior [ RunTime:0.000133s ]
INFO: [ template_filter ] --END-- [ RunTime:0.000297s ]
INFO: Run Behavior\ParseTemplateBehavior [ RunTime:0.021476s ]
INFO: [ view_parse ] --END-- [ RunTime:0.021630s ]
INFO: [ view_filter ] --START--
INFO: Run Behavior\WriteHtmlCacheBehavior [ RunTime:0.001248s ]
INFO: [ view_filter ] --END-- [ RunTime:0.001472s ]
INFO: [ app_end ] --START--
INFO: Run Behavior\ShowPageTraceBehavior [ RunTime:0.001057s ]
INFO: [ app_end ] --END-- [ RunTime:0.001290s ]

[ 2015-10-01T14:20:39+08:00 ] 127.0.0.1 /sdibt_jsj/admin.php
INFO: [ app_init ] --START--
INFO: Run Behavior\BuildLiteBehavior [ RunTime:0.000026s ]
INFO: [ app_init ] --END-- [ RunTime:0.000558s ]
INFO: [ app_begin ] --START--
INFO: Run Behavior\ReadHtmlCacheBehavior [ RunTime:0.000908s ]
INFO: [ app_begin ] --END-- [ RunTime:0.001036s ]

[ 2015-10-01T14:20:40+08:00 ] 127.0.0.1 /sdibt_jsj/admin.php/Home/Admin/index.html
INFO: [ app_init ] --START--
INFO: Run Behavior\BuildLiteBehavior [ RunTime:0.000031s ]
INFO: [ app_init ] --END-- [ RunTime:0.000767s ]
INFO: [ app_begin ] --START--
INFO: Run Behavior\ReadHtmlCacheBehavior [ RunTime:0.001403s ]
INFO: [ app_begin ] --END-- [ RunTime:0.001666s ]
SQL: SHOW COLUMNS FROM `news_main` [ RunTime:0.0043s ]
SQL: SELECT * FROM `news_main` WHERE `type_id` = 0  [ RunTime:0.0007s ]
SQL: SHOW COLUMNS FROM `home_page` [ RunTime:0.0048s ]
SQL: SELECT * FROM `home_page` WHERE `type_id` = 0  [ RunTime:0.0004s ]
INFO: [ view_parse ] --START--
INFO: [ template_filter ] --START--
INFO: Run Behavior\ContentReplaceBehavior [ RunTime:0.000112s ]
INFO: [ template_filter ] --END-- [ RunTime:0.000267s ]
INFO: Run Behavior\ParseTemplateBehavior [ RunTime:0.020612s ]
INFO: [ view_parse ] --END-- [ RunTime:0.020756s ]
INFO: [ view_filter ] --START--
INFO: Run Behavior\WriteHtmlCacheBehavior [ RunTime:0.001114s ]
INFO: [ view_filter ] --END-- [ RunTime:0.001282s ]
INFO: [ app_end ] --START--
INFO: Run Behavior\ShowPageTraceBehavior [ RunTime:0.001471s ]
INFO: [ app_end ] --END-- [ RunTime:0.001642s ]

[ 2015-10-01T14:20:43+08:00 ] 127.0.0.1 /sdibt_jsj/admin.php/Home/Admin/change.html
INFO: [ app_init ] --START--
INFO: Run Behavior\BuildLiteBehavior [ RunTime:0.000025s ]
INFO: [ app_init ] --END-- [ RunTime:0.000497s ]
INFO: [ app_begin ] --START--
INFO: Run Behavior\ReadHtmlCacheBehavior [ RunTime:0.000816s ]
INFO: [ app_begin ] --END-- [ RunTime:0.000922s ]

[ 2015-10-01T14:20:43+08:00 ] 127.0.0.1 /sdibt_jsj/admin.php/Home/Admin/index.html
INFO: [ app_init ] --START--
INFO: Run Behavior\BuildLiteBehavior [ RunTime:0.000028s ]
INFO: [ app_init ] --END-- [ RunTime:0.000718s ]
INFO: [ app_begin ] --START--
INFO: Run Behavior\ReadHtmlCacheBehavior [ RunTime:0.001127s ]
INFO: [ app_begin ] --END-- [ RunTime:0.001268s ]
SQL: SHOW COLUMNS FROM `news_main` [ RunTime:0.0050s ]
SQL: SELECT * FROM `news_main` WHERE `type_id` = 0  [ RunTime:0.0004s ]
SQL: SHOW COLUMNS FROM `home_page` [ RunTime:0.0038s ]
SQL: SELECT * FROM `home_page` WHERE `type_id` = 0  [ RunTime:0.0004s ]
INFO: [ view_parse ] --START--
INFO: [ template_filter ] --START--
INFO: Run Behavior\ContentReplaceBehavior [ RunTime:0.000189s ]
INFO: [ template_filter ] --END-- [ RunTime:0.000370s ]
INFO: Run Behavior\ParseTemplateBehavior [ RunTime:0.020616s ]
INFO: [ view_parse ] --END-- [ RunTime:0.020766s ]
INFO: [ view_filter ] --START--
INFO: Run Behavior\WriteHtmlCacheBehavior [ RunTime:0.000689s ]
INFO: [ view_filter ] --END-- [ RunTime:0.000856s ]
INFO: [ app_end ] --START--
INFO: Run Behavior\ShowPageTraceBehavior [ RunTime:0.001052s ]
INFO: [ app_end ] --END-- [ RunTime:0.001170s ]

[ 2015-10-01T14:20:44+08:00 ] 127.0.0.1 /sdibt_jsj/admin.php/Home/Navigation/showSet.html
INFO: [ app_init ] --START--
INFO: Run Behavior\BuildLiteBehavior [ RunTime:0.000044s ]
INFO: [ app_init ] --END-- [ RunTime:0.000843s ]
INFO: [ app_begin ] --START--
INFO: Run Behavior\ReadHtmlCacheBehavior [ RunTime:0.001050s ]
INFO: [ app_begin ] --END-- [ RunTime:0.001217s ]
NOTIC: [2048] Declaration of Home\Controller\NavigationController::show() should be compatible with that of Think\Controller::show() C:\wamp\www\sdibt_jsj\Admin\Home\Controller\NavigationController.class.php 第 9 行.
SQL: SHOW COLUMNS FROM `news_main` [ RunTime:0.0038s ]
SQL: SELECT COUNT(*) AS tp_count FROM `news_main` WHERE `type_id` = 0 LIMIT 1   [ RunTime:0.0009s ]
SQL: SELECT * FROM `news_main` WHERE `type_id` = 0 ORDER BY news_id asc LIMIT 0,10   [ RunTime:0.0007s ]
SQL: SELECT * FROM `news_main` WHERE `type_id` = 0 ORDER BY news_id asc  [ RunTime:0.0004s ]
NOTIC: [8] Undefined variable: id C:\wamp\www\sdibt_jsj\Admin\Home\Controller\NavigationController.class.php 第 204 行.
NOTIC: [8] Undefined variable: id C:\wamp\www\sdibt_jsj\Admin\Home\Controller\NavigationController.class.php 第 204 行.
NOTIC: [8] Undefined variable: id C:\wamp\www\sdibt_jsj\Admin\Home\Controller\NavigationController.class.php 第 204 行.
NOTIC: [8] Undefined variable: id C:\wamp\www\sdibt_jsj\Admin\Home\Controller\NavigationController.class.php 第 204 行.
NOTIC: [8] Undefined variable: id C:\wamp\www\sdibt_jsj\Admin\Home\Controller\NavigationController.class.php 第 204 行.
NOTIC: [8] Undefined variable: id C:\wamp\www\sdibt_jsj\Admin\Home\Controller\NavigationController.class.php 第 204 行.
NOTIC: [8] Undefined variable: id C:\wamp\www\sdibt_jsj\Admin\Home\Controller\NavigationController.class.php 第 204 行.
NOTIC: [8] Undefined variable: id C:\wamp\www\sdibt_jsj\Admin\Home\Controller\NavigationController.class.php 第 204 行.
NOTIC: [8] Undefined variable: til C:\wamp\www\sdibt_jsj\Admin\Home\Controller\NavigationController.class.php 第 208 行.
SQL: SHOW COLUMNS FROM `home_page` [ RunTime:0.0050s ]
SQL: SELECT * FROM `home_page` WHERE `type_id` = 0 ORDER BY news_id asc  [ RunTime:0.0005s ]
INFO: [ view_parse ] --START--
INFO: [ template_filter ] --START--
INFO: Run Behavior\ContentReplaceBehavior [ RunTime:0.000109s ]
INFO: [ template_filter ] --END-- [ RunTime:0.000257s ]
INFO: Run Behavior\ParseTemplateBehavior [ RunTime:0.022069s ]
INFO: [ view_parse ] --END-- [ RunTime:0.022277s ]
INFO: [ view_filter ] --START--
INFO: Run Behavior\WriteHtmlCacheBehavior [ RunTime:0.000871s ]
INFO: [ view_filter ] --END-- [ RunTime:0.001023s ]
INFO: [ app_end ] --START--
INFO: Run Behavior\ShowPageTraceBehavior [ RunTime:0.001615s ]
INFO: [ app_end ] --END-- [ RunTime:0.001744s ]

[ 2015-10-01T14:20:49+08:00 ] 127.0.0.1 /sdibt_jsj/admin.php/Home/Navigation/ruKou/id/1
INFO: [ app_init ] --START--
INFO: Run Behavior\BuildLiteBehavior [ RunTime:0.000063s ]
INFO: [ app_init ] --END-- [ RunTime:0.001083s ]
INFO: [ app_begin ] --START--
INFO: Run Behavior\ReadHtmlCacheBehavior [ RunTime:0.001103s ]
INFO: [ app_begin ] --END-- [ RunTime:0.001287s ]
NOTIC: [2048] Declaration of Home\Controller\NavigationController::show() should be compatible with that of Think\Controller::show() C:\wamp\www\sdibt_jsj\Admin\Home\Controller\NavigationController.class.php 第 9 行.

[ 2015-10-01T14:20:49+08:00 ] 127.0.0.1 /sdibt_jsj/admin.php/Home/Navigation/show.html
INFO: [ app_init ] --START--
INFO: Run Behavior\BuildLiteBehavior [ RunTime:0.000026s ]
INFO: [ app_init ] --END-- [ RunTime:0.000497s ]
INFO: [ app_begin ] --START--
INFO: Run Behavior\ReadHtmlCacheBehavior [ RunTime:0.000775s ]
INFO: [ app_begin ] --END-- [ RunTime:0.000915s ]
NOTIC: [2048] Declaration of Home\Controller\NavigationController::show() should be compatible with that of Think\Controller::show() C:\wamp\www\sdibt_jsj\Admin\Home\Controller\NavigationController.class.php 第 9 行.
SQL: SHOW COLUMNS FROM `news_main` [ RunTime:0.0048s ]
SQL: SELECT COUNT(*) AS tp_count FROM `news_main` WHERE `type_id` = 1 LIMIT 1   [ RunTime:0.0003s ]
SQL: SELECT * FROM `news_main` WHERE `type_id` = 1 ORDER BY addtime desc LIMIT 0,10   [ RunTime:0.0006s ]
SQL: SELECT * FROM `news_main` WHERE `type_id` = 0 ORDER BY news_id asc  [ RunTime:0.0005s ]
SQL: SHOW COLUMNS FROM `home_page` [ RunTime:0.0031s ]
SQL: SELECT * FROM `home_page` WHERE `type_id` = 0 ORDER BY news_id asc  [ RunTime:0.0004s ]
INFO: [ view_parse ] --START--
INFO: [ template_filter ] --START--
INFO: Run Behavior\ContentReplaceBehavior [ RunTime:0.000190s ]
INFO: [ template_filter ] --END-- [ RunTime:0.000374s ]
INFO: Run Behavior\ParseTemplateBehavior [ RunTime:0.021199s ]
INFO: [ view_parse ] --END-- [ RunTime:0.021365s ]
INFO: [ view_filter ] --START--
INFO: Run Behavior\WriteHtmlCacheBehavior [ RunTime:0.000597s ]
INFO: [ view_filter ] --END-- [ RunTime:0.000700s ]
INFO: [ app_end ] --START--
INFO: Run Behavior\ShowPageTraceBehavior [ RunTime:0.000806s ]
INFO: [ app_end ] --END-- [ RunTime:0.000909s ]

[ 2015-10-01T14:21:02+08:00 ] 127.0.0.1 /sdibt_jsj/admin.php/Home/Navigation/ruKou/id/2
INFO: [ app_init ] --START--
INFO: Run Behavior\BuildLiteBehavior [ RunTime:0.000027s ]
INFO: [ app_init ] --END-- [ RunTime:0.000569s ]
INFO: [ app_begin ] --START--
INFO: Run Behavior\ReadHtmlCacheBehavior [ RunTime:0.001010s ]
INFO: [ app_begin ] --END-- [ RunTime:0.001209s ]
NOTIC: [2048] Declaration of Home\Controller\NavigationController::show() should be compatible with that of Think\Controller::show() C:\wamp\www\sdibt_jsj\Admin\Home\Controller\NavigationController.class.php 第 9 行.

[ 2015-10-01T14:21:02+08:00 ] 127.0.0.1 /sdibt_jsj/admin.php/Home/Navigation/show.html
INFO: [ app_init ] --START--
INFO: Run Behavior\BuildLiteBehavior [ RunTime:0.000028s ]
INFO: [ app_init ] --END-- [ RunTime:0.001065s ]
INFO: [ app_begin ] --START--
INFO: Run Behavior\ReadHtmlCacheBehavior [ RunTime:0.000880s ]
INFO: [ app_begin ] --END-- [ RunTime:0.001023s ]
NOTIC: [2048] Declaration of Home\Controller\NavigationController::show() should be compatible with that of Think\Controller::show() C:\wamp\www\sdibt_jsj\Admin\Home\Controller\NavigationController.class.php 第 9 行.
SQL: SHOW COLUMNS FROM `news_main` [ RunTime:0.0032s ]
SQL: SELECT COUNT(*) AS tp_count FROM `news_main` WHERE `type_id` = 2 LIMIT 1   [ RunTime:0.0003s ]
SQL: SELECT * FROM `news_main` WHERE `type_id` = 2 ORDER BY addtime desc LIMIT 0,10   [ RunTime:0.0004s ]
SQL: SELECT * FROM `news_main` WHERE `type_id` = 0 ORDER BY news_id asc  [ RunTime:0.0003s ]
SQL: SHOW COLUMNS FROM `home_page` [ RunTime:0.0035s ]
SQL: SELECT * FROM `home_page` WHERE `type_id` = 0 ORDER BY news_id asc  [ RunTime:0.0004s ]
INFO: [ view_parse ] --START--
INFO: [ template_filter ] --START--
INFO: Run Behavior\ContentReplaceBehavior [ RunTime:0.000140s ]
INFO: [ template_filter ] --END-- [ RunTime:0.000371s ]
INFO: Run Behavior\ParseTemplateBehavior [ RunTime:0.022979s ]
INFO: [ view_parse ] --END-- [ RunTime:0.023125s ]
INFO: [ view_filter ] --START--
INFO: Run Behavior\WriteHtmlCacheBehavior [ RunTime:0.000536s ]
INFO: [ view_filter ] --END-- [ RunTime:0.000637s ]
INFO: [ app_end ] --START--
INFO: Run Behavior\ShowPageTraceBehavior [ RunTime:0.000730s ]
INFO: [ app_end ] --END-- [ RunTime:0.000848s ]

